
**** Build of configuration Debug for project Lab4 ****

/Applications/ti/ccs1271/ccs/utils/bin/gmake -k -j 7 all -O 
 
Building file: "../main.c"
Invoking: Arm Compiler
"/Applications/ti/ccs1271/ccs/tools/compiler/ti-cgt-arm_20.2.7.LTS/bin/armcl" -mv7M4 --code_state=16 --float_support=FPv4SPD16 -me --include_path="/Users/yashmanojmeshram/Desktop/ /sem 7/Embedded Systems/CCS Projects/Lab4/Lab4" --include_path="/Applications/ti/ccs1271/ccs/tools/compiler/ti-cgt-arm_20.2.7.LTS/include" --define=ccs="ccs" --define=PART_TM4C123GH6PM -g --gcc --diag_warning=225 --diag_wrap=off --display_error_number --abi=eabi --preproc_with_compile --preproc_dependency="main.d_raw"  "../main.c"
 
>> Compilation failure
subdir_rules.mk:7: recipe for target 'main.obj' failed
"../main.c", line 22: error #20: identifier "SYSCTL_RCGC2_R" is undefined
"../main.c", line 23: error #20: identifier "GPIO_PORTF_LOCK_R" is undefined
"../main.c", line 24: error #20: identifier "GPIO_PORTF_CR_R" is undefined
"../main.c", line 25: error #20: identifier "GPIO_PORTF_DEN_R" is undefined
"../main.c", line 26: error #20: identifier "GPIO_PORTF_DIR_R" is undefined
"../main.c", line 27: error #20: identifier "GPIO_PORTF_PUR_R" is undefined
"../main.c", line 30: error #20: identifier "GPIO_PORTF_DATA_R" is undefined
7 errors detected in the compilation of "../main.c".
gmake: *** [main.obj] Error 1
Building file: "../tm4c123gh6pm_startup_ccs.c"
Invoking: Arm Compiler
"/Applications/ti/ccs1271/ccs/tools/compiler/ti-cgt-arm_20.2.7.LTS/bin/armcl" -mv7M4 --code_state=16 --float_support=FPv4SPD16 -me --include_path="/Users/yashmanojmeshram/Desktop/ /sem 7/Embedded Systems/CCS Projects/Lab4/Lab4" --include_path="/Applications/ti/ccs1271/ccs/tools/compiler/ti-cgt-arm_20.2.7.LTS/include" --define=ccs="ccs" --define=PART_TM4C123GH6PM -g --gcc --diag_warning=225 --diag_wrap=off --display_error_number --abi=eabi --preproc_with_compile --preproc_dependency="tm4c123gh6pm_startup_ccs.d_raw"  "../tm4c123gh6pm_startup_ccs.c"
Finished building: "../tm4c123gh6pm_startup_ccs.c"
 
gmake: Target 'all' not remade because of errors.

**** Build Finished ****

**** Build of configuration Debug for project Lab4 ****

/Applications/ti/ccs1271/ccs/utils/bin/gmake -k -j 7 all -O 
 
Building file: "../main.c"
Invoking: Arm Compiler
"/Applications/ti/ccs1271/ccs/tools/compiler/ti-cgt-arm_20.2.7.LTS/bin/armcl" -mv7M4 --code_state=16 --float_support=FPv4SPD16 -me --include_path="/Users/yashmanojmeshram/Desktop/ /sem 7/Embedded Systems/CCS Projects/Lab4/Lab4" --include_path="/Applications/ti/ccs1271/ccs/tools/compiler/ti-cgt-arm_20.2.7.LTS/include" --define=ccs="ccs" --define=PART_TM4C123GH6PM -g --gcc --diag_warning=225 --diag_wrap=off --display_error_number --abi=eabi --preproc_with_compile --preproc_dependency="main.d_raw"  "../main.c"
Finished building: "../main.c"
 
Building target: "Lab4.out"
Invoking: Arm Linker
"/Applications/ti/ccs1271/ccs/tools/compiler/ti-cgt-arm_20.2.7.LTS/bin/armcl" -mv7M4 --code_state=16 --float_support=FPv4SPD16 -me --define=ccs="ccs" --define=PART_TM4C123GH6PM -g --gcc --diag_warning=225 --diag_wrap=off --display_error_number --abi=eabi -z -m"Lab4.map" --heap_size=0 --stack_size=512 -i"/Applications/ti/ccs1271/ccs/tools/compiler/ti-cgt-arm_20.2.7.LTS/lib" -i"/Applications/ti/ccs1271/ccs/tools/compiler/ti-cgt-arm_20.2.7.LTS/include" --reread_libs --diag_wrap=off --display_error_number --warn_sections --xml_link_info="Lab4_linkInfo.xml" --rom_model -o "Lab4.out" "./main.obj" "./tm4c123gh6pm_startup_ccs.obj" "../tm4c123gh6pm.cmd"  -llibc.a 
<Linking>
Finished building target: "Lab4.out"
 

**** Build Finished ****

**** Build of configuration Debug for project Lab4 ****

/Applications/ti/ccs1271/ccs/utils/bin/gmake -k -j 7 all -O 
 
gmake[1]: 'Lab4.out' is up to date.

**** Build Finished ****

**** Build of configuration Debug for project Lab4 ****

/Applications/ti/ccs1271/ccs/utils/bin/gmake -k -j 7 all -O 
 
Building file: "../main.c"
Invoking: Arm Compiler
"/Applications/ti/ccs1271/ccs/tools/compiler/ti-cgt-arm_20.2.7.LTS/bin/armcl" -mv7M4 --code_state=16 --float_support=FPv4SPD16 -me --include_path="/Users/yashmanojmeshram/Desktop/ /sem 7/Embedded Systems/CCS Projects/Lab4/Lab4" --include_path="/Applications/ti/ccs1271/ccs/tools/compiler/ti-cgt-arm_20.2.7.LTS/include" --define=ccs="ccs" --define=PART_TM4C123GH6PM -g --gcc --diag_warning=225 --diag_wrap=off --display_error_number --abi=eabi --preproc_with_compile --preproc_dependency="main.d_raw"  "../main.c"
"../main.c", line 53: warning #112-D: statement is unreachable
Finished building: "../main.c"
 
Building target: "Lab4.out"
Invoking: Arm Linker
"/Applications/ti/ccs1271/ccs/tools/compiler/ti-cgt-arm_20.2.7.LTS/bin/armcl" -mv7M4 --code_state=16 --float_support=FPv4SPD16 -me --define=ccs="ccs" --define=PART_TM4C123GH6PM -g --gcc --diag_warning=225 --diag_wrap=off --display_error_number --abi=eabi -z -m"Lab4.map" --heap_size=0 --stack_size=512 -i"/Applications/ti/ccs1271/ccs/tools/compiler/ti-cgt-arm_20.2.7.LTS/lib" -i"/Applications/ti/ccs1271/ccs/tools/compiler/ti-cgt-arm_20.2.7.LTS/include" --reread_libs --diag_wrap=off --display_error_number --warn_sections --xml_link_info="Lab4_linkInfo.xml" --rom_model -o "Lab4.out" "./main.obj" "./tm4c123gh6pm_startup_ccs.obj" "../tm4c123gh6pm.cmd"  -llibc.a 
<Linking>
Finished building target: "Lab4.out"
 

**** Build Finished ****

**** Build of configuration Debug for project Lab4 ****

/Applications/ti/ccs1271/ccs/utils/bin/gmake -k -j 7 all -O 
 
Building file: "../main.c"
Invoking: Arm Compiler
"/Applications/ti/ccs1271/ccs/tools/compiler/ti-cgt-arm_20.2.7.LTS/bin/armcl" -mv7M4 --code_state=16 --float_support=FPv4SPD16 -me --include_path="/Users/yashmanojmeshram/Desktop/ /sem 7/Embedded Systems/CCS Projects/Lab4/Lab4" --include_path="/Applications/ti/ccs1271/ccs/tools/compiler/ti-cgt-arm_20.2.7.LTS/include" --define=ccs="ccs" --define=PART_TM4C123GH6PM -g --gcc --diag_warning=225 --diag_wrap=off --display_error_number --abi=eabi --preproc_with_compile --preproc_dependency="main.d_raw"  "../main.c"
Finished building: "../main.c"
 
Building target: "Lab4.out"
Invoking: Arm Linker
"/Applications/ti/ccs1271/ccs/tools/compiler/ti-cgt-arm_20.2.7.LTS/bin/armcl" -mv7M4 --code_state=16 --float_support=FPv4SPD16 -me --define=ccs="ccs" --define=PART_TM4C123GH6PM -g --gcc --diag_warning=225 --diag_wrap=off --display_error_number --abi=eabi -z -m"Lab4.map" --heap_size=0 --stack_size=512 -i"/Applications/ti/ccs1271/ccs/tools/compiler/ti-cgt-arm_20.2.7.LTS/lib" -i"/Applications/ti/ccs1271/ccs/tools/compiler/ti-cgt-arm_20.2.7.LTS/include" --reread_libs --diag_wrap=off --display_error_number --warn_sections --xml_link_info="Lab4_linkInfo.xml" --rom_model -o "Lab4.out" "./main.obj" "./tm4c123gh6pm_startup_ccs.obj" "../tm4c123gh6pm.cmd"  -llibc.a 
<Linking>
Finished building target: "Lab4.out"
 

**** Build Finished ****

**** Build of configuration Debug for project Lab4 ****

/Applications/ti/ccs1271/ccs/utils/bin/gmake -k -j 7 all -O 
 
gmake[1]: 'Lab4.out' is up to date.

**** Build Finished ****

**** Build of configuration Debug for project Lab4 ****

/Applications/ti/ccs1271/ccs/utils/bin/gmake -k -j 7 all -O 
 
gmake[1]: 'Lab4.out' is up to date.

**** Build Finished ****

**** Build of configuration Debug for project Lab4 ****

/Applications/ti/ccs1271/ccs/utils/bin/gmake -k -j 7 all -O 
 
Building file: "../main.c"
Invoking: Arm Compiler
"/Applications/ti/ccs1271/ccs/tools/compiler/ti-cgt-arm_20.2.7.LTS/bin/armcl" -mv7M4 --code_state=16 --float_support=FPv4SPD16 -me --include_path="/Users/yashmanojmeshram/Desktop/ /sem 7/Embedded Systems/CCS Projects/Lab4/Lab4" --include_path="/Applications/ti/ccs1271/ccs/tools/compiler/ti-cgt-arm_20.2.7.LTS/include" --define=ccs="ccs" --define=PART_TM4C123GH6PM -g --gcc --diag_warning=225 --diag_wrap=off --display_error_number --abi=eabi --preproc_with_compile --preproc_dependency="main.d_raw"  "../main.c"
Finished building: "../main.c"
 
Building target: "Lab4.out"
Invoking: Arm Linker
"/Applications/ti/ccs1271/ccs/tools/compiler/ti-cgt-arm_20.2.7.LTS/bin/armcl" -mv7M4 --code_state=16 --float_support=FPv4SPD16 -me --define=ccs="ccs" --define=PART_TM4C123GH6PM -g --gcc --diag_warning=225 --diag_wrap=off --display_error_number --abi=eabi -z -m"Lab4.map" --heap_size=0 --stack_size=512 -i"/Applications/ti/ccs1271/ccs/tools/compiler/ti-cgt-arm_20.2.7.LTS/lib" -i"/Applications/ti/ccs1271/ccs/tools/compiler/ti-cgt-arm_20.2.7.LTS/include" --reread_libs --diag_wrap=off --display_error_number --warn_sections --xml_link_info="Lab4_linkInfo.xml" --rom_model -o "Lab4.out" "./main.obj" "./tm4c123gh6pm_startup_ccs.obj" "../tm4c123gh6pm.cmd"  -llibc.a 
<Linking>
Finished building target: "Lab4.out"
 

**** Build Finished ****

**** Build of configuration Debug for project Lab4 ****

/Applications/ti/ccs1271/ccs/utils/bin/gmake -k -j 7 all -O 
 
gmake[1]: 'Lab4.out' is up to date.

**** Build Finished ****

**** Build of configuration Debug for project Lab4 ****

/Applications/ti/ccs1271/ccs/utils/bin/gmake -k -j 7 all -O 
 
Building file: "../main.c"
Invoking: Arm Compiler
"/Applications/ti/ccs1271/ccs/tools/compiler/ti-cgt-arm_20.2.7.LTS/bin/armcl" -mv7M4 --code_state=16 --float_support=FPv4SPD16 -me --include_path="/Users/yashmanojmeshram/Desktop/ /sem 7/Embedded Systems/CCS Projects/Lab4/Lab4" --include_path="/Applications/ti/ccs1271/ccs/tools/compiler/ti-cgt-arm_20.2.7.LTS/include" --define=ccs="ccs" --define=PART_TM4C123GH6PM -g --gcc --diag_warning=225 --diag_wrap=off --display_error_number --abi=eabi --preproc_with_compile --preproc_dependency="main.d_raw"  "../main.c"
Finished building: "../main.c"
 
Building target: "Lab4.out"
Invoking: Arm Linker
"/Applications/ti/ccs1271/ccs/tools/compiler/ti-cgt-arm_20.2.7.LTS/bin/armcl" -mv7M4 --code_state=16 --float_support=FPv4SPD16 -me --define=ccs="ccs" --define=PART_TM4C123GH6PM -g --gcc --diag_warning=225 --diag_wrap=off --display_error_number --abi=eabi -z -m"Lab4.map" --heap_size=0 --stack_size=512 -i"/Applications/ti/ccs1271/ccs/tools/compiler/ti-cgt-arm_20.2.7.LTS/lib" -i"/Applications/ti/ccs1271/ccs/tools/compiler/ti-cgt-arm_20.2.7.LTS/include" --reread_libs --diag_wrap=off --display_error_number --warn_sections --xml_link_info="Lab4_linkInfo.xml" --rom_model -o "Lab4.out" "./main.obj" "./tm4c123gh6pm_startup_ccs.obj" "../tm4c123gh6pm.cmd"  -llibc.a 
<Linking>
Finished building target: "Lab4.out"
 

**** Build Finished ****

**** Build of configuration Debug for project Lab4 ****

/Applications/ti/ccs1271/ccs/utils/bin/gmake -k -j 7 all -O 
 
gmake[1]: 'Lab4.out' is up to date.

**** Build Finished ****

**** Build of configuration Debug for project Lab4 ****

/Applications/ti/ccs1271/ccs/utils/bin/gmake -k -j 7 all -O 
 
gmake[1]: 'Lab4.out' is up to date.

**** Build Finished ****

**** Build of configuration Debug for project Lab4 ****

/Applications/ti/ccs1271/ccs/utils/bin/gmake -k -j 7 all -O 
 
Building file: "../main.c"
Invoking: Arm Compiler
"/Applications/ti/ccs1271/ccs/tools/compiler/ti-cgt-arm_20.2.7.LTS/bin/armcl" -mv7M4 --code_state=16 --float_support=FPv4SPD16 -me --include_path="/Users/yashmanojmeshram/Desktop/ /sem 7/Embedded Systems/CCS Projects/Lab4/Lab4" --include_path="/Applications/ti/ccs1271/ccs/tools/compiler/ti-cgt-arm_20.2.7.LTS/include" --define=ccs="ccs" --define=PART_TM4C123GH6PM -g --gcc --diag_warning=225 --diag_wrap=off --display_error_number --abi=eabi --preproc_with_compile --preproc_dependency="main.d_raw"  "../main.c"
"../main.c", line 53: warning #112-D: statement is unreachable
Finished building: "../main.c"
 
Building target: "Lab4.out"
Invoking: Arm Linker
"/Applications/ti/ccs1271/ccs/tools/compiler/ti-cgt-arm_20.2.7.LTS/bin/armcl" -mv7M4 --code_state=16 --float_support=FPv4SPD16 -me --define=ccs="ccs" --define=PART_TM4C123GH6PM -g --gcc --diag_warning=225 --diag_wrap=off --display_error_number --abi=eabi -z -m"Lab4.map" --heap_size=0 --stack_size=512 -i"/Applications/ti/ccs1271/ccs/tools/compiler/ti-cgt-arm_20.2.7.LTS/lib" -i"/Applications/ti/ccs1271/ccs/tools/compiler/ti-cgt-arm_20.2.7.LTS/include" --reread_libs --diag_wrap=off --display_error_number --warn_sections --xml_link_info="Lab4_linkInfo.xml" --rom_model -o "Lab4.out" "./main.obj" "./tm4c123gh6pm_startup_ccs.obj" "../tm4c123gh6pm.cmd"  -llibc.a 
<Linking>
Finished building target: "Lab4.out"
 

**** Build Finished ****

**** Build of configuration Debug for project Lab4 ****

/Applications/ti/ccs1271/ccs/utils/bin/gmake -k -j 7 all -O 
 
gmake[1]: 'Lab4.out' is up to date.

**** Build Finished ****

**** Build of configuration Debug for project Lab4 ****

/Applications/ti/ccs1271/ccs/utils/bin/gmake -k -j 7 all -O 
 
Building file: "../main.c"
Invoking: Arm Compiler
"/Applications/ti/ccs1271/ccs/tools/compiler/ti-cgt-arm_20.2.7.LTS/bin/armcl" -mv7M4 --code_state=16 --float_support=FPv4SPD16 -me --include_path="/Users/yashmanojmeshram/Desktop/ /sem 7/Embedded Systems/CCS Projects/Lab4/Lab4" --include_path="/Applications/ti/ccs1271/ccs/tools/compiler/ti-cgt-arm_20.2.7.LTS/include" --define=ccs="ccs" --define=PART_TM4C123GH6PM -g --gcc --diag_warning=225 --diag_wrap=off --display_error_number --abi=eabi --preproc_with_compile --preproc_dependency="main.d_raw"  "../main.c"
"../main.c", line 53: warning #112-D: statement is unreachable
Finished building: "../main.c"
 
Building target: "Lab4.out"
Invoking: Arm Linker
"/Applications/ti/ccs1271/ccs/tools/compiler/ti-cgt-arm_20.2.7.LTS/bin/armcl" -mv7M4 --code_state=16 --float_support=FPv4SPD16 -me --define=ccs="ccs" --define=PART_TM4C123GH6PM -g --gcc --diag_warning=225 --diag_wrap=off --display_error_number --abi=eabi -z -m"Lab4.map" --heap_size=0 --stack_size=512 -i"/Applications/ti/ccs1271/ccs/tools/compiler/ti-cgt-arm_20.2.7.LTS/lib" -i"/Applications/ti/ccs1271/ccs/tools/compiler/ti-cgt-arm_20.2.7.LTS/include" --reread_libs --diag_wrap=off --display_error_number --warn_sections --xml_link_info="Lab4_linkInfo.xml" --rom_model -o "Lab4.out" "./main.obj" "./tm4c123gh6pm_startup_ccs.obj" "../tm4c123gh6pm.cmd"  -llibc.a 
<Linking>
Finished building target: "Lab4.out"
 

**** Build Finished ****

**** Build of configuration Debug for project Lab4 ****

/Applications/ti/ccs1271/ccs/utils/bin/gmake -k -j 7 all -O 
 
gmake[1]: 'Lab4.out' is up to date.

**** Build Finished ****

**** Build of configuration Debug for project Lab4 ****

/Applications/ti/ccs1271/ccs/utils/bin/gmake -k -j 7 all -O 
 
Building file: "../main.c"
Invoking: Arm Compiler
"/Applications/ti/ccs1271/ccs/tools/compiler/ti-cgt-arm_20.2.7.LTS/bin/armcl" -mv7M4 --code_state=16 --float_support=FPv4SPD16 -me --include_path="/Users/yashmanojmeshram/Desktop/ /sem 7/Embedded Systems/CCS Projects/Lab4/Lab4" --include_path="/Applications/ti/ccs1271/ccs/tools/compiler/ti-cgt-arm_20.2.7.LTS/include" --define=ccs="ccs" --define=PART_TM4C123GH6PM -g --gcc --diag_warning=225 --diag_wrap=off --display_error_number --abi=eabi --preproc_with_compile --preproc_dependency="main.d_raw"  "../main.c"
"../main.c", line 53: warning #112-D: statement is unreachable
Finished building: "../main.c"
 
Building target: "Lab4.out"
Invoking: Arm Linker
"/Applications/ti/ccs1271/ccs/tools/compiler/ti-cgt-arm_20.2.7.LTS/bin/armcl" -mv7M4 --code_state=16 --float_support=FPv4SPD16 -me --define=ccs="ccs" --define=PART_TM4C123GH6PM -g --gcc --diag_warning=225 --diag_wrap=off --display_error_number --abi=eabi -z -m"Lab4.map" --heap_size=0 --stack_size=512 -i"/Applications/ti/ccs1271/ccs/tools/compiler/ti-cgt-arm_20.2.7.LTS/lib" -i"/Applications/ti/ccs1271/ccs/tools/compiler/ti-cgt-arm_20.2.7.LTS/include" --reread_libs --diag_wrap=off --display_error_number --warn_sections --xml_link_info="Lab4_linkInfo.xml" --rom_model -o "Lab4.out" "./main.obj" "./tm4c123gh6pm_startup_ccs.obj" "../tm4c123gh6pm.cmd"  -llibc.a 
<Linking>
Finished building target: "Lab4.out"
 

**** Build Finished ****

**** Build of configuration Debug for project Lab4 ****

/Applications/ti/ccs1271/ccs/utils/bin/gmake -k -j 7 all -O 
 
gmake[1]: 'Lab4.out' is up to date.

**** Build Finished ****

**** Build of configuration Debug for project Lab4 ****

/Applications/ti/ccs1271/ccs/utils/bin/gmake -k -j 7 all -O 
 
gmake[1]: 'Lab4.out' is up to date.

**** Build Finished ****

**** Build of configuration Debug for project Lab4 ****

/Applications/ti/ccs1271/ccs/utils/bin/gmake -k -j 7 all -O 
 
Building file: "../tm4c123gh6pm_startup_ccs.c"
Invoking: Arm Compiler
"/Applications/ti/ccs1271/ccs/tools/compiler/ti-cgt-arm_20.2.7.LTS/bin/armcl" -mv7M4 --code_state=16 --float_support=FPv4SPD16 -me --include_path="/Users/yashmanojmeshram/Desktop/ /sem 7/Embedded Systems/CCS Projects/Lab4/Lab4" --include_path="/Applications/ti/ccs1271/ccs/tools/compiler/ti-cgt-arm_20.2.7.LTS/include" --define=ccs="ccs" --define=PART_TM4C123GH6PM -g --gcc --diag_warning=225 --diag_wrap=off --display_error_number --abi=eabi --preproc_with_compile --preproc_dependency="tm4c123gh6pm_startup_ccs.d_raw"  "../tm4c123gh6pm_startup_ccs.c"
Finished building: "../tm4c123gh6pm_startup_ccs.c"
 
Building target: "Lab4.out"
Invoking: Arm Linker
"/Applications/ti/ccs1271/ccs/tools/compiler/ti-cgt-arm_20.2.7.LTS/bin/armcl" -mv7M4 --code_state=16 --float_support=FPv4SPD16 -me --define=ccs="ccs" --define=PART_TM4C123GH6PM -g --gcc --diag_warning=225 --diag_wrap=off --display_error_number --abi=eabi -z -m"Lab4.map" --heap_size=0 --stack_size=512 -i"/Applications/ti/ccs1271/ccs/tools/compiler/ti-cgt-arm_20.2.7.LTS/lib" -i"/Applications/ti/ccs1271/ccs/tools/compiler/ti-cgt-arm_20.2.7.LTS/include" --reread_libs --diag_wrap=off --display_error_number --warn_sections --xml_link_info="Lab4_linkInfo.xml" --rom_model -o "Lab4.out" "./main.obj" "./tm4c123gh6pm_startup_ccs.obj" "../tm4c123gh6pm.cmd"  -llibc.a 
<Linking>
Finished building target: "Lab4.out"
 

**** Build Finished ****

**** Build of configuration Debug for project Lab4 ****

/Applications/ti/ccs1271/ccs/utils/bin/gmake -k -j 7 all -O 
 
gmake[1]: 'Lab4.out' is up to date.

**** Build Finished ****

**** Build of configuration Debug for project Lab4 ****

/Applications/ti/ccs1271/ccs/utils/bin/gmake -k -j 7 all -O 
 
Building file: "../main.c"
Invoking: Arm Compiler
"/Applications/ti/ccs1271/ccs/tools/compiler/ti-cgt-arm_20.2.7.LTS/bin/armcl" -mv7M4 --code_state=16 --float_support=FPv4SPD16 -me --include_path="/Users/yashmanojmeshram/Desktop/ /sem 7/Embedded Systems/CCS Projects/Lab4/Lab4" --include_path="/Applications/ti/ccs1271/ccs/tools/compiler/ti-cgt-arm_20.2.7.LTS/include" --define=ccs="ccs" --define=PART_TM4C123GH6PM -g --gcc --diag_warning=225 --diag_wrap=off --display_error_number --abi=eabi --preproc_with_compile --preproc_dependency="main.d_raw"  "../main.c"
"../main.c", line 53: warning #112-D: statement is unreachable
Finished building: "../main.c"
 
Building target: "Lab4.out"
Invoking: Arm Linker
"/Applications/ti/ccs1271/ccs/tools/compiler/ti-cgt-arm_20.2.7.LTS/bin/armcl" -mv7M4 --code_state=16 --float_support=FPv4SPD16 -me --define=ccs="ccs" --define=PART_TM4C123GH6PM -g --gcc --diag_warning=225 --diag_wrap=off --display_error_number --abi=eabi -z -m"Lab4.map" --heap_size=0 --stack_size=512 -i"/Applications/ti/ccs1271/ccs/tools/compiler/ti-cgt-arm_20.2.7.LTS/lib" -i"/Applications/ti/ccs1271/ccs/tools/compiler/ti-cgt-arm_20.2.7.LTS/include" --reread_libs --diag_wrap=off --display_error_number --warn_sections --xml_link_info="Lab4_linkInfo.xml" --rom_model -o "Lab4.out" "./main.obj" "./tm4c123gh6pm_startup_ccs.obj" "../tm4c123gh6pm.cmd"  -llibc.a 
<Linking>
Finished building target: "Lab4.out"
 

**** Build Finished ****

**** Build of configuration Debug for project Lab4 ****

/Applications/ti/ccs1271/ccs/utils/bin/gmake -k -j 7 all -O 
 
gmake[1]: 'Lab4.out' is up to date.

**** Build Finished ****

**** Build of configuration Debug for project Lab4 ****

/Applications/ti/ccs1271/ccs/utils/bin/gmake -k -j 7 all -O 
 
Building file: "../main.c"
Invoking: Arm Compiler
"/Applications/ti/ccs1271/ccs/tools/compiler/ti-cgt-arm_20.2.7.LTS/bin/armcl" -mv7M4 --code_state=16 --float_support=FPv4SPD16 -me --include_path="/Users/yashmanojmeshram/Desktop/ /sem 7/Embedded Systems/CCS Projects/Lab4/Lab4" --include_path="/Applications/ti/ccs1271/ccs/tools/compiler/ti-cgt-arm_20.2.7.LTS/include" --define=ccs="ccs" --define=PART_TM4C123GH6PM -g --gcc --diag_warning=225 --diag_wrap=off --display_error_number --abi=eabi --preproc_with_compile --preproc_dependency="main.d_raw"  "../main.c"
"../main.c", line 53: warning #112-D: statement is unreachable
Finished building: "../main.c"
 
Building target: "Lab4.out"
Invoking: Arm Linker
"/Applications/ti/ccs1271/ccs/tools/compiler/ti-cgt-arm_20.2.7.LTS/bin/armcl" -mv7M4 --code_state=16 --float_support=FPv4SPD16 -me --define=ccs="ccs" --define=PART_TM4C123GH6PM -g --gcc --diag_warning=225 --diag_wrap=off --display_error_number --abi=eabi -z -m"Lab4.map" --heap_size=0 --stack_size=512 -i"/Applications/ti/ccs1271/ccs/tools/compiler/ti-cgt-arm_20.2.7.LTS/lib" -i"/Applications/ti/ccs1271/ccs/tools/compiler/ti-cgt-arm_20.2.7.LTS/include" --reread_libs --diag_wrap=off --display_error_number --warn_sections --xml_link_info="Lab4_linkInfo.xml" --rom_model -o "Lab4.out" "./main.obj" "./tm4c123gh6pm_startup_ccs.obj" "../tm4c123gh6pm.cmd"  -llibc.a 
<Linking>
Finished building target: "Lab4.out"
 

**** Build Finished ****

**** Build of configuration Debug for project Lab4 ****

/Applications/ti/ccs1271/ccs/utils/bin/gmake -k -j 7 all -O 
 
Building file: "../main.c"
Invoking: Arm Compiler
"/Applications/ti/ccs1271/ccs/tools/compiler/ti-cgt-arm_20.2.7.LTS/bin/armcl" -mv7M4 --code_state=16 --float_support=FPv4SPD16 -me --include_path="/Users/yashmanojmeshram/Desktop/ /sem 7/Embedded Systems/CCS Projects/Lab4/Lab4" --include_path="/Applications/ti/ccs1271/ccs/tools/compiler/ti-cgt-arm_20.2.7.LTS/include" --define=ccs="ccs" --define=PART_TM4C123GH6PM -g --gcc --diag_warning=225 --diag_wrap=off --display_error_number --abi=eabi --preproc_with_compile --preproc_dependency="main.d_raw"  "../main.c"
"../main.c", line 53: warning #112-D: statement is unreachable
Finished building: "../main.c"
 
Building target: "Lab4.out"
Invoking: Arm Linker
"/Applications/ti/ccs1271/ccs/tools/compiler/ti-cgt-arm_20.2.7.LTS/bin/armcl" -mv7M4 --code_state=16 --float_support=FPv4SPD16 -me --define=ccs="ccs" --define=PART_TM4C123GH6PM -g --gcc --diag_warning=225 --diag_wrap=off --display_error_number --abi=eabi -z -m"Lab4.map" --heap_size=0 --stack_size=512 -i"/Applications/ti/ccs1271/ccs/tools/compiler/ti-cgt-arm_20.2.7.LTS/lib" -i"/Applications/ti/ccs1271/ccs/tools/compiler/ti-cgt-arm_20.2.7.LTS/include" --reread_libs --diag_wrap=off --display_error_number --warn_sections --xml_link_info="Lab4_linkInfo.xml" --rom_model -o "Lab4.out" "./main.obj" "./tm4c123gh6pm_startup_ccs.obj" "../tm4c123gh6pm.cmd"  -llibc.a 
<Linking>
Finished building target: "Lab4.out"
 

**** Build Finished ****

**** Build of configuration Debug for project Lab4 ****

/Applications/ti/ccs1271/ccs/utils/bin/gmake -k -j 7 all -O 
 
Building file: "../main.c"
Invoking: Arm Compiler
"/Applications/ti/ccs1271/ccs/tools/compiler/ti-cgt-arm_20.2.7.LTS/bin/armcl" -mv7M4 --code_state=16 --float_support=FPv4SPD16 -me --include_path="/Users/yashmanojmeshram/Desktop/ /sem 7/Embedded Systems/CCS Projects/Lab4/Lab4" --include_path="/Applications/ti/ccs1271/ccs/tools/compiler/ti-cgt-arm_20.2.7.LTS/include" --define=ccs="ccs" --define=PART_TM4C123GH6PM -g --gcc --diag_warning=225 --diag_wrap=off --display_error_number --abi=eabi --preproc_with_compile --preproc_dependency="main.d_raw"  "../main.c"
Finished building: "../main.c"
 
Building target: "Lab4.out"
Invoking: Arm Linker
"/Applications/ti/ccs1271/ccs/tools/compiler/ti-cgt-arm_20.2.7.LTS/bin/armcl" -mv7M4 --code_state=16 --float_support=FPv4SPD16 -me --define=ccs="ccs" --define=PART_TM4C123GH6PM -g --gcc --diag_warning=225 --diag_wrap=off --display_error_number --abi=eabi -z -m"Lab4.map" --heap_size=0 --stack_size=512 -i"/Applications/ti/ccs1271/ccs/tools/compiler/ti-cgt-arm_20.2.7.LTS/lib" -i"/Applications/ti/ccs1271/ccs/tools/compiler/ti-cgt-arm_20.2.7.LTS/include" --reread_libs --diag_wrap=off --display_error_number --warn_sections --xml_link_info="Lab4_linkInfo.xml" --rom_model -o "Lab4.out" "./main.obj" "./tm4c123gh6pm_startup_ccs.obj" "../tm4c123gh6pm.cmd"  -llibc.a 
<Linking>
Finished building target: "Lab4.out"
 

**** Build Finished ****

**** Build of configuration Debug for project Lab4 ****

/Applications/ti/ccs1271/ccs/utils/bin/gmake -k -j 7 all -O 
 
gmake[1]: 'Lab4.out' is up to date.

**** Build Finished ****
