
**** Build of configuration Debug for project Lab1 ****

/Applications/ti/ccs1271/ccs/utils/bin/gmake -k -j 7 all -O 
 
Building file: "../main.c"
Invoking: Arm Compiler
"/Applications/ti/ccs1271/ccs/tools/compiler/ti-cgt-armllvm_3.2.1.LTS/bin/tiarmclang" -c -mcpu=cortex-m4 -mfloat-abi=hard -mfpu=fpv4-sp-d16 -mlittle-endian -mthumb -Og -I"/Users/yashmanojmeshram/Desktop/ /sem 7/Embedded Systems/CCS Projects/Lab1/Lab1" -I"/Applications/ti/ccs1271/ccs/tools/compiler/ti-cgt-armllvm_3.2.1.LTS/include" -DPART_TM4C123GH6PM -g -Wall -fdata-sections -ffunction-sections -MMD -MP -MF"main.d_raw" -MT"main.o"   -o"main.o" "../main.c"
Finished building: "../main.c"
 
Building target: "Lab1.out"
Invoking: Arm Linker
"/Applications/ti/ccs1271/ccs/tools/compiler/ti-cgt-armllvm_3.2.1.LTS/bin/tiarmclang" -mcpu=cortex-m4 -mfloat-abi=hard -mfpu=fpv4-sp-d16 -mlittle-endian -mthumb -Og -DPART_TM4C123GH6PM -g -Wall -fdata-sections -ffunction-sections -Wl,-m"Lab1.map" -Wl,-i"/Applications/ti/ccs1271/ccs/tools/compiler/ti-cgt-armllvm_3.2.1.LTS/lib" -Wl,--reread_libs -Wl,--diag_wrap=off -Wl,--display_error_number -Wl,--warn_sections -Wl,--xml_link_info="Lab1_linkInfo.xml" -Wl,--rom_model -o "Lab1.out" "./main.o"  
warning #10247-D: creating output section ".text" without a SECTIONS specification
warning #10247-D: creating output section ".stack" without a SECTIONS specification
warning #10210-D: creating ".stack" section with default size of 0x800; use the -stack option to change the default size
Finished building target: "Lab1.out"
 

**** Build Finished ****

**** Build of configuration Debug for project Lab1 ****

/Applications/ti/ccs1271/ccs/utils/bin/gmake -k -j 7 all -O 
 
gmake[1]: 'Lab1.out' is up to date.

**** Build Finished ****

**** Clean-only build of configuration Debug for project Lab1 ****

/Applications/ti/ccs1271/ccs/utils/bin/gmake -k -j 7 clean -O 
 
rm -rf  "Lab1.out" 
rm -rf "main.o" 
rm -rf "main.d" 
Finished clean
 

**** Build Finished ****

**** Build of configuration Debug for project Lab1 ****

/Applications/ti/ccs1271/ccs/utils/bin/gmake -k -j 7 all -O 
 
Building file: "../main.c"
Invoking: Arm Compiler
"/Applications/ti/ccs1271/ccs/tools/compiler/ti-cgt-armllvm_3.2.1.LTS/bin/tiarmclang" -c -mcpu=cortex-m4 -mfloat-abi=hard -mfpu=fpv4-sp-d16 -mlittle-endian -mthumb -Og -I"/Users/yashmanojmeshram/Desktop/ /sem 7/Embedded Systems/CCS Projects/Lab1/Lab1" -I"/Applications/ti/ccs1271/ccs/tools/compiler/ti-cgt-armllvm_3.2.1.LTS/include" -DPART_TM4C123GH6PM -g -Wall -fdata-sections -ffunction-sections -MMD -MP -MF"main.d_raw" -MT"main.o"   -o"main.o" "../main.c"
Finished building: "../main.c"
 
Building target: "Lab1.out"
Invoking: Arm Linker
"/Applications/ti/ccs1271/ccs/tools/compiler/ti-cgt-armllvm_3.2.1.LTS/bin/tiarmclang" -mcpu=cortex-m4 -mfloat-abi=hard -mfpu=fpv4-sp-d16 -mlittle-endian -mthumb -Og -DPART_TM4C123GH6PM -g -Wall -fdata-sections -ffunction-sections -Wl,-m"Lab1.map" -Wl,-i"/Applications/ti/ccs1271/ccs/tools/compiler/ti-cgt-armllvm_3.2.1.LTS/lib" -Wl,--reread_libs -Wl,--diag_wrap=off -Wl,--display_error_number -Wl,--warn_sections -Wl,--xml_link_info="Lab1_linkInfo.xml" -Wl,--rom_model -o "Lab1.out" "./main.o"  
warning #10247-D: creating output section ".text" without a SECTIONS specification
warning #10247-D: creating output section ".stack" without a SECTIONS specification
warning #10210-D: creating ".stack" section with default size of 0x800; use the -stack option to change the default size
Finished building target: "Lab1.out"
 

**** Build Finished ****

**** Build of configuration Debug for project Lab1 ****

/Applications/ti/ccs1271/ccs/utils/bin/gmake -k -j 7 all -O 
 
gmake[1]: 'Lab1.out' is up to date.

**** Build Finished ****

**** Build of configuration Debug for project Lab1 ****

/Applications/ti/ccs1271/ccs/utils/bin/gmake -k -j 7 all -O 
 
Building file: "../main.c"
Invoking: Arm Compiler
"/Applications/ti/ccs1271/ccs/tools/compiler/ti-cgt-armllvm_3.2.1.LTS/bin/tiarmclang" -c -mcpu=cortex-m4 -mfloat-abi=hard -mfpu=fpv4-sp-d16 -mlittle-endian -mthumb -Og -I"/Users/yashmanojmeshram/Desktop/ /sem 7/Embedded Systems/CCS Projects/Lab1/Lab1" -I"/Applications/ti/ccs1271/ccs/tools/compiler/ti-cgt-armllvm_3.2.1.LTS/include" -DPART_TM4C123GH6PM -g -Wall -fdata-sections -ffunction-sections -MMD -MP -MF"main.d_raw" -MT"main.o"   -o"main.o" "../main.c"
Finished building: "../main.c"
 
Building target: "Lab1.out"
Invoking: Arm Linker
"/Applications/ti/ccs1271/ccs/tools/compiler/ti-cgt-armllvm_3.2.1.LTS/bin/tiarmclang" -mcpu=cortex-m4 -mfloat-abi=hard -mfpu=fpv4-sp-d16 -mlittle-endian -mthumb -Og -DPART_TM4C123GH6PM -g -Wall -fdata-sections -ffunction-sections -Wl,-m"Lab1.map" -Wl,-i"/Applications/ti/ccs1271/ccs/tools/compiler/ti-cgt-armllvm_3.2.1.LTS/lib" -Wl,--reread_libs -Wl,--diag_wrap=off -Wl,--display_error_number -Wl,--warn_sections -Wl,--xml_link_info="Lab1_linkInfo.xml" -Wl,--rom_model -o "Lab1.out" "./main.o"  
warning #10247-D: creating output section ".text" without a SECTIONS specification
warning #10247-D: creating output section ".stack" without a SECTIONS specification
warning #10210-D: creating ".stack" section with default size of 0x800; use the -stack option to change the default size
Finished building target: "Lab1.out"
 

**** Build Finished ****

**** Build of configuration Debug for project Lab1 ****

/Applications/ti/ccs1271/ccs/utils/bin/gmake -k -j 7 all -O 
 
gmake[1]: 'Lab1.out' is up to date.

**** Build Finished ****

**** Build of configuration Debug for project Lab1 ****

/Applications/ti/ccs1271/ccs/utils/bin/gmake -k -j 7 all -O 
 
gmake[1]: 'Lab1.out' is up to date.

**** Build Finished ****

**** Build of configuration Debug for project Lab1 ****

/Applications/ti/ccs1271/ccs/utils/bin/gmake -k -j 7 all -O 
 
gmake[1]: 'Lab1.out' is up to date.

**** Build Finished ****

**** Build of configuration Debug for project Lab1 ****

/Applications/ti/ccs1271/ccs/utils/bin/gmake -k -j 7 all -O 
 
Building file: "../main.c"
Invoking: Arm Compiler
"/Applications/ti/ccs1271/ccs/tools/compiler/ti-cgt-armllvm_3.2.1.LTS/bin/tiarmclang" -c -mcpu=cortex-m4 -mfloat-abi=hard -mfpu=fpv4-sp-d16 -mlittle-endian -mthumb -Og -I"/Users/yashmanojmeshram/Desktop/ /sem 7/Embedded Systems/CCS Projects/Lab1/Lab1" -I"/Applications/ti/ccs1271/ccs/tools/compiler/ti-cgt-armllvm_3.2.1.LTS/include" -DPART_TM4C123GH6PM -g -Wall -fdata-sections -ffunction-sections -MMD -MP -MF"main.d_raw" -MT"main.o"   -o"main.o" "../main.c"
Finished building: "../main.c"
 
Building target: "Lab1.out"
Invoking: Arm Linker
"/Applications/ti/ccs1271/ccs/tools/compiler/ti-cgt-armllvm_3.2.1.LTS/bin/tiarmclang" -mcpu=cortex-m4 -mfloat-abi=hard -mfpu=fpv4-sp-d16 -mlittle-endian -mthumb -Og -DPART_TM4C123GH6PM -g -Wall -fdata-sections -ffunction-sections -Wl,-m"Lab1.map" -Wl,-i"/Applications/ti/ccs1271/ccs/tools/compiler/ti-cgt-armllvm_3.2.1.LTS/lib" -Wl,--reread_libs -Wl,--diag_wrap=off -Wl,--display_error_number -Wl,--warn_sections -Wl,--xml_link_info="Lab1_linkInfo.xml" -Wl,--rom_model -o "Lab1.out" "./main.o"  
warning #10247-D: creating output section ".text" without a SECTIONS specification
warning #10247-D: creating output section ".stack" without a SECTIONS specification
warning #10210-D: creating ".stack" section with default size of 0x800; use the -stack option to change the default size
Finished building target: "Lab1.out"
 

**** Build Finished ****

**** Build of configuration Debug for project Lab1 ****

/Applications/ti/ccs1271/ccs/utils/bin/gmake -k -j 7 all -O 
 
gmake[1]: 'Lab1.out' is up to date.

**** Build Finished ****

**** Build of configuration Debug for project Lab1 ****

/Applications/ti/ccs1271/ccs/utils/bin/gmake -k -j 7 all -O 
 
Building file: "../main.c"
Invoking: Arm Compiler
"/Applications/ti/ccs1271/ccs/tools/compiler/ti-cgt-armllvm_3.2.1.LTS/bin/tiarmclang" -c -mcpu=cortex-m4 -mfloat-abi=hard -mfpu=fpv4-sp-d16 -mlittle-endian -mthumb -Og -I"/Users/yashmanojmeshram/Desktop/ /sem 7/Embedded Systems/CCS Projects/Lab1/Lab1" -I"/Applications/ti/ccs1271/ccs/tools/compiler/ti-cgt-armllvm_3.2.1.LTS/include" -DPART_TM4C123GH6PM -g -Wall -fdata-sections -ffunction-sections -MMD -MP -MF"main.d_raw" -MT"main.o"   -o"main.o" "../main.c"
Finished building: "../main.c"
 
Building target: "Lab1.out"
Invoking: Arm Linker
"/Applications/ti/ccs1271/ccs/tools/compiler/ti-cgt-armllvm_3.2.1.LTS/bin/tiarmclang" -mcpu=cortex-m4 -mfloat-abi=hard -mfpu=fpv4-sp-d16 -mlittle-endian -mthumb -Og -DPART_TM4C123GH6PM -g -Wall -fdata-sections -ffunction-sections -Wl,-m"Lab1.map" -Wl,-i"/Applications/ti/ccs1271/ccs/tools/compiler/ti-cgt-armllvm_3.2.1.LTS/lib" -Wl,--reread_libs -Wl,--diag_wrap=off -Wl,--display_error_number -Wl,--warn_sections -Wl,--xml_link_info="Lab1_linkInfo.xml" -Wl,--rom_model -o "Lab1.out" "./main.o"  
warning #10247-D: creating output section ".text" without a SECTIONS specification
warning #10247-D: creating output section ".stack" without a SECTIONS specification
warning #10210-D: creating ".stack" section with default size of 0x800; use the -stack option to change the default size
Finished building target: "Lab1.out"
 

**** Build Finished ****

**** Build of configuration Debug for project Lab1 ****

/Applications/ti/ccs1271/ccs/utils/bin/gmake -k -j 7 all -O 
 
gmake[1]: 'Lab1.out' is up to date.

**** Build Finished ****

**** Build of configuration Debug for project Lab1 ****

/Applications/ti/ccs1271/ccs/utils/bin/gmake -k -j 7 all -O 
 
gmake[1]: 'Lab1.out' is up to date.

**** Build Finished ****

**** Build of configuration Debug for project Lab1 ****

/Applications/ti/ccs1271/ccs/utils/bin/gmake -k -j 7 all -O 
 
gmake[1]: 'Lab1.out' is up to date.

**** Build Finished ****

**** Build of configuration Debug for project Lab1 ****

/Applications/ti/ccs1271/ccs/utils/bin/gmake -k -j 7 all -O 
 
Building file: "../main.c"
Invoking: Arm Compiler
"/Applications/ti/ccs1271/ccs/tools/compiler/ti-cgt-armllvm_3.2.1.LTS/bin/tiarmclang" -c -mcpu=cortex-m4 -mfloat-abi=hard -mfpu=fpv4-sp-d16 -mlittle-endian -mthumb -Og -I"/Users/yashmanojmeshram/Desktop/ /sem 7/Embedded Systems/CCS Projects/Lab1/Lab1" -I"/Applications/ti/ccs1271/ccs/tools/compiler/ti-cgt-armllvm_3.2.1.LTS/include" -DPART_TM4C123GH6PM -g -Wall -fdata-sections -ffunction-sections -MMD -MP -MF"main.d_raw" -MT"main.o"   -o"main.o" "../main.c"
Finished building: "../main.c"
 
Building target: "Lab1.out"
Invoking: Arm Linker
"/Applications/ti/ccs1271/ccs/tools/compiler/ti-cgt-armllvm_3.2.1.LTS/bin/tiarmclang" -mcpu=cortex-m4 -mfloat-abi=hard -mfpu=fpv4-sp-d16 -mlittle-endian -mthumb -Og -DPART_TM4C123GH6PM -g -Wall -fdata-sections -ffunction-sections -Wl,-m"Lab1.map" -Wl,-i"/Applications/ti/ccs1271/ccs/tools/compiler/ti-cgt-armllvm_3.2.1.LTS/lib" -Wl,--reread_libs -Wl,--diag_wrap=off -Wl,--display_error_number -Wl,--warn_sections -Wl,--xml_link_info="Lab1_linkInfo.xml" -Wl,--rom_model -o "Lab1.out" "./main.o"  
warning #10247-D: creating output section ".text" without a SECTIONS specification
warning #10247-D: creating output section ".stack" without a SECTIONS specification
warning #10210-D: creating ".stack" section with default size of 0x800; use the -stack option to change the default size
Finished building target: "Lab1.out"
 

**** Build Finished ****

**** Build of configuration Debug for project Lab1 ****

/Applications/ti/ccs1271/ccs/utils/bin/gmake -k -j 7 all -O 
 
gmake[1]: 'Lab1.out' is up to date.

**** Build Finished ****

**** Build of configuration Debug for project Lab1 ****

/Applications/ti/ccs1271/ccs/utils/bin/gmake -k -j 7 all -O 
 
Building file: "../main.c"
Invoking: Arm Compiler
"/Applications/ti/ccs1271/ccs/tools/compiler/ti-cgt-armllvm_3.2.1.LTS/bin/tiarmclang" -c -mcpu=cortex-m4 -mfloat-abi=hard -mfpu=fpv4-sp-d16 -mlittle-endian -mthumb -Og -I"/Users/yashmanojmeshram/Desktop/ /sem 7/Embedded Systems/CCS Projects/Lab1/Lab1" -I"/Applications/ti/ccs1271/ccs/tools/compiler/ti-cgt-armllvm_3.2.1.LTS/include" -DPART_TM4C123GH6PM -g -Wall -fdata-sections -ffunction-sections -MMD -MP -MF"main.d_raw" -MT"main.o"   -o"main.o" "../main.c"
Finished building: "../main.c"
 
Building target: "Lab1.out"
Invoking: Arm Linker
"/Applications/ti/ccs1271/ccs/tools/compiler/ti-cgt-armllvm_3.2.1.LTS/bin/tiarmclang" -mcpu=cortex-m4 -mfloat-abi=hard -mfpu=fpv4-sp-d16 -mlittle-endian -mthumb -Og -DPART_TM4C123GH6PM -g -Wall -fdata-sections -ffunction-sections -Wl,-m"Lab1.map" -Wl,-i"/Applications/ti/ccs1271/ccs/tools/compiler/ti-cgt-armllvm_3.2.1.LTS/lib" -Wl,--reread_libs -Wl,--diag_wrap=off -Wl,--display_error_number -Wl,--warn_sections -Wl,--xml_link_info="Lab1_linkInfo.xml" -Wl,--rom_model -o "Lab1.out" "./main.o"  
warning #10247-D: creating output section ".text" without a SECTIONS specification
warning #10247-D: creating output section ".stack" without a SECTIONS specification
warning #10210-D: creating ".stack" section with default size of 0x800; use the -stack option to change the default size
Finished building target: "Lab1.out"
 

**** Build Finished ****

**** Build of configuration Debug for project Lab1 ****

/Applications/ti/ccs1271/ccs/utils/bin/gmake -k -j 7 all -O 
 
gmake[1]: 'Lab1.out' is up to date.

**** Build Finished ****

**** Build of configuration Debug for project Lab1 ****

/Applications/ti/ccs1271/ccs/utils/bin/gmake -k -j 7 all -O 
 
Building file: "../main.c"
Invoking: Arm Compiler
"/Applications/ti/ccs1271/ccs/tools/compiler/ti-cgt-armllvm_3.2.1.LTS/bin/tiarmclang" -c -mcpu=cortex-m4 -mfloat-abi=hard -mfpu=fpv4-sp-d16 -mlittle-endian -mthumb -Og -I"/Users/yashmanojmeshram/Desktop/ /sem 7/Embedded Systems/CCS Projects/Lab1/Lab1" -I"/Applications/ti/ccs1271/ccs/tools/compiler/ti-cgt-armllvm_3.2.1.LTS/include" -DPART_TM4C123GH6PM -g -Wall -fdata-sections -ffunction-sections -MMD -MP -MF"main.d_raw" -MT"main.o"   -o"main.o" "../main.c"
Finished building: "../main.c"
 
Building target: "Lab1.out"
Invoking: Arm Linker
"/Applications/ti/ccs1271/ccs/tools/compiler/ti-cgt-armllvm_3.2.1.LTS/bin/tiarmclang" -mcpu=cortex-m4 -mfloat-abi=hard -mfpu=fpv4-sp-d16 -mlittle-endian -mthumb -Og -DPART_TM4C123GH6PM -g -Wall -fdata-sections -ffunction-sections -Wl,-m"Lab1.map" -Wl,-i"/Applications/ti/ccs1271/ccs/tools/compiler/ti-cgt-armllvm_3.2.1.LTS/lib" -Wl,--reread_libs -Wl,--diag_wrap=off -Wl,--display_error_number -Wl,--warn_sections -Wl,--xml_link_info="Lab1_linkInfo.xml" -Wl,--rom_model -o "Lab1.out" "./main.o"  
warning #10247-D: creating output section ".text" without a SECTIONS specification
warning #10247-D: creating output section ".stack" without a SECTIONS specification
warning #10210-D: creating ".stack" section with default size of 0x800; use the -stack option to change the default size
Finished building target: "Lab1.out"
 

**** Build Finished ****

**** Build of configuration Debug for project Lab1 ****

/Applications/ti/ccs1271/ccs/utils/bin/gmake -k -j 7 all -O 
 
gmake[1]: 'Lab1.out' is up to date.

**** Build Finished ****

**** Build of configuration Debug for project Lab1 ****

/Applications/ti/ccs1271/ccs/utils/bin/gmake -k -j 7 all -O 
 
Building file: "../main.c"
Invoking: Arm Compiler
"/Applications/ti/ccs1271/ccs/tools/compiler/ti-cgt-armllvm_3.2.1.LTS/bin/tiarmclang" -c -mcpu=cortex-m4 -mfloat-abi=hard -mfpu=fpv4-sp-d16 -mlittle-endian -mthumb -Og -I"/Users/yashmanojmeshram/Desktop/ /sem 7/Embedded Systems/CCS Projects/Lab1/Lab1" -I"/Applications/ti/ccs1271/ccs/tools/compiler/ti-cgt-armllvm_3.2.1.LTS/include" -DPART_TM4C123GH6PM -g -Wall -fdata-sections -ffunction-sections -MMD -MP -MF"main.d_raw" -MT"main.o"   -o"main.o" "../main.c"
Finished building: "../main.c"
 
Building target: "Lab1.out"
Invoking: Arm Linker
"/Applications/ti/ccs1271/ccs/tools/compiler/ti-cgt-armllvm_3.2.1.LTS/bin/tiarmclang" -mcpu=cortex-m4 -mfloat-abi=hard -mfpu=fpv4-sp-d16 -mlittle-endian -mthumb -Og -DPART_TM4C123GH6PM -g -Wall -fdata-sections -ffunction-sections -Wl,-m"Lab1.map" -Wl,-i"/Applications/ti/ccs1271/ccs/tools/compiler/ti-cgt-armllvm_3.2.1.LTS/lib" -Wl,--reread_libs -Wl,--diag_wrap=off -Wl,--display_error_number -Wl,--warn_sections -Wl,--xml_link_info="Lab1_linkInfo.xml" -Wl,--rom_model -o "Lab1.out" "./main.o"  
warning #10247-D: creating output section ".text" without a SECTIONS specification
warning #10247-D: creating output section ".stack" without a SECTIONS specification
warning #10210-D: creating ".stack" section with default size of 0x800; use the -stack option to change the default size
Finished building target: "Lab1.out"
 

**** Build Finished ****

**** Build of configuration Debug for project Lab1 ****

/Applications/ti/ccs1271/ccs/utils/bin/gmake -k -j 7 all -O 
 
gmake[1]: 'Lab1.out' is up to date.

**** Build Finished ****

**** Build of configuration Debug for project Lab1 ****

/Applications/ti/ccs1271/ccs/utils/bin/gmake -k -j 7 all -O 
 
Building file: "../main.c"
Invoking: Arm Compiler
"/Applications/ti/ccs1271/ccs/tools/compiler/ti-cgt-armllvm_3.2.1.LTS/bin/tiarmclang" -c -mcpu=cortex-m4 -mfloat-abi=hard -mfpu=fpv4-sp-d16 -mlittle-endian -mthumb -Og -I"/Users/yashmanojmeshram/Desktop/ /sem 7/Embedded Systems/CCS Projects/Lab1/Lab1" -I"/Applications/ti/ccs1271/ccs/tools/compiler/ti-cgt-armllvm_3.2.1.LTS/include" -DPART_TM4C123GH6PM -g -Wall -fdata-sections -ffunction-sections -MMD -MP -MF"main.d_raw" -MT"main.o"   -o"main.o" "../main.c"
Finished building: "../main.c"
 
Building target: "Lab1.out"
Invoking: Arm Linker
"/Applications/ti/ccs1271/ccs/tools/compiler/ti-cgt-armllvm_3.2.1.LTS/bin/tiarmclang" -mcpu=cortex-m4 -mfloat-abi=hard -mfpu=fpv4-sp-d16 -mlittle-endian -mthumb -Og -DPART_TM4C123GH6PM -g -Wall -fdata-sections -ffunction-sections -Wl,-m"Lab1.map" -Wl,-i"/Applications/ti/ccs1271/ccs/tools/compiler/ti-cgt-armllvm_3.2.1.LTS/lib" -Wl,--reread_libs -Wl,--diag_wrap=off -Wl,--display_error_number -Wl,--warn_sections -Wl,--xml_link_info="Lab1_linkInfo.xml" -Wl,--rom_model -o "Lab1.out" "./main.o"  
warning #10247-D: creating output section ".text" without a SECTIONS specification
warning #10247-D: creating output section ".stack" without a SECTIONS specification
warning #10210-D: creating ".stack" section with default size of 0x800; use the -stack option to change the default size
Finished building target: "Lab1.out"
 

**** Build Finished ****

**** Build of configuration Debug for project Lab1 ****

/Applications/ti/ccs1271/ccs/utils/bin/gmake -k -j 7 all -O 
 
gmake[1]: 'Lab1.out' is up to date.

**** Build Finished ****

**** Build of configuration Debug__TI for project Lab1 ****

/Applications/ti/ccs1271/ccs/utils/bin/gmake -k -j 7 all -O 
 
Building file: "../main.c"
Invoking: Arm Compiler
"/Applications/ti/ccs1271/ccs/tools/compiler/ti-cgt-arm_20.2.7.LTS/bin/armcl" -mv7M4 --code_state=16 --float_support=FPv4SPD16 -me --include_path="/Users/yashmanojmeshram/Desktop/ /sem 7/Embedded Systems/CCS Projects/Lab1/Lab1" --include_path="/Applications/ti/ccs1271/ccs/tools/compiler/ti-cgt-arm_20.2.7.LTS/include" --define=ccs="ccs" --define=PART_TM4C123GH6PM -g --gcc --diag_warning=225 --diag_wrap=off --display_error_number --abi=eabi --preproc_with_compile --preproc_dependency="main.d_raw"  "../main.c"
"../main.c", line 48: warning #112-D: statement is unreachable
Finished building: "../main.c"
 
Building file: "../tm4c123gh6pm_startup_ccs.c"
Invoking: Arm Compiler
"/Applications/ti/ccs1271/ccs/tools/compiler/ti-cgt-arm_20.2.7.LTS/bin/armcl" -mv7M4 --code_state=16 --float_support=FPv4SPD16 -me --include_path="/Users/yashmanojmeshram/Desktop/ /sem 7/Embedded Systems/CCS Projects/Lab1/Lab1" --include_path="/Applications/ti/ccs1271/ccs/tools/compiler/ti-cgt-arm_20.2.7.LTS/include" --define=ccs="ccs" --define=PART_TM4C123GH6PM -g --gcc --diag_warning=225 --diag_wrap=off --display_error_number --abi=eabi --preproc_with_compile --preproc_dependency="tm4c123gh6pm_startup_ccs.d_raw"  "../tm4c123gh6pm_startup_ccs.c"
Finished building: "../tm4c123gh6pm_startup_ccs.c"
 
Building target: "Lab1.out"
Invoking: Arm Linker
"/Applications/ti/ccs1271/ccs/tools/compiler/ti-cgt-arm_20.2.7.LTS/bin/armcl" -mv7M4 --code_state=16 --float_support=FPv4SPD16 -me --define=ccs="ccs" --define=PART_TM4C123GH6PM -g --gcc --diag_warning=225 --diag_wrap=off --display_error_number --abi=eabi -z -m"Lab1.map" --heap_size=0 --stack_size=512 -i"/Applications/ti/ccs1271/ccs/tools/compiler/ti-cgt-arm_20.2.7.LTS/lib" -i"/Applications/ti/ccs1271/ccs/tools/compiler/ti-cgt-arm_20.2.7.LTS/include" --reread_libs --diag_wrap=off --display_error_number --warn_sections --xml_link_info="Lab1_linkInfo.xml" --rom_model -o "Lab1.out" "./main.obj" "./tm4c123gh6pm_startup_ccs.obj"  -llibc.a 
<Linking>
warning #10247-D: creating output section ".text" without a SECTIONS specification
Finished building target: "Lab1.out"
 
warning #10247-D: creating output section ".stack" without a SECTIONS specification

**** Build Finished ****

**** Build of configuration Debug__TI for project Lab1 ****

/Applications/ti/ccs1271/ccs/utils/bin/gmake -k -j 7 all -O 
 
gmake[1]: 'Lab1.out' is up to date.

**** Build Finished ****

**** Build of configuration Debug__TI for project Lab1 ****

/Applications/ti/ccs1271/ccs/utils/bin/gmake -k -j 7 all -O 
 
gmake[1]: 'Lab1.out' is up to date.

**** Build Finished ****

**** Build of configuration Debug__TI for project Lab1 ****

/Applications/ti/ccs1271/ccs/utils/bin/gmake -k -j 7 all -O 
 
Building file: "../tm4c123gh6pm_startup_ccs.c"
Invoking: Arm Compiler
"/Applications/ti/ccs1271/ccs/tools/compiler/ti-cgt-arm_20.2.7.LTS/bin/armcl" -mv7M4 --code_state=16 --float_support=FPv4SPD16 -me --include_path="/Users/yashmanojmeshram/Desktop/ /sem 7/Embedded Systems/CCS Projects/Lab1/Lab1" --include_path="/Applications/ti/ccs1271/ccs/tools/compiler/ti-cgt-arm_20.2.7.LTS/include" --define=ccs="ccs" --define=PART_TM4C123GH6PM -g --gcc --diag_warning=225 --diag_wrap=off --display_error_number --abi=eabi --preproc_with_compile --preproc_dependency="tm4c123gh6pm_startup_ccs.d_raw"  "../tm4c123gh6pm_startup_ccs.c"
"../main.c", line 48: warning #112-D: statement is unreachable
Finished building: "../tm4c123gh6pm_startup_ccs.c"
 
Building file: "../main.c"
Invoking: Arm Compiler
"/Applications/ti/ccs1271/ccs/tools/compiler/ti-cgt-arm_20.2.7.LTS/bin/armcl" -mv7M4 --code_state=16 --float_support=FPv4SPD16 -me --include_path="/Users/yashmanojmeshram/Desktop/ /sem 7/Embedded Systems/CCS Projects/Lab1/Lab1" --include_path="/Applications/ti/ccs1271/ccs/tools/compiler/ti-cgt-arm_20.2.7.LTS/include" --define=ccs="ccs" --define=PART_TM4C123GH6PM -g --gcc --diag_warning=225 --diag_wrap=off --display_error_number --abi=eabi --preproc_with_compile --preproc_dependency="main.d_raw"  "../main.c"
Finished building: "../main.c"
 
Building target: "Lab1.out"
Invoking: Arm Linker
"/Applications/ti/ccs1271/ccs/tools/compiler/ti-cgt-arm_20.2.7.LTS/bin/armcl" -mv7M4 --code_state=16 --float_support=FPv4SPD16 -me --define=ccs="ccs" --define=PART_TM4C123GH6PM -g --gcc --diag_warning=225 --diag_wrap=off --display_error_number --abi=eabi -z -m"Lab1.map" --heap_size=0 --stack_size=512 -i"/Applications/ti/ccs1271/ccs/tools/compiler/ti-cgt-arm_20.2.7.LTS/lib" -i"/Applications/ti/ccs1271/ccs/tools/compiler/ti-cgt-arm_20.2.7.LTS/include" --reread_libs --diag_wrap=off --display_error_number --warn_sections --xml_link_info="Lab1_linkInfo.xml" --rom_model -o "Lab1.out" "./main.obj" "./tm4c123gh6pm_startup_ccs.obj"  -llibc.a 
<Linking>
warning #10247-D: creating output section ".text" without a SECTIONS specification
warning #10247-D: creating output section ".stack" without a SECTIONS specification
Finished building target: "Lab1.out"
 

**** Build Finished ****

**** Build of configuration Debug__TI for project Lab1 ****

/Applications/ti/ccs1271/ccs/utils/bin/gmake -k -j 7 all -O 
 
Building file: "../main.c"
Invoking: Arm Compiler
"/Applications/ti/ccs1271/ccs/tools/compiler/ti-cgt-arm_20.2.7.LTS/bin/armcl" -mv7M4 --code_state=16 --float_support=FPv4SPD16 -me --include_path="/Users/yashmanojmeshram/Desktop/ /sem 7/Embedded Systems/CCS Projects/Lab1/Lab1" --include_path="/Applications/ti/ccs1271/ccs/tools/compiler/ti-cgt-arm_20.2.7.LTS/include" --define=ccs="ccs" --define=PART_TM4C123GH6PM -g --gcc --diag_warning=225 --diag_wrap=off --display_error_number --abi=eabi --preproc_with_compile --preproc_dependency="main.d_raw"  "../main.c"
Finished building: "../main.c"
 
Building target: "Lab1.out"
Invoking: Arm Linker
"/Applications/ti/ccs1271/ccs/tools/compiler/ti-cgt-arm_20.2.7.LTS/bin/armcl" -mv7M4 --code_state=16 --float_support=FPv4SPD16 -me --define=ccs="ccs" --define=PART_TM4C123GH6PM -g --gcc --diag_warning=225 --diag_wrap=off --display_error_number --abi=eabi -z -m"Lab1.map" --heap_size=0 --stack_size=512 -i"/Applications/ti/ccs1271/ccs/tools/compiler/ti-cgt-arm_20.2.7.LTS/lib" -i"/Applications/ti/ccs1271/ccs/tools/compiler/ti-cgt-arm_20.2.7.LTS/include" --reread_libs --diag_wrap=off --display_error_number --warn_sections --xml_link_info="Lab1_linkInfo.xml" --rom_model -o "Lab1.out" "./main.obj" "./tm4c123gh6pm_startup_ccs.obj"  -llibc.a 
<Linking>
warning #10247-D: creating output section ".text" without a SECTIONS specification
Finished building target: "Lab1.out"
warning #10247-D: creating output section ".stack" without a SECTIONS specification
 

**** Build Finished ****

**** Build of configuration Debug__TI for project Lab1 ****

/Applications/ti/ccs1271/ccs/utils/bin/gmake -k -j 7 all -O 
 
gmake[1]: 'Lab1.out' is up to date.

**** Build Finished ****

**** Build of configuration Debug__TI for project Lab1 ****

/Applications/ti/ccs1271/ccs/utils/bin/gmake -k -j 7 all -O 
 
Building file: "../main.c"
Invoking: Arm Compiler
"/Applications/ti/ccs1271/ccs/tools/compiler/ti-cgt-arm_20.2.7.LTS/bin/armcl" -mv7M4 --code_state=16 --float_support=FPv4SPD16 -me --include_path="/Users/yashmanojmeshram/Desktop/ /sem 7/Embedded Systems/CCS Projects/Lab1/Lab1" --include_path="/Applications/ti/ccs1271/ccs/tools/compiler/ti-cgt-arm_20.2.7.LTS/include" --define=ccs="ccs" --define=PART_TM4C123GH6PM -g --gcc --diag_warning=225 --diag_wrap=off --display_error_number --abi=eabi --preproc_with_compile --preproc_dependency="main.d_raw"  "../main.c"
"../main.c", line 48: warning #112-D: statement is unreachable
Finished building: "../main.c"
 
Building target: "Lab1.out"
Invoking: Arm Linker
"/Applications/ti/ccs1271/ccs/tools/compiler/ti-cgt-arm_20.2.7.LTS/bin/armcl" -mv7M4 --code_state=16 --float_support=FPv4SPD16 -me --define=ccs="ccs" --define=PART_TM4C123GH6PM -g --gcc --diag_warning=225 --diag_wrap=off --display_error_number --abi=eabi -z -m"Lab1.map" --heap_size=0 --stack_size=512 -i"/Applications/ti/ccs1271/ccs/tools/compiler/ti-cgt-arm_20.2.7.LTS/lib" -i"/Applications/ti/ccs1271/ccs/tools/compiler/ti-cgt-arm_20.2.7.LTS/include" --reread_libs --diag_wrap=off --display_error_number --warn_sections --xml_link_info="Lab1_linkInfo.xml" --rom_model -o "Lab1.out" "./main.obj" "./tm4c123gh6pm_startup_ccs.obj"  -llibc.a 
<Linking>
warning #10247-D: creating output section ".text" without a SECTIONS specification
warning #10247-D: creating output section ".stack" without a SECTIONS specification
Finished building target: "Lab1.out"
 

**** Build Finished ****

**** Build of configuration Debug__TI for project Lab1 ****

/Applications/ti/ccs1271/ccs/utils/bin/gmake -k -j 7 all -O 
 
Building file: "../main.c"
Invoking: Arm Compiler
"/Applications/ti/ccs1271/ccs/tools/compiler/ti-cgt-arm_20.2.7.LTS/bin/armcl" -mv7M4 --code_state=16 --float_support=FPv4SPD16 -me --include_path="/Users/yashmanojmeshram/Desktop/ /sem 7/Embedded Systems/CCS Projects/Lab1/Lab1" --include_path="/Applications/ti/ccs1271/ccs/tools/compiler/ti-cgt-arm_20.2.7.LTS/include" --define=ccs="ccs" --define=PART_TM4C123GH6PM -g --gcc --diag_warning=225 --diag_wrap=off --display_error_number --abi=eabi --preproc_with_compile --preproc_dependency="main.d_raw"  "../main.c"
Finished building: "../main.c"
 
Building target: "Lab1.out"
Invoking: Arm Linker
"/Applications/ti/ccs1271/ccs/tools/compiler/ti-cgt-arm_20.2.7.LTS/bin/armcl" -mv7M4 --code_state=16 --float_support=FPv4SPD16 -me --define=ccs="ccs" --define=PART_TM4C123GH6PM -g --gcc --diag_warning=225 --diag_wrap=off --display_error_number --abi=eabi -z -m"Lab1.map" --heap_size=0 --stack_size=512 -i"/Applications/ti/ccs1271/ccs/tools/compiler/ti-cgt-arm_20.2.7.LTS/lib" -i"/Applications/ti/ccs1271/ccs/tools/compiler/ti-cgt-arm_20.2.7.LTS/include" --reread_libs --diag_wrap=off --display_error_number --warn_sections --xml_link_info="Lab1_linkInfo.xml" --rom_model -o "Lab1.out" "./main.obj" "./tm4c123gh6pm_startup_ccs.obj"  -llibc.a 
<Linking>
warning #10247-D: creating output section ".text" without a SECTIONS specification
warning #10247-D: creating output section ".stack" without a SECTIONS specification
Finished building target: "Lab1.out"
 

**** Build Finished ****

**** Build of configuration Debug__TI for project Lab1 ****

/Applications/ti/ccs1271/ccs/utils/bin/gmake -k -j 7 all -O 
 
gmake[1]: 'Lab1.out' is up to date.

**** Build Finished ****

**** Build of configuration Debug__TI for project Lab1 ****

/Applications/ti/ccs1271/ccs/utils/bin/gmake -k -j 7 all -O 
 
Building file: "../main.c"
Invoking: Arm Compiler
"/Applications/ti/ccs1271/ccs/tools/compiler/ti-cgt-arm_20.2.7.LTS/bin/armcl" -mv7M4 --code_state=16 --float_support=FPv4SPD16 -me --include_path="/Users/yashmanojmeshram/Desktop/ /sem 7/Embedded Systems/CCS Projects/Lab1/Lab1" --include_path="/Applications/ti/ccs1271/ccs/tools/compiler/ti-cgt-arm_20.2.7.LTS/include" --define=ccs="ccs" --define=PART_TM4C123GH6PM -g --gcc --diag_warning=225 --diag_wrap=off --display_error_number --abi=eabi --preproc_with_compile --preproc_dependency="main.d_raw"  "../main.c"
Finished building: "../main.c"
 
Building target: "Lab1.out"
Invoking: Arm Linker
"/Applications/ti/ccs1271/ccs/tools/compiler/ti-cgt-arm_20.2.7.LTS/bin/armcl" -mv7M4 --code_state=16 --float_support=FPv4SPD16 -me --define=ccs="ccs" --define=PART_TM4C123GH6PM -g --gcc --diag_warning=225 --diag_wrap=off --display_error_number --abi=eabi -z -m"Lab1.map" --heap_size=0 --stack_size=512 -i"/Applications/ti/ccs1271/ccs/tools/compiler/ti-cgt-arm_20.2.7.LTS/lib" -i"/Applications/ti/ccs1271/ccs/tools/compiler/ti-cgt-arm_20.2.7.LTS/include" --reread_libs --diag_wrap=off --display_error_number --warn_sections --xml_link_info="Lab1_linkInfo.xml" --rom_model -o "Lab1.out" "./main.obj" "./tm4c123gh6pm_startup_ccs.obj"  -llibc.a 
<Linking>
warning #10247-D: creating output section ".text" without a SECTIONS specification
Finished building target: "Lab1.out"
warning #10247-D: creating output section ".stack" without a SECTIONS specification
 

**** Build Finished ****

**** Build of configuration Debug__TI for project Lab1 ****

/Applications/ti/ccs1271/ccs/utils/bin/gmake -k -j 7 all -O 
 
gmake[1]: 'Lab1.out' is up to date.

**** Build Finished ****

**** Build of configuration Debug__TI for project Lab1 ****

/Applications/ti/ccs1271/ccs/utils/bin/gmake -k -j 7 all -O 
 
Building file: "../main.c"
Invoking: Arm Compiler
"/Applications/ti/ccs1271/ccs/tools/compiler/ti-cgt-arm_20.2.7.LTS/bin/armcl" -mv7M4 --code_state=16 --float_support=FPv4SPD16 -me --include_path="/Users/yashmanojmeshram/Desktop/ /sem 7/Embedded Systems/CCS Projects/Lab1/Lab1" --include_path="/Applications/ti/ccs1271/ccs/tools/compiler/ti-cgt-arm_20.2.7.LTS/include" --define=ccs="ccs" --define=PART_TM4C123GH6PM -g --gcc --diag_warning=225 --diag_wrap=off --display_error_number --abi=eabi --preproc_with_compile --preproc_dependency="main.d_raw"  "../main.c"
Finished building: "../main.c"
 
Building target: "Lab1.out"
Invoking: Arm Linker
"/Applications/ti/ccs1271/ccs/tools/compiler/ti-cgt-arm_20.2.7.LTS/bin/armcl" -mv7M4 --code_state=16 --float_support=FPv4SPD16 -me --define=ccs="ccs" --define=PART_TM4C123GH6PM -g --gcc --diag_warning=225 --diag_wrap=off --display_error_number --abi=eabi -z -m"Lab1.map" --heap_size=0 --stack_size=512 -i"/Applications/ti/ccs1271/ccs/tools/compiler/ti-cgt-arm_20.2.7.LTS/lib" -i"/Applications/ti/ccs1271/ccs/tools/compiler/ti-cgt-arm_20.2.7.LTS/include" --reread_libs --diag_wrap=off --display_error_number --warn_sections --xml_link_info="Lab1_linkInfo.xml" --rom_model -o "Lab1.out" "./main.obj" "./tm4c123gh6pm_startup_ccs.obj"  -llibc.a 
<Linking>
warning #10247-D: creating output section ".text" without a SECTIONS specification
warning #10247-D: creating output section ".stack" without a SECTIONS specification
Finished building target: "Lab1.out"
 

**** Build Finished ****

**** Build of configuration Debug__TI for project Lab1 ****

/Applications/ti/ccs1271/ccs/utils/bin/gmake -k -j 7 all -O 
 
gmake[1]: 'Lab1.out' is up to date.

**** Build Finished ****

**** Build of configuration Debug__TI for project Lab1 ****

/Applications/ti/ccs1271/ccs/utils/bin/gmake -k -j 7 all -O 
 
Building file: "../main.c"
Invoking: Arm Compiler
"/Applications/ti/ccs1271/ccs/tools/compiler/ti-cgt-arm_20.2.7.LTS/bin/armcl" -mv7M4 --code_state=16 --float_support=FPv4SPD16 -me --include_path="/Users/yashmanojmeshram/Desktop/ /sem 7/Embedded Systems/CCS Projects/Lab1/Lab1" --include_path="/Applications/ti/ccs1271/ccs/tools/compiler/ti-cgt-arm_20.2.7.LTS/include" --define=ccs="ccs" --define=PART_TM4C123GH6PM -g --gcc --diag_warning=225 --diag_wrap=off --display_error_number --abi=eabi --preproc_with_compile --preproc_dependency="main.d_raw"  "../main.c"
"../main.c", line 48: warning #112-D: statement is unreachable
Finished building: "../main.c"
 
Building target: "Lab1.out"
Invoking: Arm Linker
"/Applications/ti/ccs1271/ccs/tools/compiler/ti-cgt-arm_20.2.7.LTS/bin/armcl" -mv7M4 --code_state=16 --float_support=FPv4SPD16 -me --define=ccs="ccs" --define=PART_TM4C123GH6PM -g --gcc --diag_warning=225 --diag_wrap=off --display_error_number --abi=eabi -z -m"Lab1.map" --heap_size=0 --stack_size=512 -i"/Applications/ti/ccs1271/ccs/tools/compiler/ti-cgt-arm_20.2.7.LTS/lib" -i"/Applications/ti/ccs1271/ccs/tools/compiler/ti-cgt-arm_20.2.7.LTS/include" --reread_libs --diag_wrap=off --display_error_number --warn_sections --xml_link_info="Lab1_linkInfo.xml" --rom_model -o "Lab1.out" "./main.obj" "./tm4c123gh6pm_startup_ccs.obj"  -llibc.a 
<Linking>
warning #10247-D: creating output section ".text" without a SECTIONS specification
warning #10247-D: creating output section ".stack" without a SECTIONS specification
Finished building target: "Lab1.out"
 

**** Build Finished ****

**** Build of configuration Debug__TI for project Lab1 ****

/Applications/ti/ccs1271/ccs/utils/bin/gmake -k -j 7 all -O 
 
gmake[1]: 'Lab1.out' is up to date.

**** Build Finished ****

**** Build of configuration Debug__TI for project Lab1 ****

/Applications/ti/ccs1271/ccs/utils/bin/gmake -k -j 7 all -O 
 
gmake[1]: 'Lab1.out' is up to date.

**** Build Finished ****

**** Build of configuration Debug__TI for project Lab1 ****

/Applications/ti/ccs1271/ccs/utils/bin/gmake -k -j 7 all -O 
 
Building file: "../main.c"
Invoking: Arm Compiler
"/Applications/ti/ccs1271/ccs/tools/compiler/ti-cgt-arm_20.2.7.LTS/bin/armcl" -mv7M4 --code_state=16 --float_support=FPv4SPD16 -me --include_path="/Users/yashmanojmeshram/Desktop/ /sem 7/Embedded Systems/CCS Projects/Lab1/Lab1" --include_path="/Applications/ti/ccs1271/ccs/tools/compiler/ti-cgt-arm_20.2.7.LTS/include" --define=ccs="ccs" --define=PART_TM4C123GH6PM -g --gcc --diag_warning=225 --diag_wrap=off --display_error_number --abi=eabi --preproc_with_compile --preproc_dependency="main.d_raw"  "../main.c"
warning #10247-D: creating output section ".text" without a SECTIONS specification
warning #10247-D: creating output section ".stack" without a SECTIONS specification
Finished building: "../main.c"
 
Building target: "Lab1.out"
Invoking: Arm Linker
"/Applications/ti/ccs1271/ccs/tools/compiler/ti-cgt-arm_20.2.7.LTS/bin/armcl" -mv7M4 --code_state=16 --float_support=FPv4SPD16 -me --define=ccs="ccs" --define=PART_TM4C123GH6PM -g --gcc --diag_warning=225 --diag_wrap=off --display_error_number --abi=eabi -z -m"Lab1.map" --heap_size=0 --stack_size=512 -i"/Applications/ti/ccs1271/ccs/tools/compiler/ti-cgt-arm_20.2.7.LTS/lib" -i"/Applications/ti/ccs1271/ccs/tools/compiler/ti-cgt-arm_20.2.7.LTS/include" --reread_libs --diag_wrap=off --display_error_number --warn_sections --xml_link_info="Lab1_linkInfo.xml" --rom_model -o "Lab1.out" "./main.obj" "./tm4c123gh6pm_startup_ccs.obj"  -llibc.a 
<Linking>
Finished building target: "Lab1.out"
 

**** Build Finished ****

**** Build of configuration Debug__TI for project Lab1 ****

/Applications/ti/ccs1271/ccs/utils/bin/gmake -k -j 7 all -O 
 
gmake[1]: 'Lab1.out' is up to date.

**** Build Finished ****

**** Build of configuration Debug__TI for project Lab1 ****

/Applications/ti/ccs1271/ccs/utils/bin/gmake -k -j 7 all -O 
 
gmake[1]: 'Lab1.out' is up to date.

**** Build Finished ****

**** Build of configuration Debug__TI for project Lab1 ****

/Applications/ti/ccs1271/ccs/utils/bin/gmake -k -j 7 all -O 
 
Building file: "../main.c"
Invoking: Arm Compiler
"/Applications/ti/ccs1271/ccs/tools/compiler/ti-cgt-arm_20.2.7.LTS/bin/armcl" -mv7M4 --code_state=16 --float_support=FPv4SPD16 -me --include_path="/Users/yashmanojmeshram/Desktop/ /sem 7/Embedded Systems/CCS Projects/Lab1/Lab1" --include_path="/Applications/ti/ccs1271/ccs/tools/compiler/ti-cgt-arm_20.2.7.LTS/include" --define=ccs="ccs" --define=PART_TM4C123GH6PM -g --gcc --diag_warning=225 --diag_wrap=off --display_error_number --abi=eabi --preproc_with_compile --preproc_dependency="main.d_raw"  "../main.c"
Finished building: "../main.c"
 
Building target: "Lab1.out"
Invoking: Arm Linker
"/Applications/ti/ccs1271/ccs/tools/compiler/ti-cgt-arm_20.2.7.LTS/bin/armcl" -mv7M4 --code_state=16 --float_support=FPv4SPD16 -me --define=ccs="ccs" --define=PART_TM4C123GH6PM -g --gcc --diag_warning=225 --diag_wrap=off --display_error_number --abi=eabi -z -m"Lab1.map" --heap_size=0 --stack_size=512 -i"/Applications/ti/ccs1271/ccs/tools/compiler/ti-cgt-arm_20.2.7.LTS/lib" -i"/Applications/ti/ccs1271/ccs/tools/compiler/ti-cgt-arm_20.2.7.LTS/include" --reread_libs --diag_wrap=off --display_error_number --warn_sections --xml_link_info="Lab1_linkInfo.xml" --rom_model -o "Lab1.out" "./main.obj" "./tm4c123gh6pm_startup_ccs.obj"  -llibc.a 
<Linking>
warning #10247-D: creating output section ".text" without a SECTIONS specification
warning #10247-D: creating output section ".stack" without a SECTIONS specification
Finished building target: "Lab1.out"
 

**** Build Finished ****

**** Build of configuration Debug__TI for project Lab1 ****

/Applications/ti/ccs1271/ccs/utils/bin/gmake -k -j 7 all -O 
 
gmake[1]: 'Lab1.out' is up to date.

**** Build Finished ****

**** Build of configuration Debug__TI for project Lab1 ****

/Applications/ti/ccs1271/ccs/utils/bin/gmake -k -j 7 all -O 
 
Building file: "../main.c"
Invoking: Arm Compiler
"/Applications/ti/ccs1271/ccs/tools/compiler/ti-cgt-arm_20.2.7.LTS/bin/armcl" -mv7M4 --code_state=16 --float_support=FPv4SPD16 -me --include_path="/Users/yashmanojmeshram/Desktop/ /sem 7/Embedded Systems/CCS Projects/Lab1/Lab1" --include_path="/Applications/ti/ccs1271/ccs/tools/compiler/ti-cgt-arm_20.2.7.LTS/include" --define=ccs="ccs" --define=PART_TM4C123GH6PM -g --gcc --diag_warning=225 --diag_wrap=off --display_error_number --abi=eabi --preproc_with_compile --preproc_dependency="main.d_raw"  "../main.c"
Finished building: "../main.c"
 
Building target: "Lab1.out"
Invoking: Arm Linker
"/Applications/ti/ccs1271/ccs/tools/compiler/ti-cgt-arm_20.2.7.LTS/bin/armcl" -mv7M4 --code_state=16 --float_support=FPv4SPD16 -me --define=ccs="ccs" --define=PART_TM4C123GH6PM -g --gcc --diag_warning=225 --diag_wrap=off --display_error_number --abi=eabi -z -m"Lab1.map" --heap_size=0 --stack_size=512 -i"/Applications/ti/ccs1271/ccs/tools/compiler/ti-cgt-arm_20.2.7.LTS/lib" -i"/Applications/ti/ccs1271/ccs/tools/compiler/ti-cgt-arm_20.2.7.LTS/include" --reread_libs --diag_wrap=off --display_error_number --warn_sections --xml_link_info="Lab1_linkInfo.xml" --rom_model -o "Lab1.out" "./main.obj" "./tm4c123gh6pm_startup_ccs.obj"  -llibc.a 
<Linking>
warning #10247-D: creating output section ".text" without a SECTIONS specification
warning #10247-D: creating output section ".stack" without a SECTIONS specification
Finished building target: "Lab1.out"
 

**** Build Finished ****

**** Build of configuration Debug__TI for project Lab1 ****

/Applications/ti/ccs1271/ccs/utils/bin/gmake -k -j 7 all -O 
 
gmake[1]: 'Lab1.out' is up to date.

**** Build Finished ****

**** Build of configuration Debug__TI for project Lab1 ****

/Applications/ti/ccs1271/ccs/utils/bin/gmake -k -j 7 all -O 
 
Building file: "../main.c"
Invoking: Arm Compiler
"/Applications/ti/ccs1271/ccs/tools/compiler/ti-cgt-arm_20.2.7.LTS/bin/armcl" -mv7M4 --code_state=16 --float_support=FPv4SPD16 -me --include_path="/Users/yashmanojmeshram/Desktop/ /sem 7/Embedded Systems/CCS Projects/Lab1/Lab1" --include_path="/Applications/ti/ccs1271/ccs/tools/compiler/ti-cgt-arm_20.2.7.LTS/include" --define=ccs="ccs" --define=PART_TM4C123GH6PM -g --gcc --diag_warning=225 --diag_wrap=off --display_error_number --abi=eabi --preproc_with_compile --preproc_dependency="main.d_raw"  "../main.c"
Finished building: "../main.c"
 
Building target: "Lab1.out"
Invoking: Arm Linker
"/Applications/ti/ccs1271/ccs/tools/compiler/ti-cgt-arm_20.2.7.LTS/bin/armcl" -mv7M4 --code_state=16 --float_support=FPv4SPD16 -me --define=ccs="ccs" --define=PART_TM4C123GH6PM -g --gcc --diag_warning=225 --diag_wrap=off --display_error_number --abi=eabi -z -m"Lab1.map" --heap_size=0 --stack_size=512 -i"/Applications/ti/ccs1271/ccs/tools/compiler/ti-cgt-arm_20.2.7.LTS/lib" -i"/Applications/ti/ccs1271/ccs/tools/compiler/ti-cgt-arm_20.2.7.LTS/include" --reread_libs --diag_wrap=off --display_error_number --warn_sections --xml_link_info="Lab1_linkInfo.xml" --rom_model -o "Lab1.out" "./main.obj" "./tm4c123gh6pm_startup_ccs.obj"  -llibc.a 
<Linking>
warning #10247-D: creating output section ".text" without a SECTIONS specification
warning #10247-D: creating output section ".stack" without a SECTIONS specification
Finished building target: "Lab1.out"
 

**** Build Finished ****

**** Build of configuration Debug__TI for project Lab1 ****

/Applications/ti/ccs1271/ccs/utils/bin/gmake -k -j 7 all -O 
 
gmake[1]: 'Lab1.out' is up to date.

**** Build Finished ****

**** Build of configuration Debug__TI for project Lab1 ****

/Applications/ti/ccs1271/ccs/utils/bin/gmake -k -j 7 all -O 
 
Building file: "../main.c"
Invoking: Arm Compiler
"/Applications/ti/ccs1271/ccs/tools/compiler/ti-cgt-arm_20.2.7.LTS/bin/armcl" -mv7M4 --code_state=16 --float_support=FPv4SPD16 -me --include_path="/Users/yashmanojmeshram/Desktop/ /sem 7/Embedded Systems/CCS Projects/Lab1/Lab1" --include_path="/Applications/ti/ccs1271/ccs/tools/compiler/ti-cgt-arm_20.2.7.LTS/include" --define=ccs="ccs" --define=PART_TM4C123GH6PM -g --gcc --diag_warning=225 --diag_wrap=off --display_error_number --abi=eabi --preproc_with_compile --preproc_dependency="main.d_raw"  "../main.c"
Finished building: "../main.c"
 
Building target: "Lab1.out"
Invoking: Arm Linker
"/Applications/ti/ccs1271/ccs/tools/compiler/ti-cgt-arm_20.2.7.LTS/bin/armcl" -mv7M4 --code_state=16 --float_support=FPv4SPD16 -me --define=ccs="ccs" --define=PART_TM4C123GH6PM -g --gcc --diag_warning=225 --diag_wrap=off --display_error_number --abi=eabi -z -m"Lab1.map" --heap_size=0 --stack_size=512 -i"/Applications/ti/ccs1271/ccs/tools/compiler/ti-cgt-arm_20.2.7.LTS/lib" -i"/Applications/ti/ccs1271/ccs/tools/compiler/ti-cgt-arm_20.2.7.LTS/include" --reread_libs --diag_wrap=off --display_error_number --warn_sections --xml_link_info="Lab1_linkInfo.xml" --rom_model -o "Lab1.out" "./main.obj" "./tm4c123gh6pm_startup_ccs.obj"  -llibc.a 
<Linking>
warning #10247-D: creating output section ".text" without a SECTIONS specification
warning #10247-D: creating output section ".stack" without a SECTIONS specification
Finished building target: "Lab1.out"
 

**** Build Finished ****

**** Build of configuration Debug__TI for project Lab1 ****

/Applications/ti/ccs1271/ccs/utils/bin/gmake -k -j 7 all -O 
 
gmake[1]: 'Lab1.out' is up to date.

**** Build Finished ****

**** Build of configuration Debug__TI for project Lab1 ****

/Applications/ti/ccs1271/ccs/utils/bin/gmake -k -j 7 all -O 
 
Building file: "../main.c"
Invoking: Arm Compiler
"/Applications/ti/ccs1271/ccs/tools/compiler/ti-cgt-arm_20.2.7.LTS/bin/armcl" -mv7M4 --code_state=16 --float_support=FPv4SPD16 -me --include_path="/Users/yashmanojmeshram/Desktop/ /sem 7/Embedded Systems/CCS Projects/Lab1/Lab1" --include_path="/Applications/ti/ccs1271/ccs/tools/compiler/ti-cgt-arm_20.2.7.LTS/include" --define=ccs="ccs" --define=PART_TM4C123GH6PM -g --gcc --diag_warning=225 --diag_wrap=off --display_error_number --abi=eabi --preproc_with_compile --preproc_dependency="main.d_raw"  "../main.c"
Finished building: "../main.c"
 
Building target: "Lab1.out"
Invoking: Arm Linker
"/Applications/ti/ccs1271/ccs/tools/compiler/ti-cgt-arm_20.2.7.LTS/bin/armcl" -mv7M4 --code_state=16 --float_support=FPv4SPD16 -me --define=ccs="ccs" --define=PART_TM4C123GH6PM -g --gcc --diag_warning=225 --diag_wrap=off --display_error_number --abi=eabi -z -m"Lab1.map" --heap_size=0 --stack_size=512 -i"/Applications/ti/ccs1271/ccs/tools/compiler/ti-cgt-arm_20.2.7.LTS/lib" -i"/Applications/ti/ccs1271/ccs/tools/compiler/ti-cgt-arm_20.2.7.LTS/include" --reread_libs --diag_wrap=off --display_error_number --warn_sections --xml_link_info="Lab1_linkInfo.xml" --rom_model -o "Lab1.out" "./main.obj" "./tm4c123gh6pm_startup_ccs.obj"  -llibc.a 
<Linking>
warning #10247-D: creating output section ".text" without a SECTIONS specification
warning #10247-D: creating output section ".stack" without a SECTIONS specification
Finished building target: "Lab1.out"
 

**** Build Finished ****

**** Build of configuration Debug__TI for project Lab1 ****

/Applications/ti/ccs1271/ccs/utils/bin/gmake -k -j 7 all -O 
 
gmake[1]: 'Lab1.out' is up to date.

**** Build Finished ****

**** Build of configuration Debug__TI for project Lab1 ****

/Applications/ti/ccs1271/ccs/utils/bin/gmake -k -j 7 all -O 
 
Building file: "../main.c"
Invoking: Arm Compiler
"/Applications/ti/ccs1271/ccs/tools/compiler/ti-cgt-arm_20.2.7.LTS/bin/armcl" -mv7M4 --code_state=16 --float_support=FPv4SPD16 -me --include_path="/Users/yashmanojmeshram/Desktop/ /sem 7/Embedded Systems/CCS Projects/Lab1/Lab1" --include_path="/Applications/ti/ccs1271/ccs/tools/compiler/ti-cgt-arm_20.2.7.LTS/include" --define=ccs="ccs" --define=PART_TM4C123GH6PM -g --gcc --diag_warning=225 --diag_wrap=off --display_error_number --abi=eabi --preproc_with_compile --preproc_dependency="main.d_raw"  "../main.c"
Finished building: "../main.c"
 
Building target: "Lab1.out"
Invoking: Arm Linker
"/Applications/ti/ccs1271/ccs/tools/compiler/ti-cgt-arm_20.2.7.LTS/bin/armcl" -mv7M4 --code_state=16 --float_support=FPv4SPD16 -me --define=ccs="ccs" --define=PART_TM4C123GH6PM -g --gcc --diag_warning=225 --diag_wrap=off --display_error_number --abi=eabi -z -m"Lab1.map" --heap_size=0 --stack_size=512 -i"/Applications/ti/ccs1271/ccs/tools/compiler/ti-cgt-arm_20.2.7.LTS/lib" -i"/Applications/ti/ccs1271/ccs/tools/compiler/ti-cgt-arm_20.2.7.LTS/include" --reread_libs --diag_wrap=off --display_error_number --warn_sections --xml_link_info="Lab1_linkInfo.xml" --rom_model -o "Lab1.out" "./main.obj" "./tm4c123gh6pm_startup_ccs.obj"  -llibc.a 
<Linking>
warning #10247-D: creating output section ".text" without a SECTIONS specification
warning #10247-D: creating output section ".stack" without a SECTIONS specification
Finished building target: "Lab1.out"
 

**** Build Finished ****

**** Build of configuration Debug__TI for project Lab1 ****

/Applications/ti/ccs1271/ccs/utils/bin/gmake -k -j 7 all -O 
 
gmake[1]: 'Lab1.out' is up to date.

**** Build Finished ****

**** Build of configuration Debug__TI for project Lab1 ****

/Applications/ti/ccs1271/ccs/utils/bin/gmake -k -j 7 all -O 
 
Building file: "../main.c"
Invoking: Arm Compiler
"/Applications/ti/ccs1271/ccs/tools/compiler/ti-cgt-arm_20.2.7.LTS/bin/armcl" -mv7M4 --code_state=16 --float_support=FPv4SPD16 -me --include_path="/Users/yashmanojmeshram/Desktop/ /sem 7/Embedded Systems/CCS Projects/Lab1/Lab1" --include_path="/Applications/ti/ccs1271/ccs/tools/compiler/ti-cgt-arm_20.2.7.LTS/include" --define=ccs="ccs" --define=PART_TM4C123GH6PM -g --gcc --diag_warning=225 --diag_wrap=off --display_error_number --abi=eabi --preproc_with_compile --preproc_dependency="main.d_raw"  "../main.c"
Finished building: "../main.c"
 
Building target: "Lab1.out"
Invoking: Arm Linker
"/Applications/ti/ccs1271/ccs/tools/compiler/ti-cgt-arm_20.2.7.LTS/bin/armcl" -mv7M4 --code_state=16 --float_support=FPv4SPD16 -me --define=ccs="ccs" --define=PART_TM4C123GH6PM -g --gcc --diag_warning=225 --diag_wrap=off --display_error_number --abi=eabi -z -m"Lab1.map" --heap_size=0 --stack_size=512 -i"/Applications/ti/ccs1271/ccs/tools/compiler/ti-cgt-arm_20.2.7.LTS/lib" -i"/Applications/ti/ccs1271/ccs/tools/compiler/ti-cgt-arm_20.2.7.LTS/include" --reread_libs --diag_wrap=off --display_error_number --warn_sections --xml_link_info="Lab1_linkInfo.xml" --rom_model -o "Lab1.out" "./main.obj" "./tm4c123gh6pm_startup_ccs.obj"  -llibc.a 
<Linking>
warning #10247-D: creating output section ".text" without a SECTIONS specification
Finished building target: "Lab1.out"
warning #10247-D: creating output section ".stack" without a SECTIONS specification
 

**** Build Finished ****

**** Build of configuration Debug__TI for project Lab1 ****

/Applications/ti/ccs1271/ccs/utils/bin/gmake -k -j 7 all -O 
 
gmake[1]: 'Lab1.out' is up to date.

**** Build Finished ****

**** Build of configuration Debug__TI for project Lab1 ****

/Applications/ti/ccs1271/ccs/utils/bin/gmake -k -j 7 all -O 
 
Building file: "../main.c"
Invoking: Arm Compiler
"/Applications/ti/ccs1271/ccs/tools/compiler/ti-cgt-arm_20.2.7.LTS/bin/armcl" -mv7M4 --code_state=16 --float_support=FPv4SPD16 -me --include_path="/Users/yashmanojmeshram/Desktop/ /sem 7/Embedded Systems/CCS Projects/Lab1/Lab1" --include_path="/Applications/ti/ccs1271/ccs/tools/compiler/ti-cgt-arm_20.2.7.LTS/include" --define=ccs="ccs" --define=PART_TM4C123GH6PM -g --gcc --diag_warning=225 --diag_wrap=off --display_error_number --abi=eabi --preproc_with_compile --preproc_dependency="main.d_raw"  "../main.c"
Finished building: "../main.c"
 
Building target: "Lab1.out"
Invoking: Arm Linker
"/Applications/ti/ccs1271/ccs/tools/compiler/ti-cgt-arm_20.2.7.LTS/bin/armcl" -mv7M4 --code_state=16 --float_support=FPv4SPD16 -me --define=ccs="ccs" --define=PART_TM4C123GH6PM -g --gcc --diag_warning=225 --diag_wrap=off --display_error_number --abi=eabi -z -m"Lab1.map" --heap_size=0 --stack_size=512 -i"/Applications/ti/ccs1271/ccs/tools/compiler/ti-cgt-arm_20.2.7.LTS/lib" -i"/Applications/ti/ccs1271/ccs/tools/compiler/ti-cgt-arm_20.2.7.LTS/include" --reread_libs --diag_wrap=off --display_error_number --warn_sections --xml_link_info="Lab1_linkInfo.xml" --rom_model -o "Lab1.out" "./main.obj" "./tm4c123gh6pm_startup_ccs.obj"  -llibc.a 
<Linking>
warning #10247-D: creating output section ".text" without a SECTIONS specification
warning #10247-D: creating output section ".stack" without a SECTIONS specification
Finished building target: "Lab1.out"
 

**** Build Finished ****

**** Build of configuration Debug__TI for project Lab1 ****

/Applications/ti/ccs1271/ccs/utils/bin/gmake -k -j 7 all -O 
 
gmake[1]: 'Lab1.out' is up to date.

**** Build Finished ****

**** Build of configuration Debug for project Lab2 ****

/Applications/ti/ccs1271/ccs/utils/bin/gmake -k -j 7 all -O 
 
Building file: "../tm4c123gh6pm_startup_ccs.c"
Invoking: Arm Compiler
"/Applications/ti/ccs1271/ccs/tools/compiler/ti-cgt-arm_20.2.7.LTS/bin/armcl" -mv7M4 --code_state=16 --float_support=FPv4SPD16 -me --include_path="/Users/yashmanojmeshram/Desktop/ /sem 7/Embedded Systems/CCS Projects/Lab1/Lab2" --include_path="/Applications/ti/ccs1271/ccs/tools/compiler/ti-cgt-arm_20.2.7.LTS/include" --define=ccs="ccs" --define=PART_TM4C123GH6PM -g --gcc --diag_warning=225 --diag_wrap=off --display_error_number --abi=eabi --preproc_with_compile --preproc_dependency="tm4c123gh6pm_startup_ccs.d_raw"  "../tm4c123gh6pm_startup_ccs.c"
Finished building: "../tm4c123gh6pm_startup_ccs.c"
 
Building file: "../main.c"
Invoking: Arm Compiler
"/Applications/ti/ccs1271/ccs/tools/compiler/ti-cgt-arm_20.2.7.LTS/bin/armcl" -mv7M4 --code_state=16 --float_support=FPv4SPD16 -me --include_path="/Users/yashmanojmeshram/Desktop/ /sem 7/Embedded Systems/CCS Projects/Lab1/Lab2" --include_path="/Applications/ti/ccs1271/ccs/tools/compiler/ti-cgt-arm_20.2.7.LTS/include" --define=ccs="ccs" --define=PART_TM4C123GH6PM -g --gcc --diag_warning=225 --diag_wrap=off --display_error_number --abi=eabi --preproc_with_compile --preproc_dependency="main.d_raw"  "../main.c"
Finished building: "../main.c"
 
Building target: "Lab2.out"
Invoking: Arm Linker
"/Applications/ti/ccs1271/ccs/tools/compiler/ti-cgt-arm_20.2.7.LTS/bin/armcl" -mv7M4 --code_state=16 --float_support=FPv4SPD16 -me --define=ccs="ccs" --define=PART_TM4C123GH6PM -g --gcc --diag_warning=225 --diag_wrap=off --display_error_number --abi=eabi -z -m"Lab2.map" --heap_size=0 --stack_size=512 -i"/Applications/ti/ccs1271/ccs/tools/compiler/ti-cgt-arm_20.2.7.LTS/lib" -i"/Applications/ti/ccs1271/ccs/tools/compiler/ti-cgt-arm_20.2.7.LTS/include" --reread_libs --diag_wrap=off --display_error_number --warn_sections --xml_link_info="Lab2_linkInfo.xml" --rom_model -o "Lab2.out" "./main.obj" "./tm4c123gh6pm_startup_ccs.obj" "../tm4c123gh6pm.cmd"  -llibc.a 
<Linking>
Finished building target: "Lab2.out"
 

**** Build Finished ****

**** Build of configuration Debug for project Lab2 ****

/Applications/ti/ccs1271/ccs/utils/bin/gmake -k -j 7 all -O 
 
gmake[1]: 'Lab2.out' is up to date.

**** Build Finished ****

**** Build of configuration Debug for project Lab2 ****

/Applications/ti/ccs1271/ccs/utils/bin/gmake -k -j 7 all -O 
 
Building file: "../main.c"
Invoking: Arm Compiler
"/Applications/ti/ccs1271/ccs/tools/compiler/ti-cgt-arm_20.2.7.LTS/bin/armcl" -mv7M4 --code_state=16 --float_support=FPv4SPD16 -me --include_path="/Users/yashmanojmeshram/Desktop/ /sem 7/Embedded Systems/CCS Projects/Lab1/Lab2" --include_path="/Applications/ti/ccs1271/ccs/tools/compiler/ti-cgt-arm_20.2.7.LTS/include" --define=ccs="ccs" --define=PART_TM4C123GH6PM -g --gcc --diag_warning=225 --diag_wrap=off --display_error_number --abi=eabi --preproc_with_compile --preproc_dependency="main.d_raw"  "../main.c"
Finished building: "../main.c"
 
Building target: "Lab2.out"
Invoking: Arm Linker
"/Applications/ti/ccs1271/ccs/tools/compiler/ti-cgt-arm_20.2.7.LTS/bin/armcl" -mv7M4 --code_state=16 --float_support=FPv4SPD16 -me --define=ccs="ccs" --define=PART_TM4C123GH6PM -g --gcc --diag_warning=225 --diag_wrap=off --display_error_number --abi=eabi -z -m"Lab2.map" --heap_size=0 --stack_size=512 -i"/Applications/ti/ccs1271/ccs/tools/compiler/ti-cgt-arm_20.2.7.LTS/lib" -i"/Applications/ti/ccs1271/ccs/tools/compiler/ti-cgt-arm_20.2.7.LTS/include" --reread_libs --diag_wrap=off --display_error_number --warn_sections --xml_link_info="Lab2_linkInfo.xml" --rom_model -o "Lab2.out" "./main.obj" "./tm4c123gh6pm_startup_ccs.obj" "../tm4c123gh6pm.cmd"  -llibc.a 
<Linking>
Finished building target: "Lab2.out"
 

**** Build Finished ****

**** Build of configuration Debug for project Lab2 ****

/Applications/ti/ccs1271/ccs/utils/bin/gmake -k -j 7 all -O 
 
gmake[1]: 'Lab2.out' is up to date.

**** Build Finished ****

**** Build of configuration Debug for project Lab2 ****

/Applications/ti/ccs1271/ccs/utils/bin/gmake -k -j 7 all -O 
 
Building file: "../main.c"
Invoking: Arm Compiler
"/Applications/ti/ccs1271/ccs/tools/compiler/ti-cgt-arm_20.2.7.LTS/bin/armcl" -mv7M4 --code_state=16 --float_support=FPv4SPD16 -me --include_path="/Users/yashmanojmeshram/Desktop/ /sem 7/Embedded Systems/CCS Projects/Lab1/Lab2" --include_path="/Applications/ti/ccs1271/ccs/tools/compiler/ti-cgt-arm_20.2.7.LTS/include" --define=ccs="ccs" --define=PART_TM4C123GH6PM -g --gcc --diag_warning=225 --diag_wrap=off --display_error_number --abi=eabi --preproc_with_compile --preproc_dependency="main.d_raw"  "../main.c"
"../main.c", line 28: warning #189-D: use of "=" where "==" may have been intended
Finished building: "../main.c"
 
Building target: "Lab2.out"
Invoking: Arm Linker
"/Applications/ti/ccs1271/ccs/tools/compiler/ti-cgt-arm_20.2.7.LTS/bin/armcl" -mv7M4 --code_state=16 --float_support=FPv4SPD16 -me --define=ccs="ccs" --define=PART_TM4C123GH6PM -g --gcc --diag_warning=225 --diag_wrap=off --display_error_number --abi=eabi -z -m"Lab2.map" --heap_size=0 --stack_size=512 -i"/Applications/ti/ccs1271/ccs/tools/compiler/ti-cgt-arm_20.2.7.LTS/lib" -i"/Applications/ti/ccs1271/ccs/tools/compiler/ti-cgt-arm_20.2.7.LTS/include" --reread_libs --diag_wrap=off --display_error_number --warn_sections --xml_link_info="Lab2_linkInfo.xml" --rom_model -o "Lab2.out" "./main.obj" "./tm4c123gh6pm_startup_ccs.obj" "../tm4c123gh6pm.cmd"  -llibc.a 
<Linking>
Finished building target: "Lab2.out"
 

**** Build Finished ****

**** Build of configuration Debug for project Lab2 ****

/Applications/ti/ccs1271/ccs/utils/bin/gmake -k -j 7 all -O 
 
Building file: "../main.c"
Invoking: Arm Compiler
"/Applications/ti/ccs1271/ccs/tools/compiler/ti-cgt-arm_20.2.7.LTS/bin/armcl" -mv7M4 --code_state=16 --float_support=FPv4SPD16 -me --include_path="/Users/yashmanojmeshram/Desktop/ /sem 7/Embedded Systems/CCS Projects/Lab1/Lab2" --include_path="/Applications/ti/ccs1271/ccs/tools/compiler/ti-cgt-arm_20.2.7.LTS/include" --define=ccs="ccs" --define=PART_TM4C123GH6PM -g --gcc --diag_warning=225 --diag_wrap=off --display_error_number --abi=eabi --preproc_with_compile --preproc_dependency="main.d_raw"  "../main.c"
Finished building: "../main.c"
 
Building target: "Lab2.out"
Invoking: Arm Linker
"/Applications/ti/ccs1271/ccs/tools/compiler/ti-cgt-arm_20.2.7.LTS/bin/armcl" -mv7M4 --code_state=16 --float_support=FPv4SPD16 -me --define=ccs="ccs" --define=PART_TM4C123GH6PM -g --gcc --diag_warning=225 --diag_wrap=off --display_error_number --abi=eabi -z -m"Lab2.map" --heap_size=0 --stack_size=512 -i"/Applications/ti/ccs1271/ccs/tools/compiler/ti-cgt-arm_20.2.7.LTS/lib" -i"/Applications/ti/ccs1271/ccs/tools/compiler/ti-cgt-arm_20.2.7.LTS/include" --reread_libs --diag_wrap=off --display_error_number --warn_sections --xml_link_info="Lab2_linkInfo.xml" --rom_model -o "Lab2.out" "./main.obj" "./tm4c123gh6pm_startup_ccs.obj" "../tm4c123gh6pm.cmd"  -llibc.a 
<Linking>
Finished building target: "Lab2.out"
 

**** Build Finished ****

**** Build of configuration Debug for project Lab2 ****

/Applications/ti/ccs1271/ccs/utils/bin/gmake -k -j 7 all -O 
 
gmake[1]: 'Lab2.out' is up to date.

**** Build Finished ****

**** Build of configuration Debug for project Lab2 ****

/Applications/ti/ccs1271/ccs/utils/bin/gmake -k -j 7 all -O 
 
Building file: "../main.c"
Invoking: Arm Compiler
"/Applications/ti/ccs1271/ccs/tools/compiler/ti-cgt-arm_20.2.7.LTS/bin/armcl" -mv7M4 --code_state=16 --float_support=FPv4SPD16 -me --include_path="/Users/yashmanojmeshram/Desktop/ /sem 7/Embedded Systems/CCS Projects/Lab1/Lab2" --include_path="/Applications/ti/ccs1271/ccs/tools/compiler/ti-cgt-arm_20.2.7.LTS/include" --define=ccs="ccs" --define=PART_TM4C123GH6PM -g --gcc --diag_warning=225 --diag_wrap=off --display_error_number --abi=eabi --preproc_with_compile --preproc_dependency="main.d_raw"  "../main.c"
Finished building: "../main.c"
 
Building target: "Lab2.out"
Invoking: Arm Linker
"/Applications/ti/ccs1271/ccs/tools/compiler/ti-cgt-arm_20.2.7.LTS/bin/armcl" -mv7M4 --code_state=16 --float_support=FPv4SPD16 -me --define=ccs="ccs" --define=PART_TM4C123GH6PM -g --gcc --diag_warning=225 --diag_wrap=off --display_error_number --abi=eabi -z -m"Lab2.map" --heap_size=0 --stack_size=512 -i"/Applications/ti/ccs1271/ccs/tools/compiler/ti-cgt-arm_20.2.7.LTS/lib" -i"/Applications/ti/ccs1271/ccs/tools/compiler/ti-cgt-arm_20.2.7.LTS/include" --reread_libs --diag_wrap=off --display_error_number --warn_sections --xml_link_info="Lab2_linkInfo.xml" --rom_model -o "Lab2.out" "./main.obj" "./tm4c123gh6pm_startup_ccs.obj" "../tm4c123gh6pm.cmd"  -llibc.a 
<Linking>
Finished building target: "Lab2.out"
 

**** Build Finished ****

**** Build of configuration Debug for project Lab2 ****

/Applications/ti/ccs1271/ccs/utils/bin/gmake -k -j 7 all -O 
 
gmake[1]: 'Lab2.out' is up to date.

**** Build Finished ****

**** Build of configuration Debug for project Lab2 ****

/Applications/ti/ccs1271/ccs/utils/bin/gmake -k -j 7 all -O 
 
Building file: "../main.c"
Invoking: Arm Compiler
"/Applications/ti/ccs1271/ccs/tools/compiler/ti-cgt-arm_20.2.7.LTS/bin/armcl" -mv7M4 --code_state=16 --float_support=FPv4SPD16 -me --include_path="/Users/yashmanojmeshram/Desktop/ /sem 7/Embedded Systems/CCS Projects/Lab1/Lab2" --include_path="/Applications/ti/ccs1271/ccs/tools/compiler/ti-cgt-arm_20.2.7.LTS/include" --define=ccs="ccs" --define=PART_TM4C123GH6PM -g --gcc --diag_warning=225 --diag_wrap=off --display_error_number --abi=eabi --preproc_with_compile --preproc_dependency="main.d_raw"  "../main.c"
Finished building: "../main.c"
 
Building target: "Lab2.out"
Invoking: Arm Linker
"/Applications/ti/ccs1271/ccs/tools/compiler/ti-cgt-arm_20.2.7.LTS/bin/armcl" -mv7M4 --code_state=16 --float_support=FPv4SPD16 -me --define=ccs="ccs" --define=PART_TM4C123GH6PM -g --gcc --diag_warning=225 --diag_wrap=off --display_error_number --abi=eabi -z -m"Lab2.map" --heap_size=0 --stack_size=512 -i"/Applications/ti/ccs1271/ccs/tools/compiler/ti-cgt-arm_20.2.7.LTS/lib" -i"/Applications/ti/ccs1271/ccs/tools/compiler/ti-cgt-arm_20.2.7.LTS/include" --reread_libs --diag_wrap=off --display_error_number --warn_sections --xml_link_info="Lab2_linkInfo.xml" --rom_model -o "Lab2.out" "./main.obj" "./tm4c123gh6pm_startup_ccs.obj" "../tm4c123gh6pm.cmd"  -llibc.a 
<Linking>
Finished building target: "Lab2.out"
 

**** Build Finished ****

**** Build of configuration Debug for project Lab2 ****

/Applications/ti/ccs1271/ccs/utils/bin/gmake -k -j 7 all -O 
 
gmake[1]: 'Lab2.out' is up to date.

**** Build Finished ****

**** Build of configuration Debug for project Lab2 ****

/Applications/ti/ccs1271/ccs/utils/bin/gmake -k -j 7 all -O 
 
Building file: "../main.c"
Invoking: Arm Compiler
"/Applications/ti/ccs1271/ccs/tools/compiler/ti-cgt-arm_20.2.7.LTS/bin/armcl" -mv7M4 --code_state=16 --float_support=FPv4SPD16 -me --include_path="/Users/yashmanojmeshram/Desktop/ /sem 7/Embedded Systems/CCS Projects/Lab1/Lab2" --include_path="/Applications/ti/ccs1271/ccs/tools/compiler/ti-cgt-arm_20.2.7.LTS/include" --define=ccs="ccs" --define=PART_TM4C123GH6PM -g --gcc --diag_warning=225 --diag_wrap=off --display_error_number --abi=eabi --preproc_with_compile --preproc_dependency="main.d_raw"  "../main.c"
Finished building: "../main.c"
 
Building target: "Lab2.out"
Invoking: Arm Linker
"/Applications/ti/ccs1271/ccs/tools/compiler/ti-cgt-arm_20.2.7.LTS/bin/armcl" -mv7M4 --code_state=16 --float_support=FPv4SPD16 -me --define=ccs="ccs" --define=PART_TM4C123GH6PM -g --gcc --diag_warning=225 --diag_wrap=off --display_error_number --abi=eabi -z -m"Lab2.map" --heap_size=0 --stack_size=512 -i"/Applications/ti/ccs1271/ccs/tools/compiler/ti-cgt-arm_20.2.7.LTS/lib" -i"/Applications/ti/ccs1271/ccs/tools/compiler/ti-cgt-arm_20.2.7.LTS/include" --reread_libs --diag_wrap=off --display_error_number --warn_sections --xml_link_info="Lab2_linkInfo.xml" --rom_model -o "Lab2.out" "./main.obj" "./tm4c123gh6pm_startup_ccs.obj" "../tm4c123gh6pm.cmd"  -llibc.a 
<Linking>
Finished building target: "Lab2.out"
 

**** Build Finished ****

**** Build of configuration Debug for project Lab2 ****

/Applications/ti/ccs1271/ccs/utils/bin/gmake -k -j 7 all -O 
 
gmake[1]: 'Lab2.out' is up to date.

**** Build Finished ****

**** Build of configuration Debug for project Lab2 ****

/Applications/ti/ccs1271/ccs/utils/bin/gmake -k -j 7 all -O 
 
Building file: "../main.c"
Invoking: Arm Compiler
"/Applications/ti/ccs1271/ccs/tools/compiler/ti-cgt-arm_20.2.7.LTS/bin/armcl" -mv7M4 --code_state=16 --float_support=FPv4SPD16 -me --include_path="/Users/yashmanojmeshram/Desktop/ /sem 7/Embedded Systems/CCS Projects/Lab1/Lab2" --include_path="/Applications/ti/ccs1271/ccs/tools/compiler/ti-cgt-arm_20.2.7.LTS/include" --define=ccs="ccs" --define=PART_TM4C123GH6PM -g --gcc --diag_warning=225 --diag_wrap=off --display_error_number --abi=eabi --preproc_with_compile --preproc_dependency="main.d_raw"  "../main.c"
Finished building: "../main.c"
 
Building target: "Lab2.out"
Invoking: Arm Linker
"/Applications/ti/ccs1271/ccs/tools/compiler/ti-cgt-arm_20.2.7.LTS/bin/armcl" -mv7M4 --code_state=16 --float_support=FPv4SPD16 -me --define=ccs="ccs" --define=PART_TM4C123GH6PM -g --gcc --diag_warning=225 --diag_wrap=off --display_error_number --abi=eabi -z -m"Lab2.map" --heap_size=0 --stack_size=512 -i"/Applications/ti/ccs1271/ccs/tools/compiler/ti-cgt-arm_20.2.7.LTS/lib" -i"/Applications/ti/ccs1271/ccs/tools/compiler/ti-cgt-arm_20.2.7.LTS/include" --reread_libs --diag_wrap=off --display_error_number --warn_sections --xml_link_info="Lab2_linkInfo.xml" --rom_model -o "Lab2.out" "./main.obj" "./tm4c123gh6pm_startup_ccs.obj" "../tm4c123gh6pm.cmd"  -llibc.a 
<Linking>
Finished building target: "Lab2.out"
 

**** Build Finished ****

**** Build of configuration Debug for project Lab2 ****

/Applications/ti/ccs1271/ccs/utils/bin/gmake -k -j 7 all -O 
 
gmake[1]: 'Lab2.out' is up to date.

**** Build Finished ****

**** Build of configuration Debug for project Lab2 ****

/Applications/ti/ccs1271/ccs/utils/bin/gmake -k -j 7 all -O 
 
Building file: "../main.c"
Invoking: Arm Compiler
"/Applications/ti/ccs1271/ccs/tools/compiler/ti-cgt-arm_20.2.7.LTS/bin/armcl" -mv7M4 --code_state=16 --float_support=FPv4SPD16 -me --include_path="/Users/yashmanojmeshram/Desktop/ /sem 7/Embedded Systems/CCS Projects/Lab1/Lab2" --include_path="/Applications/ti/ccs1271/ccs/tools/compiler/ti-cgt-arm_20.2.7.LTS/include" --define=ccs="ccs" --define=PART_TM4C123GH6PM -g --gcc --diag_warning=225 --diag_wrap=off --display_error_number --abi=eabi --preproc_with_compile --preproc_dependency="main.d_raw"  "../main.c"
Finished building: "../main.c"
 
Building target: "Lab2.out"
Invoking: Arm Linker
"/Applications/ti/ccs1271/ccs/tools/compiler/ti-cgt-arm_20.2.7.LTS/bin/armcl" -mv7M4 --code_state=16 --float_support=FPv4SPD16 -me --define=ccs="ccs" --define=PART_TM4C123GH6PM -g --gcc --diag_warning=225 --diag_wrap=off --display_error_number --abi=eabi -z -m"Lab2.map" --heap_size=0 --stack_size=512 -i"/Applications/ti/ccs1271/ccs/tools/compiler/ti-cgt-arm_20.2.7.LTS/lib" -i"/Applications/ti/ccs1271/ccs/tools/compiler/ti-cgt-arm_20.2.7.LTS/include" --reread_libs --diag_wrap=off --display_error_number --warn_sections --xml_link_info="Lab2_linkInfo.xml" --rom_model -o "Lab2.out" "./main.obj" "./tm4c123gh6pm_startup_ccs.obj" "../tm4c123gh6pm.cmd"  -llibc.a 
<Linking>
Finished building target: "Lab2.out"
 

**** Build Finished ****

**** Build of configuration Debug for project Lab2 ****

/Applications/ti/ccs1271/ccs/utils/bin/gmake -k -j 7 all -O 
 
gmake[1]: 'Lab2.out' is up to date.

**** Build Finished ****

**** Build of configuration Debug for project Lab2 ****

/Applications/ti/ccs1271/ccs/utils/bin/gmake -k -j 7 all -O 
 
Building file: "../main.c"
Invoking: Arm Compiler
"/Applications/ti/ccs1271/ccs/tools/compiler/ti-cgt-arm_20.2.7.LTS/bin/armcl" -mv7M4 --code_state=16 --float_support=FPv4SPD16 -me --include_path="/Users/yashmanojmeshram/Desktop/ /sem 7/Embedded Systems/CCS Projects/Lab1/Lab2" --include_path="/Applications/ti/ccs1271/ccs/tools/compiler/ti-cgt-arm_20.2.7.LTS/include" --define=ccs="ccs" --define=PART_TM4C123GH6PM -g --gcc --diag_warning=225 --diag_wrap=off --display_error_number --abi=eabi --preproc_with_compile --preproc_dependency="main.d_raw"  "../main.c"
Finished building: "../main.c"
 
Building target: "Lab2.out"
Invoking: Arm Linker
"/Applications/ti/ccs1271/ccs/tools/compiler/ti-cgt-arm_20.2.7.LTS/bin/armcl" -mv7M4 --code_state=16 --float_support=FPv4SPD16 -me --define=ccs="ccs" --define=PART_TM4C123GH6PM -g --gcc --diag_warning=225 --diag_wrap=off --display_error_number --abi=eabi -z -m"Lab2.map" --heap_size=0 --stack_size=512 -i"/Applications/ti/ccs1271/ccs/tools/compiler/ti-cgt-arm_20.2.7.LTS/lib" -i"/Applications/ti/ccs1271/ccs/tools/compiler/ti-cgt-arm_20.2.7.LTS/include" --reread_libs --diag_wrap=off --display_error_number --warn_sections --xml_link_info="Lab2_linkInfo.xml" --rom_model -o "Lab2.out" "./main.obj" "./tm4c123gh6pm_startup_ccs.obj" "../tm4c123gh6pm.cmd"  -llibc.a 
<Linking>
Finished building target: "Lab2.out"
 

**** Build Finished ****

**** Build of configuration Debug for project Lab2 ****

/Applications/ti/ccs1271/ccs/utils/bin/gmake -k -j 7 all -O 
 
gmake[1]: 'Lab2.out' is up to date.

**** Build Finished ****

**** Build of configuration Debug for project Lab2 ****

/Applications/ti/ccs1271/ccs/utils/bin/gmake -k -j 7 all -O 
 
Building file: "../main.c"
Invoking: Arm Compiler
"/Applications/ti/ccs1271/ccs/tools/compiler/ti-cgt-arm_20.2.7.LTS/bin/armcl" -mv7M4 --code_state=16 --float_support=FPv4SPD16 -me --include_path="/Users/yashmanojmeshram/Desktop/ /sem 7/Embedded Systems/CCS Projects/Lab1/Lab2" --include_path="/Applications/ti/ccs1271/ccs/tools/compiler/ti-cgt-arm_20.2.7.LTS/include" --define=ccs="ccs" --define=PART_TM4C123GH6PM -g --gcc --diag_warning=225 --diag_wrap=off --display_error_number --abi=eabi --preproc_with_compile --preproc_dependency="main.d_raw"  "../main.c"
Finished building: "../main.c"
 
Building target: "Lab2.out"
Invoking: Arm Linker
"/Applications/ti/ccs1271/ccs/tools/compiler/ti-cgt-arm_20.2.7.LTS/bin/armcl" -mv7M4 --code_state=16 --float_support=FPv4SPD16 -me --define=ccs="ccs" --define=PART_TM4C123GH6PM -g --gcc --diag_warning=225 --diag_wrap=off --display_error_number --abi=eabi -z -m"Lab2.map" --heap_size=0 --stack_size=512 -i"/Applications/ti/ccs1271/ccs/tools/compiler/ti-cgt-arm_20.2.7.LTS/lib" -i"/Applications/ti/ccs1271/ccs/tools/compiler/ti-cgt-arm_20.2.7.LTS/include" --reread_libs --diag_wrap=off --display_error_number --warn_sections --xml_link_info="Lab2_linkInfo.xml" --rom_model -o "Lab2.out" "./main.obj" "./tm4c123gh6pm_startup_ccs.obj" "../tm4c123gh6pm.cmd"  -llibc.a 
<Linking>
Finished building target: "Lab2.out"
 

**** Build Finished ****

**** Build of configuration Debug for project Lab2 ****

/Applications/ti/ccs1271/ccs/utils/bin/gmake -k -j 7 all -O 
 
gmake[1]: 'Lab2.out' is up to date.

**** Build Finished ****

**** Build of configuration Debug for project Lab2 ****

/Applications/ti/ccs1271/ccs/utils/bin/gmake -k -j 7 all -O 
 
Building file: "../main.c"
Invoking: Arm Compiler
"/Applications/ti/ccs1271/ccs/tools/compiler/ti-cgt-arm_20.2.7.LTS/bin/armcl" -mv7M4 --code_state=16 --float_support=FPv4SPD16 -me --include_path="/Users/yashmanojmeshram/Desktop/ /sem 7/Embedded Systems/CCS Projects/Lab1/Lab2" --include_path="/Applications/ti/ccs1271/ccs/tools/compiler/ti-cgt-arm_20.2.7.LTS/include" --define=ccs="ccs" --define=PART_TM4C123GH6PM -g --gcc --diag_warning=225 --diag_wrap=off --display_error_number --abi=eabi --preproc_with_compile --preproc_dependency="main.d_raw"  "../main.c"
 
>> Compilation failure
subdir_rules.mk:7: recipe for target 'main.obj' failed
"../main.c", line 47: error #171: expected a declaration
1 error detected in the compilation of "../main.c".
gmake: *** [main.obj] Error 1
gmake: Target 'all' not remade because of errors.

**** Build Finished ****

**** Build of configuration Debug for project Lab2 ****

/Applications/ti/ccs1271/ccs/utils/bin/gmake -k -j 7 all -O 
 
Building file: "../main.c"
Invoking: Arm Compiler
"/Applications/ti/ccs1271/ccs/tools/compiler/ti-cgt-arm_20.2.7.LTS/bin/armcl" -mv7M4 --code_state=16 --float_support=FPv4SPD16 -me --include_path="/Users/yashmanojmeshram/Desktop/ /sem 7/Embedded Systems/CCS Projects/Lab1/Lab2" --include_path="/Applications/ti/ccs1271/ccs/tools/compiler/ti-cgt-arm_20.2.7.LTS/include" --define=ccs="ccs" --define=PART_TM4C123GH6PM -g --gcc --diag_warning=225 --diag_wrap=off --display_error_number --abi=eabi --preproc_with_compile --preproc_dependency="main.d_raw"  "../main.c"
Finished building: "../main.c"
 
Building target: "Lab2.out"
Invoking: Arm Linker
"/Applications/ti/ccs1271/ccs/tools/compiler/ti-cgt-arm_20.2.7.LTS/bin/armcl" -mv7M4 --code_state=16 --float_support=FPv4SPD16 -me --define=ccs="ccs" --define=PART_TM4C123GH6PM -g --gcc --diag_warning=225 --diag_wrap=off --display_error_number --abi=eabi -z -m"Lab2.map" --heap_size=0 --stack_size=512 -i"/Applications/ti/ccs1271/ccs/tools/compiler/ti-cgt-arm_20.2.7.LTS/lib" -i"/Applications/ti/ccs1271/ccs/tools/compiler/ti-cgt-arm_20.2.7.LTS/include" --reread_libs --diag_wrap=off --display_error_number --warn_sections --xml_link_info="Lab2_linkInfo.xml" --rom_model -o "Lab2.out" "./main.obj" "./tm4c123gh6pm_startup_ccs.obj" "../tm4c123gh6pm.cmd"  -llibc.a 
<Linking>
Finished building target: "Lab2.out"
 

**** Build Finished ****

**** Build of configuration Debug for project Lab2 ****

/Applications/ti/ccs1271/ccs/utils/bin/gmake -k -j 7 all -O 
 
gmake[1]: 'Lab2.out' is up to date.

**** Build Finished ****

**** Build of configuration Debug for project Lab2 ****

/Applications/ti/ccs1271/ccs/utils/bin/gmake -k -j 7 all -O 
 
Building file: "../main.c"
Invoking: Arm Compiler
"/Applications/ti/ccs1271/ccs/tools/compiler/ti-cgt-arm_20.2.7.LTS/bin/armcl" -mv7M4 --code_state=16 --float_support=FPv4SPD16 -me --include_path="/Users/yashmanojmeshram/Desktop/ /sem 7/Embedded Systems/CCS Projects/Lab1/Lab2" --include_path="/Applications/ti/ccs1271/ccs/tools/compiler/ti-cgt-arm_20.2.7.LTS/include" --define=ccs="ccs" --define=PART_TM4C123GH6PM -g --gcc --diag_warning=225 --diag_wrap=off --display_error_number --abi=eabi --preproc_with_compile --preproc_dependency="main.d_raw"  "../main.c"
"../main.c", line 28: warning #551-D: variable "i" is used before its value is set
Finished building: "../main.c"
 
Building target: "Lab2.out"
Invoking: Arm Linker
"/Applications/ti/ccs1271/ccs/tools/compiler/ti-cgt-arm_20.2.7.LTS/bin/armcl" -mv7M4 --code_state=16 --float_support=FPv4SPD16 -me --define=ccs="ccs" --define=PART_TM4C123GH6PM -g --gcc --diag_warning=225 --diag_wrap=off --display_error_number --abi=eabi -z -m"Lab2.map" --heap_size=0 --stack_size=512 -i"/Applications/ti/ccs1271/ccs/tools/compiler/ti-cgt-arm_20.2.7.LTS/lib" -i"/Applications/ti/ccs1271/ccs/tools/compiler/ti-cgt-arm_20.2.7.LTS/include" --reread_libs --diag_wrap=off --display_error_number --warn_sections --xml_link_info="Lab2_linkInfo.xml" --rom_model -o "Lab2.out" "./main.obj" "./tm4c123gh6pm_startup_ccs.obj" "../tm4c123gh6pm.cmd"  -llibc.a 
<Linking>
Finished building target: "Lab2.out"
 

**** Build Finished ****

**** Build of configuration Debug for project Lab2 ****

/Applications/ti/ccs1271/ccs/utils/bin/gmake -k -j 7 all -O 
 
Building file: "../main.c"
Invoking: Arm Compiler
"/Applications/ti/ccs1271/ccs/tools/compiler/ti-cgt-arm_20.2.7.LTS/bin/armcl" -mv7M4 --code_state=16 --float_support=FPv4SPD16 -me --include_path="/Users/yashmanojmeshram/Desktop/ /sem 7/Embedded Systems/CCS Projects/Lab1/Lab2" --include_path="/Applications/ti/ccs1271/ccs/tools/compiler/ti-cgt-arm_20.2.7.LTS/include" --define=ccs="ccs" --define=PART_TM4C123GH6PM -g --gcc --diag_warning=225 --diag_wrap=off --display_error_number --abi=eabi --preproc_with_compile --preproc_dependency="main.d_raw"  "../main.c"
Finished building: "../main.c"
 
Building target: "Lab2.out"
Invoking: Arm Linker
"/Applications/ti/ccs1271/ccs/tools/compiler/ti-cgt-arm_20.2.7.LTS/bin/armcl" -mv7M4 --code_state=16 --float_support=FPv4SPD16 -me --define=ccs="ccs" --define=PART_TM4C123GH6PM -g --gcc --diag_warning=225 --diag_wrap=off --display_error_number --abi=eabi -z -m"Lab2.map" --heap_size=0 --stack_size=512 -i"/Applications/ti/ccs1271/ccs/tools/compiler/ti-cgt-arm_20.2.7.LTS/lib" -i"/Applications/ti/ccs1271/ccs/tools/compiler/ti-cgt-arm_20.2.7.LTS/include" --reread_libs --diag_wrap=off --display_error_number --warn_sections --xml_link_info="Lab2_linkInfo.xml" --rom_model -o "Lab2.out" "./main.obj" "./tm4c123gh6pm_startup_ccs.obj" "../tm4c123gh6pm.cmd"  -llibc.a 
<Linking>
Finished building target: "Lab2.out"
 

**** Build Finished ****

**** Build of configuration Debug for project Lab2 ****

/Applications/ti/ccs1271/ccs/utils/bin/gmake -k -j 7 all -O 
 
gmake[1]: 'Lab2.out' is up to date.

**** Build Finished ****

**** Build of configuration Debug for project Lab2 ****

/Applications/ti/ccs1271/ccs/utils/bin/gmake -k -j 7 all -O 
 
Building file: "../main.c"
Invoking: Arm Compiler
"/Applications/ti/ccs1271/ccs/tools/compiler/ti-cgt-arm_20.2.7.LTS/bin/armcl" -mv7M4 --code_state=16 --float_support=FPv4SPD16 -me --include_path="/Users/yashmanojmeshram/Desktop/ /sem 7/Embedded Systems/CCS Projects/Lab1/Lab2" --include_path="/Applications/ti/ccs1271/ccs/tools/compiler/ti-cgt-arm_20.2.7.LTS/include" --define=ccs="ccs" --define=PART_TM4C123GH6PM -g --gcc --diag_warning=225 --diag_wrap=off --display_error_number --abi=eabi --preproc_with_compile --preproc_dependency="main.d_raw"  "../main.c"
Finished building: "../main.c"
 
Building target: "Lab2.out"
Invoking: Arm Linker
"/Applications/ti/ccs1271/ccs/tools/compiler/ti-cgt-arm_20.2.7.LTS/bin/armcl" -mv7M4 --code_state=16 --float_support=FPv4SPD16 -me --define=ccs="ccs" --define=PART_TM4C123GH6PM -g --gcc --diag_warning=225 --diag_wrap=off --display_error_number --abi=eabi -z -m"Lab2.map" --heap_size=0 --stack_size=512 -i"/Applications/ti/ccs1271/ccs/tools/compiler/ti-cgt-arm_20.2.7.LTS/lib" -i"/Applications/ti/ccs1271/ccs/tools/compiler/ti-cgt-arm_20.2.7.LTS/include" --reread_libs --diag_wrap=off --display_error_number --warn_sections --xml_link_info="Lab2_linkInfo.xml" --rom_model -o "Lab2.out" "./main.obj" "./tm4c123gh6pm_startup_ccs.obj" "../tm4c123gh6pm.cmd"  -llibc.a 
<Linking>
Finished building target: "Lab2.out"
 

**** Build Finished ****

**** Build of configuration Debug for project Lab2 ****

/Applications/ti/ccs1271/ccs/utils/bin/gmake -k -j 7 all -O 
 
Building file: "../main.c"
Invoking: Arm Compiler
"/Applications/ti/ccs1271/ccs/tools/compiler/ti-cgt-arm_20.2.7.LTS/bin/armcl" -mv7M4 --code_state=16 --float_support=FPv4SPD16 -me --include_path="/Users/yashmanojmeshram/Desktop/ /sem 7/Embedded Systems/CCS Projects/Lab1/Lab2" --include_path="/Applications/ti/ccs1271/ccs/tools/compiler/ti-cgt-arm_20.2.7.LTS/include" --define=ccs="ccs" --define=PART_TM4C123GH6PM -g --gcc --diag_warning=225 --diag_wrap=off --display_error_number --abi=eabi --preproc_with_compile --preproc_dependency="main.d_raw"  "../main.c"
Finished building: "../main.c"
 
Building target: "Lab2.out"
Invoking: Arm Linker
"/Applications/ti/ccs1271/ccs/tools/compiler/ti-cgt-arm_20.2.7.LTS/bin/armcl" -mv7M4 --code_state=16 --float_support=FPv4SPD16 -me --define=ccs="ccs" --define=PART_TM4C123GH6PM -g --gcc --diag_warning=225 --diag_wrap=off --display_error_number --abi=eabi -z -m"Lab2.map" --heap_size=0 --stack_size=512 -i"/Applications/ti/ccs1271/ccs/tools/compiler/ti-cgt-arm_20.2.7.LTS/lib" -i"/Applications/ti/ccs1271/ccs/tools/compiler/ti-cgt-arm_20.2.7.LTS/include" --reread_libs --diag_wrap=off --display_error_number --warn_sections --xml_link_info="Lab2_linkInfo.xml" --rom_model -o "Lab2.out" "./main.obj" "./tm4c123gh6pm_startup_ccs.obj" "../tm4c123gh6pm.cmd"  -llibc.a 
<Linking>
Finished building target: "Lab2.out"
 

**** Build Finished ****

**** Build of configuration Debug for project Lab2 ****

/Applications/ti/ccs1271/ccs/utils/bin/gmake -k -j 7 all -O 
 
gmake[1]: 'Lab2.out' is up to date.

**** Build Finished ****

**** Build of configuration Debug for project Lab2 ****

/Applications/ti/ccs1271/ccs/utils/bin/gmake -k -j 7 all -O 
 
Building file: "../main.c"
Invoking: Arm Compiler
"/Applications/ti/ccs1271/ccs/tools/compiler/ti-cgt-arm_20.2.7.LTS/bin/armcl" -mv7M4 --code_state=16 --float_support=FPv4SPD16 -me --include_path="/Users/yashmanojmeshram/Desktop/ /sem 7/Embedded Systems/CCS Projects/Lab1/Lab2" --include_path="/Applications/ti/ccs1271/ccs/tools/compiler/ti-cgt-arm_20.2.7.LTS/include" --define=ccs="ccs" --define=PART_TM4C123GH6PM -g --gcc --diag_warning=225 --diag_wrap=off --display_error_number --abi=eabi --preproc_with_compile --preproc_dependency="main.d_raw"  "../main.c"
Finished building: "../main.c"
 
Building target: "Lab2.out"
Invoking: Arm Linker
"/Applications/ti/ccs1271/ccs/tools/compiler/ti-cgt-arm_20.2.7.LTS/bin/armcl" -mv7M4 --code_state=16 --float_support=FPv4SPD16 -me --define=ccs="ccs" --define=PART_TM4C123GH6PM -g --gcc --diag_warning=225 --diag_wrap=off --display_error_number --abi=eabi -z -m"Lab2.map" --heap_size=0 --stack_size=512 -i"/Applications/ti/ccs1271/ccs/tools/compiler/ti-cgt-arm_20.2.7.LTS/lib" -i"/Applications/ti/ccs1271/ccs/tools/compiler/ti-cgt-arm_20.2.7.LTS/include" --reread_libs --diag_wrap=off --display_error_number --warn_sections --xml_link_info="Lab2_linkInfo.xml" --rom_model -o "Lab2.out" "./main.obj" "./tm4c123gh6pm_startup_ccs.obj" "../tm4c123gh6pm.cmd"  -llibc.a 
<Linking>
Finished building target: "Lab2.out"
 

**** Build Finished ****

**** Build of configuration Debug for project Lab2 ****

/Applications/ti/ccs1271/ccs/utils/bin/gmake -k -j 7 all -O 
 
gmake[1]: 'Lab2.out' is up to date.

**** Build Finished ****

**** Build of configuration Debug for project Lab2 ****

/Applications/ti/ccs1271/ccs/utils/bin/gmake -k -j 7 all -O 
 
Building file: "../main.c"
Invoking: Arm Compiler
"/Applications/ti/ccs1271/ccs/tools/compiler/ti-cgt-arm_20.2.7.LTS/bin/armcl" -mv7M4 --code_state=16 --float_support=FPv4SPD16 -me --include_path="/Users/yashmanojmeshram/Desktop/ /sem 7/Embedded Systems/CCS Projects/Lab1/Lab2" --include_path="/Applications/ti/ccs1271/ccs/tools/compiler/ti-cgt-arm_20.2.7.LTS/include" --define=ccs="ccs" --define=PART_TM4C123GH6PM -g --gcc --diag_warning=225 --diag_wrap=off --display_error_number --abi=eabi --preproc_with_compile --preproc_dependency="main.d_raw"  "../main.c"
 
>> Compilation failure
subdir_rules.mk:7: recipe for target 'main.obj' failed
"../main.c", line 26: warning #551-D: variable "i" is used before its value is set
"../main.c", line 32: error #128: expected a statement
"../main.c", line 36: warning #12-D: parsing restarts here after previous syntax error
"../main.c", line 37: error #128: expected a statement
"../main.c", line 41: warning #12-D: parsing restarts here after previous syntax error
2 errors detected in the compilation of "../main.c".
gmake: *** [main.obj] Error 1
gmake: Target 'all' not remade because of errors.

**** Build Finished ****

**** Build of configuration Debug for project Lab2 ****

/Applications/ti/ccs1271/ccs/utils/bin/gmake -k -j 7 all -O 
 
Building file: "../main.c"
Invoking: Arm Compiler
"/Applications/ti/ccs1271/ccs/tools/compiler/ti-cgt-arm_20.2.7.LTS/bin/armcl" -mv7M4 --code_state=16 --float_support=FPv4SPD16 -me --include_path="/Users/yashmanojmeshram/Desktop/ /sem 7/Embedded Systems/CCS Projects/Lab1/Lab2" --include_path="/Applications/ti/ccs1271/ccs/tools/compiler/ti-cgt-arm_20.2.7.LTS/include" --define=ccs="ccs" --define=PART_TM4C123GH6PM -g --gcc --diag_warning=225 --diag_wrap=off --display_error_number --abi=eabi --preproc_with_compile --preproc_dependency="main.d_raw"  "../main.c"
 
>> Compilation failure
subdir_rules.mk:7: recipe for target 'main.obj' failed
"../main.c", line 33: error #128: expected a statement
"../main.c", line 37: warning #12-D: parsing restarts here after previous syntax error
"../main.c", line 38: error #128: expected a statement
"../main.c", line 42: warning #12-D: parsing restarts here after previous syntax error
2 errors detected in the compilation of "../main.c".
gmake: *** [main.obj] Error 1
gmake: Target 'all' not remade because of errors.

**** Build Finished ****

**** Build of configuration Debug for project Lab2 ****

/Applications/ti/ccs1271/ccs/utils/bin/gmake -k -j 7 all -O 
 
Building file: "../main.c"
Invoking: Arm Compiler
"/Applications/ti/ccs1271/ccs/tools/compiler/ti-cgt-arm_20.2.7.LTS/bin/armcl" -mv7M4 --code_state=16 --float_support=FPv4SPD16 -me --include_path="/Users/yashmanojmeshram/Desktop/ /sem 7/Embedded Systems/CCS Projects/Lab1/Lab2" --include_path="/Applications/ti/ccs1271/ccs/tools/compiler/ti-cgt-arm_20.2.7.LTS/include" --define=ccs="ccs" --define=PART_TM4C123GH6PM -g --gcc --diag_warning=225 --diag_wrap=off --display_error_number --abi=eabi --preproc_with_compile --preproc_dependency="main.d_raw"  "../main.c"
 
>> Compilation failure
subdir_rules.mk:7: recipe for target 'main.obj' failed
"../main.c", line 31: error #128: expected a statement
"../main.c", line 35: warning #12-D: parsing restarts here after previous syntax error
"../main.c", line 36: error #128: expected a statement
"../main.c", line 40: warning #12-D: parsing restarts here after previous syntax error
2 errors detected in the compilation of "../main.c".
gmake: *** [main.obj] Error 1
gmake: Target 'all' not remade because of errors.

**** Build Finished ****

**** Build of configuration Debug for project Lab2 ****

/Applications/ti/ccs1271/ccs/utils/bin/gmake -k -j 7 all -O 
 
Building file: "../main.c"
Invoking: Arm Compiler
"/Applications/ti/ccs1271/ccs/tools/compiler/ti-cgt-arm_20.2.7.LTS/bin/armcl" -mv7M4 --code_state=16 --float_support=FPv4SPD16 -me --include_path="/Users/yashmanojmeshram/Desktop/ /sem 7/Embedded Systems/CCS Projects/Lab1/Lab2" --include_path="/Applications/ti/ccs1271/ccs/tools/compiler/ti-cgt-arm_20.2.7.LTS/include" --define=ccs="ccs" --define=PART_TM4C123GH6PM -g --gcc --diag_warning=225 --diag_wrap=off --display_error_number --abi=eabi --preproc_with_compile --preproc_dependency="main.d_raw"  "../main.c"
Finished building: "../main.c"
 
Building target: "Lab2.out"
Invoking: Arm Linker
"/Applications/ti/ccs1271/ccs/tools/compiler/ti-cgt-arm_20.2.7.LTS/bin/armcl" -mv7M4 --code_state=16 --float_support=FPv4SPD16 -me --define=ccs="ccs" --define=PART_TM4C123GH6PM -g --gcc --diag_warning=225 --diag_wrap=off --display_error_number --abi=eabi -z -m"Lab2.map" --heap_size=0 --stack_size=512 -i"/Applications/ti/ccs1271/ccs/tools/compiler/ti-cgt-arm_20.2.7.LTS/lib" -i"/Applications/ti/ccs1271/ccs/tools/compiler/ti-cgt-arm_20.2.7.LTS/include" --reread_libs --diag_wrap=off --display_error_number --warn_sections --xml_link_info="Lab2_linkInfo.xml" --rom_model -o "Lab2.out" "./main.obj" "./tm4c123gh6pm_startup_ccs.obj" "../tm4c123gh6pm.cmd"  -llibc.a 
<Linking>
Finished building target: "Lab2.out"
 

**** Build Finished ****

**** Build of configuration Debug for project Lab2 ****

/Applications/ti/ccs1271/ccs/utils/bin/gmake -k -j 7 all -O 
 
Building file: "../main.c"
Invoking: Arm Compiler
"/Applications/ti/ccs1271/ccs/tools/compiler/ti-cgt-arm_20.2.7.LTS/bin/armcl" -mv7M4 --code_state=16 --float_support=FPv4SPD16 -me --include_path="/Users/yashmanojmeshram/Desktop/ /sem 7/Embedded Systems/CCS Projects/Lab1/Lab2" --include_path="/Applications/ti/ccs1271/ccs/tools/compiler/ti-cgt-arm_20.2.7.LTS/include" --define=ccs="ccs" --define=PART_TM4C123GH6PM -g --gcc --diag_warning=225 --diag_wrap=off --display_error_number --abi=eabi --preproc_with_compile --preproc_dependency="main.d_raw"  "../main.c"
"../main.c", line 28: warning #551-D: variable "j" is used before its value is set
Finished building: "../main.c"
 
Building target: "Lab2.out"
Invoking: Arm Linker
"/Applications/ti/ccs1271/ccs/tools/compiler/ti-cgt-arm_20.2.7.LTS/bin/armcl" -mv7M4 --code_state=16 --float_support=FPv4SPD16 -me --define=ccs="ccs" --define=PART_TM4C123GH6PM -g --gcc --diag_warning=225 --diag_wrap=off --display_error_number --abi=eabi -z -m"Lab2.map" --heap_size=0 --stack_size=512 -i"/Applications/ti/ccs1271/ccs/tools/compiler/ti-cgt-arm_20.2.7.LTS/lib" -i"/Applications/ti/ccs1271/ccs/tools/compiler/ti-cgt-arm_20.2.7.LTS/include" --reread_libs --diag_wrap=off --display_error_number --warn_sections --xml_link_info="Lab2_linkInfo.xml" --rom_model -o "Lab2.out" "./main.obj" "./tm4c123gh6pm_startup_ccs.obj" "../tm4c123gh6pm.cmd"  -llibc.a 
<Linking>
Finished building target: "Lab2.out"
 

**** Build Finished ****

**** Build of configuration Debug for project Lab2 ****

/Applications/ti/ccs1271/ccs/utils/bin/gmake -k -j 7 all -O 
 
Building file: "../main.c"
Invoking: Arm Compiler
"/Applications/ti/ccs1271/ccs/tools/compiler/ti-cgt-arm_20.2.7.LTS/bin/armcl" -mv7M4 --code_state=16 --float_support=FPv4SPD16 -me --include_path="/Users/yashmanojmeshram/Desktop/ /sem 7/Embedded Systems/CCS Projects/Lab1/Lab2" --include_path="/Applications/ti/ccs1271/ccs/tools/compiler/ti-cgt-arm_20.2.7.LTS/include" --define=ccs="ccs" --define=PART_TM4C123GH6PM -g --gcc --diag_warning=225 --diag_wrap=off --display_error_number --abi=eabi --preproc_with_compile --preproc_dependency="main.d_raw"  "../main.c"
"../main.c", line 24: warning #552-D: variable "j" was set but never used
Finished building: "../main.c"
 
Building target: "Lab2.out"
Invoking: Arm Linker
"/Applications/ti/ccs1271/ccs/tools/compiler/ti-cgt-arm_20.2.7.LTS/bin/armcl" -mv7M4 --code_state=16 --float_support=FPv4SPD16 -me --define=ccs="ccs" --define=PART_TM4C123GH6PM -g --gcc --diag_warning=225 --diag_wrap=off --display_error_number --abi=eabi -z -m"Lab2.map" --heap_size=0 --stack_size=512 -i"/Applications/ti/ccs1271/ccs/tools/compiler/ti-cgt-arm_20.2.7.LTS/lib" -i"/Applications/ti/ccs1271/ccs/tools/compiler/ti-cgt-arm_20.2.7.LTS/include" --reread_libs --diag_wrap=off --display_error_number --warn_sections --xml_link_info="Lab2_linkInfo.xml" --rom_model -o "Lab2.out" "./main.obj" "./tm4c123gh6pm_startup_ccs.obj" "../tm4c123gh6pm.cmd"  -llibc.a 
<Linking>
Finished building target: "Lab2.out"
 

**** Build Finished ****

**** Build of configuration Debug for project Lab2 ****

/Applications/ti/ccs1271/ccs/utils/bin/gmake -k -j 7 all -O 
 
Building file: "../main.c"
Invoking: Arm Compiler
"/Applications/ti/ccs1271/ccs/tools/compiler/ti-cgt-arm_20.2.7.LTS/bin/armcl" -mv7M4 --code_state=16 --float_support=FPv4SPD16 -me --include_path="/Users/yashmanojmeshram/Desktop/ /sem 7/Embedded Systems/CCS Projects/Lab1/Lab2" --include_path="/Applications/ti/ccs1271/ccs/tools/compiler/ti-cgt-arm_20.2.7.LTS/include" --define=ccs="ccs" --define=PART_TM4C123GH6PM -g --gcc --diag_warning=225 --diag_wrap=off --display_error_number --abi=eabi --preproc_with_compile --preproc_dependency="main.d_raw"  "../main.c"
"../main.c", line 30: warning #551-D: variable "j" is used before its value is set
Finished building: "../main.c"
 
Building target: "Lab2.out"
Invoking: Arm Linker
"/Applications/ti/ccs1271/ccs/tools/compiler/ti-cgt-arm_20.2.7.LTS/bin/armcl" -mv7M4 --code_state=16 --float_support=FPv4SPD16 -me --define=ccs="ccs" --define=PART_TM4C123GH6PM -g --gcc --diag_warning=225 --diag_wrap=off --display_error_number --abi=eabi -z -m"Lab2.map" --heap_size=0 --stack_size=512 -i"/Applications/ti/ccs1271/ccs/tools/compiler/ti-cgt-arm_20.2.7.LTS/lib" -i"/Applications/ti/ccs1271/ccs/tools/compiler/ti-cgt-arm_20.2.7.LTS/include" --reread_libs --diag_wrap=off --display_error_number --warn_sections --xml_link_info="Lab2_linkInfo.xml" --rom_model -o "Lab2.out" "./main.obj" "./tm4c123gh6pm_startup_ccs.obj" "../tm4c123gh6pm.cmd"  -llibc.a 
<Linking>
Finished building target: "Lab2.out"
 

**** Build Finished ****

**** Build of configuration Debug for project Lab2 ****

/Applications/ti/ccs1271/ccs/utils/bin/gmake -k -j 7 all -O 
 
gmake[1]: 'Lab2.out' is up to date.

**** Build Finished ****

**** Build of configuration Debug for project Lab2 ****

/Applications/ti/ccs1271/ccs/utils/bin/gmake -k -j 7 all -O 
 
Building file: "../main.c"
Invoking: Arm Compiler
"/Applications/ti/ccs1271/ccs/tools/compiler/ti-cgt-arm_20.2.7.LTS/bin/armcl" -mv7M4 --code_state=16 --float_support=FPv4SPD16 -me --include_path="/Users/yashmanojmeshram/Desktop/ /sem 7/Embedded Systems/CCS Projects/Lab1/Lab2" --include_path="/Applications/ti/ccs1271/ccs/tools/compiler/ti-cgt-arm_20.2.7.LTS/include" --define=ccs="ccs" --define=PART_TM4C123GH6PM -g --gcc --diag_warning=225 --diag_wrap=off --display_error_number --abi=eabi --preproc_with_compile --preproc_dependency="main.d_raw"  "../main.c"
Finished building: "../main.c"
 
Building target: "Lab2.out"
Invoking: Arm Linker
"/Applications/ti/ccs1271/ccs/tools/compiler/ti-cgt-arm_20.2.7.LTS/bin/armcl" -mv7M4 --code_state=16 --float_support=FPv4SPD16 -me --define=ccs="ccs" --define=PART_TM4C123GH6PM -g --gcc --diag_warning=225 --diag_wrap=off --display_error_number --abi=eabi -z -m"Lab2.map" --heap_size=0 --stack_size=512 -i"/Applications/ti/ccs1271/ccs/tools/compiler/ti-cgt-arm_20.2.7.LTS/lib" -i"/Applications/ti/ccs1271/ccs/tools/compiler/ti-cgt-arm_20.2.7.LTS/include" --reread_libs --diag_wrap=off --display_error_number --warn_sections --xml_link_info="Lab2_linkInfo.xml" --rom_model -o "Lab2.out" "./main.obj" "./tm4c123gh6pm_startup_ccs.obj" "../tm4c123gh6pm.cmd"  -llibc.a 
<Linking>
Finished building target: "Lab2.out"
 

**** Build Finished ****

**** Build of configuration Debug for project Lab2 ****

/Applications/ti/ccs1271/ccs/utils/bin/gmake -k -j 7 all -O 
 
gmake[1]: 'Lab2.out' is up to date.

**** Build Finished ****

**** Build of configuration Debug for project Lab2 ****

/Applications/ti/ccs1271/ccs/utils/bin/gmake -k -j 7 all -O 
 
Building file: "../main.c"
Invoking: Arm Compiler
"/Applications/ti/ccs1271/ccs/tools/compiler/ti-cgt-arm_20.2.7.LTS/bin/armcl" -mv7M4 --code_state=16 --float_support=FPv4SPD16 -me --include_path="/Users/yashmanojmeshram/Desktop/ /sem 7/Embedded Systems/CCS Projects/Lab1/Lab2" --include_path="/Applications/ti/ccs1271/ccs/tools/compiler/ti-cgt-arm_20.2.7.LTS/include" --define=ccs="ccs" --define=PART_TM4C123GH6PM -g --gcc --diag_warning=225 --diag_wrap=off --display_error_number --abi=eabi --preproc_with_compile --preproc_dependency="main.d_raw"  "../main.c"
 
>> Compilation failure
subdir_rules.mk:7: recipe for target 'main.obj' failed
"../main.c", line 35: error #128: expected a statement
"../main.c", line 42: warning #12-D: parsing restarts here after previous syntax error
"../main.c", line 43: error #128: expected a statement
"../main.c", line 50: warning #12-D: parsing restarts here after previous syntax error
2 errors detected in the compilation of "../main.c".
gmake: *** [main.obj] Error 1
gmake: Target 'all' not remade because of errors.

**** Build Finished ****

**** Build of configuration Debug for project Lab2 ****

/Applications/ti/ccs1271/ccs/utils/bin/gmake -k -j 7 all -O 
 
Building file: "../main.c"
Invoking: Arm Compiler
"/Applications/ti/ccs1271/ccs/tools/compiler/ti-cgt-arm_20.2.7.LTS/bin/armcl" -mv7M4 --code_state=16 --float_support=FPv4SPD16 -me --include_path="/Users/yashmanojmeshram/Desktop/ /sem 7/Embedded Systems/CCS Projects/Lab1/Lab2" --include_path="/Applications/ti/ccs1271/ccs/tools/compiler/ti-cgt-arm_20.2.7.LTS/include" --define=ccs="ccs" --define=PART_TM4C123GH6PM -g --gcc --diag_warning=225 --diag_wrap=off --display_error_number --abi=eabi --preproc_with_compile --preproc_dependency="main.d_raw"  "../main.c"
Finished building: "../main.c"
 
Building target: "Lab2.out"
Invoking: Arm Linker
"/Applications/ti/ccs1271/ccs/tools/compiler/ti-cgt-arm_20.2.7.LTS/bin/armcl" -mv7M4 --code_state=16 --float_support=FPv4SPD16 -me --define=ccs="ccs" --define=PART_TM4C123GH6PM -g --gcc --diag_warning=225 --diag_wrap=off --display_error_number --abi=eabi -z -m"Lab2.map" --heap_size=0 --stack_size=512 -i"/Applications/ti/ccs1271/ccs/tools/compiler/ti-cgt-arm_20.2.7.LTS/lib" -i"/Applications/ti/ccs1271/ccs/tools/compiler/ti-cgt-arm_20.2.7.LTS/include" --reread_libs --diag_wrap=off --display_error_number --warn_sections --xml_link_info="Lab2_linkInfo.xml" --rom_model -o "Lab2.out" "./main.obj" "./tm4c123gh6pm_startup_ccs.obj" "../tm4c123gh6pm.cmd"  -llibc.a 
<Linking>
Finished building target: "Lab2.out"
 

**** Build Finished ****

**** Build of configuration Debug for project Lab2 ****

/Applications/ti/ccs1271/ccs/utils/bin/gmake -k -j 7 all -O 
 
Building file: "../main.c"
Invoking: Arm Compiler
"/Applications/ti/ccs1271/ccs/tools/compiler/ti-cgt-arm_20.2.7.LTS/bin/armcl" -mv7M4 --code_state=16 --float_support=FPv4SPD16 -me --include_path="/Users/yashmanojmeshram/Desktop/ /sem 7/Embedded Systems/CCS Projects/Lab1/Lab2" --include_path="/Applications/ti/ccs1271/ccs/tools/compiler/ti-cgt-arm_20.2.7.LTS/include" --define=ccs="ccs" --define=PART_TM4C123GH6PM -g --gcc --diag_warning=225 --diag_wrap=off --display_error_number --abi=eabi --preproc_with_compile --preproc_dependency="main.d_raw"  "../main.c"
Finished building: "../main.c"
 
Building target: "Lab2.out"
Invoking: Arm Linker
"/Applications/ti/ccs1271/ccs/tools/compiler/ti-cgt-arm_20.2.7.LTS/bin/armcl" -mv7M4 --code_state=16 --float_support=FPv4SPD16 -me --define=ccs="ccs" --define=PART_TM4C123GH6PM -g --gcc --diag_warning=225 --diag_wrap=off --display_error_number --abi=eabi -z -m"Lab2.map" --heap_size=0 --stack_size=512 -i"/Applications/ti/ccs1271/ccs/tools/compiler/ti-cgt-arm_20.2.7.LTS/lib" -i"/Applications/ti/ccs1271/ccs/tools/compiler/ti-cgt-arm_20.2.7.LTS/include" --reread_libs --diag_wrap=off --display_error_number --warn_sections --xml_link_info="Lab2_linkInfo.xml" --rom_model -o "Lab2.out" "./main.obj" "./tm4c123gh6pm_startup_ccs.obj" "../tm4c123gh6pm.cmd"  -llibc.a 
<Linking>
Finished building target: "Lab2.out"
 

**** Build Finished ****

**** Build of configuration Debug for project Lab2 ****

/Applications/ti/ccs1271/ccs/utils/bin/gmake -k -j 7 all -O 
 
gmake[1]: 'Lab2.out' is up to date.

**** Build Finished ****

**** Build of configuration Debug for project Lab2 ****

/Applications/ti/ccs1271/ccs/utils/bin/gmake -k -j 7 all -O 
 
Building file: "../main.c"
Invoking: Arm Compiler
"/Applications/ti/ccs1271/ccs/tools/compiler/ti-cgt-arm_20.2.7.LTS/bin/armcl" -mv7M4 --code_state=16 --float_support=FPv4SPD16 -me --include_path="/Users/yashmanojmeshram/Desktop/ /sem 7/Embedded Systems/CCS Projects/Lab1/Lab2" --include_path="/Applications/ti/ccs1271/ccs/tools/compiler/ti-cgt-arm_20.2.7.LTS/include" --define=ccs="ccs" --define=PART_TM4C123GH6PM -g --gcc --diag_warning=225 --diag_wrap=off --display_error_number --abi=eabi --preproc_with_compile --preproc_dependency="main.d_raw"  "../main.c"
Finished building: "../main.c"
 
Building target: "Lab2.out"
Invoking: Arm Linker
"/Applications/ti/ccs1271/ccs/tools/compiler/ti-cgt-arm_20.2.7.LTS/bin/armcl" -mv7M4 --code_state=16 --float_support=FPv4SPD16 -me --define=ccs="ccs" --define=PART_TM4C123GH6PM -g --gcc --diag_warning=225 --diag_wrap=off --display_error_number --abi=eabi -z -m"Lab2.map" --heap_size=0 --stack_size=512 -i"/Applications/ti/ccs1271/ccs/tools/compiler/ti-cgt-arm_20.2.7.LTS/lib" -i"/Applications/ti/ccs1271/ccs/tools/compiler/ti-cgt-arm_20.2.7.LTS/include" --reread_libs --diag_wrap=off --display_error_number --warn_sections --xml_link_info="Lab2_linkInfo.xml" --rom_model -o "Lab2.out" "./main.obj" "./tm4c123gh6pm_startup_ccs.obj" "../tm4c123gh6pm.cmd"  -llibc.a 
<Linking>
Finished building target: "Lab2.out"
 

**** Build Finished ****

**** Build of configuration Debug for project Lab2 ****

/Applications/ti/ccs1271/ccs/utils/bin/gmake -k -j 7 all -O 
 
gmake[1]: 'Lab2.out' is up to date.

**** Build Finished ****

**** Build of configuration Debug for project Lab2 ****

/Applications/ti/ccs1271/ccs/utils/bin/gmake -k -j 7 all -O 
 
Building file: "../main.c"
Invoking: Arm Compiler
"/Applications/ti/ccs1271/ccs/tools/compiler/ti-cgt-arm_20.2.7.LTS/bin/armcl" -mv7M4 --code_state=16 --float_support=FPv4SPD16 -me --include_path="/Users/yashmanojmeshram/Desktop/ /sem 7/Embedded Systems/CCS Projects/Lab1/Lab2" --include_path="/Applications/ti/ccs1271/ccs/tools/compiler/ti-cgt-arm_20.2.7.LTS/include" --define=ccs="ccs" --define=PART_TM4C123GH6PM -g --gcc --diag_warning=225 --diag_wrap=off --display_error_number --abi=eabi --preproc_with_compile --preproc_dependency="main.d_raw"  "../main.c"
"../main.c", line 28: warning #551-D: variable "j" is used before its value is set
Finished building: "../main.c"
 
Building target: "Lab2.out"
Invoking: Arm Linker
"/Applications/ti/ccs1271/ccs/tools/compiler/ti-cgt-arm_20.2.7.LTS/bin/armcl" -mv7M4 --code_state=16 --float_support=FPv4SPD16 -me --define=ccs="ccs" --define=PART_TM4C123GH6PM -g --gcc --diag_warning=225 --diag_wrap=off --display_error_number --abi=eabi -z -m"Lab2.map" --heap_size=0 --stack_size=512 -i"/Applications/ti/ccs1271/ccs/tools/compiler/ti-cgt-arm_20.2.7.LTS/lib" -i"/Applications/ti/ccs1271/ccs/tools/compiler/ti-cgt-arm_20.2.7.LTS/include" --reread_libs --diag_wrap=off --display_error_number --warn_sections --xml_link_info="Lab2_linkInfo.xml" --rom_model -o "Lab2.out" "./main.obj" "./tm4c123gh6pm_startup_ccs.obj" "../tm4c123gh6pm.cmd"  -llibc.a 
<Linking>
Finished building target: "Lab2.out"
 

**** Build Finished ****

**** Build of configuration Debug for project Lab2 ****

/Applications/ti/ccs1271/ccs/utils/bin/gmake -k -j 7 all -O 
 
gmake[1]: 'Lab2.out' is up to date.

**** Build Finished ****

**** Build of configuration Debug for project Lab2 ****

/Applications/ti/ccs1271/ccs/utils/bin/gmake -k -j 7 all -O 
 
Building file: "../main.c"
Invoking: Arm Compiler
"/Applications/ti/ccs1271/ccs/tools/compiler/ti-cgt-arm_20.2.7.LTS/bin/armcl" -mv7M4 --code_state=16 --float_support=FPv4SPD16 -me --include_path="/Users/yashmanojmeshram/Desktop/ /sem 7/Embedded Systems/CCS Projects/Lab1/Lab2" --include_path="/Applications/ti/ccs1271/ccs/tools/compiler/ti-cgt-arm_20.2.7.LTS/include" --define=ccs="ccs" --define=PART_TM4C123GH6PM -g --gcc --diag_warning=225 --diag_wrap=off --display_error_number --abi=eabi --preproc_with_compile --preproc_dependency="main.d_raw"  "../main.c"
"../main.c", line 24: warning #552-D: variable "j" was set but never used
Finished building: "../main.c"
 
Building target: "Lab2.out"
Invoking: Arm Linker
"/Applications/ti/ccs1271/ccs/tools/compiler/ti-cgt-arm_20.2.7.LTS/bin/armcl" -mv7M4 --code_state=16 --float_support=FPv4SPD16 -me --define=ccs="ccs" --define=PART_TM4C123GH6PM -g --gcc --diag_warning=225 --diag_wrap=off --display_error_number --abi=eabi -z -m"Lab2.map" --heap_size=0 --stack_size=512 -i"/Applications/ti/ccs1271/ccs/tools/compiler/ti-cgt-arm_20.2.7.LTS/lib" -i"/Applications/ti/ccs1271/ccs/tools/compiler/ti-cgt-arm_20.2.7.LTS/include" --reread_libs --diag_wrap=off --display_error_number --warn_sections --xml_link_info="Lab2_linkInfo.xml" --rom_model -o "Lab2.out" "./main.obj" "./tm4c123gh6pm_startup_ccs.obj" "../tm4c123gh6pm.cmd"  -llibc.a 
<Linking>
Finished building target: "Lab2.out"
 

**** Build Finished ****

**** Build of configuration Debug for project Lab2 ****

/Applications/ti/ccs1271/ccs/utils/bin/gmake -k -j 7 all -O 
 
Building file: "../main.c"
Invoking: Arm Compiler
"/Applications/ti/ccs1271/ccs/tools/compiler/ti-cgt-arm_20.2.7.LTS/bin/armcl" -mv7M4 --code_state=16 --float_support=FPv4SPD16 -me --include_path="/Users/yashmanojmeshram/Desktop/ /sem 7/Embedded Systems/CCS Projects/Lab1/Lab2" --include_path="/Applications/ti/ccs1271/ccs/tools/compiler/ti-cgt-arm_20.2.7.LTS/include" --define=ccs="ccs" --define=PART_TM4C123GH6PM -g --gcc --diag_warning=225 --diag_wrap=off --display_error_number --abi=eabi --preproc_with_compile --preproc_dependency="main.d_raw"  "../main.c"
"../main.c", line 24: warning #179-D: variable "j" was declared but never referenced
Finished building: "../main.c"
 
Building target: "Lab2.out"
Invoking: Arm Linker
"/Applications/ti/ccs1271/ccs/tools/compiler/ti-cgt-arm_20.2.7.LTS/bin/armcl" -mv7M4 --code_state=16 --float_support=FPv4SPD16 -me --define=ccs="ccs" --define=PART_TM4C123GH6PM -g --gcc --diag_warning=225 --diag_wrap=off --display_error_number --abi=eabi -z -m"Lab2.map" --heap_size=0 --stack_size=512 -i"/Applications/ti/ccs1271/ccs/tools/compiler/ti-cgt-arm_20.2.7.LTS/lib" -i"/Applications/ti/ccs1271/ccs/tools/compiler/ti-cgt-arm_20.2.7.LTS/include" --reread_libs --diag_wrap=off --display_error_number --warn_sections --xml_link_info="Lab2_linkInfo.xml" --rom_model -o "Lab2.out" "./main.obj" "./tm4c123gh6pm_startup_ccs.obj" "../tm4c123gh6pm.cmd"  -llibc.a 
<Linking>
Finished building target: "Lab2.out"
 

**** Build Finished ****

**** Build of configuration Debug for project Lab2 ****

/Applications/ti/ccs1271/ccs/utils/bin/gmake -k -j 7 all -O 
 
Building file: "../main.c"
Invoking: Arm Compiler
"/Applications/ti/ccs1271/ccs/tools/compiler/ti-cgt-arm_20.2.7.LTS/bin/armcl" -mv7M4 --code_state=16 --float_support=FPv4SPD16 -me --include_path="/Users/yashmanojmeshram/Desktop/ /sem 7/Embedded Systems/CCS Projects/Lab1/Lab2" --include_path="/Applications/ti/ccs1271/ccs/tools/compiler/ti-cgt-arm_20.2.7.LTS/include" --define=ccs="ccs" --define=PART_TM4C123GH6PM -g --gcc --diag_warning=225 --diag_wrap=off --display_error_number --abi=eabi --preproc_with_compile --preproc_dependency="main.d_raw"  "../main.c"
Finished building: "../main.c"
 
Building target: "Lab2.out"
Invoking: Arm Linker
"/Applications/ti/ccs1271/ccs/tools/compiler/ti-cgt-arm_20.2.7.LTS/bin/armcl" -mv7M4 --code_state=16 --float_support=FPv4SPD16 -me --define=ccs="ccs" --define=PART_TM4C123GH6PM -g --gcc --diag_warning=225 --diag_wrap=off --display_error_number --abi=eabi -z -m"Lab2.map" --heap_size=0 --stack_size=512 -i"/Applications/ti/ccs1271/ccs/tools/compiler/ti-cgt-arm_20.2.7.LTS/lib" -i"/Applications/ti/ccs1271/ccs/tools/compiler/ti-cgt-arm_20.2.7.LTS/include" --reread_libs --diag_wrap=off --display_error_number --warn_sections --xml_link_info="Lab2_linkInfo.xml" --rom_model -o "Lab2.out" "./main.obj" "./tm4c123gh6pm_startup_ccs.obj" "../tm4c123gh6pm.cmd"  -llibc.a 
<Linking>
Finished building target: "Lab2.out"
 

**** Build Finished ****

**** Build of configuration Debug for project Lab2 ****

/Applications/ti/ccs1271/ccs/utils/bin/gmake -k -j 7 all -O 
 
gmake[1]: 'Lab2.out' is up to date.

**** Build Finished ****

**** Build of configuration Debug for project Lab2 ****

/Applications/ti/ccs1271/ccs/utils/bin/gmake -k -j 7 all -O 
 
gmake[1]: 'Lab2.out' is up to date.

**** Build Finished ****

**** Build of configuration Debug for project Lab2 ****

/Applications/ti/ccs1271/ccs/utils/bin/gmake -k -j 7 all -O 
 
gmake[1]: 'Lab2.out' is up to date.

**** Build Finished ****

**** Build of configuration Debug for project Lab2 ****

/Applications/ti/ccs1271/ccs/utils/bin/gmake -k -j 7 all -O 
 
gmake[1]: 'Lab2.out' is up to date.

**** Build Finished ****

**** Build of configuration Debug for project Lab2 ****

/Applications/ti/ccs1271/ccs/utils/bin/gmake -k -j 7 all -O 
 
Building file: "../main.c"
Invoking: Arm Compiler
"/Applications/ti/ccs1271/ccs/tools/compiler/ti-cgt-arm_20.2.7.LTS/bin/armcl" -mv7M4 --code_state=16 --float_support=FPv4SPD16 -me --include_path="/Users/yashmanojmeshram/Desktop/ /sem 7/Embedded Systems/CCS Projects/Lab1/Lab2" --include_path="/Applications/ti/ccs1271/ccs/tools/compiler/ti-cgt-arm_20.2.7.LTS/include" --define=ccs="ccs" --define=PART_TM4C123GH6PM -g --gcc --diag_warning=225 --diag_wrap=off --display_error_number --abi=eabi --preproc_with_compile --preproc_dependency="main.d_raw"  "../main.c"
Finished building: "../main.c"
 
Building target: "Lab2.out"
Invoking: Arm Linker
"/Applications/ti/ccs1271/ccs/tools/compiler/ti-cgt-arm_20.2.7.LTS/bin/armcl" -mv7M4 --code_state=16 --float_support=FPv4SPD16 -me --define=ccs="ccs" --define=PART_TM4C123GH6PM -g --gcc --diag_warning=225 --diag_wrap=off --display_error_number --abi=eabi -z -m"Lab2.map" --heap_size=0 --stack_size=512 -i"/Applications/ti/ccs1271/ccs/tools/compiler/ti-cgt-arm_20.2.7.LTS/lib" -i"/Applications/ti/ccs1271/ccs/tools/compiler/ti-cgt-arm_20.2.7.LTS/include" --reread_libs --diag_wrap=off --display_error_number --warn_sections --xml_link_info="Lab2_linkInfo.xml" --rom_model -o "Lab2.out" "./main.obj" "./tm4c123gh6pm_startup_ccs.obj" "../tm4c123gh6pm.cmd"  -llibc.a 
<Linking>
Finished building target: "Lab2.out"
 

**** Build Finished ****

**** Build of configuration Debug for project Lab2 ****

/Applications/ti/ccs1271/ccs/utils/bin/gmake -k -j 7 all -O 
 
gmake[1]: 'Lab2.out' is up to date.

**** Build Finished ****

**** Build of configuration Debug for project Lab2 ****

/Applications/ti/ccs1271/ccs/utils/bin/gmake -k -j 7 all -O 
 
Building file: "../main.c"
Invoking: Arm Compiler
"/Applications/ti/ccs1271/ccs/tools/compiler/ti-cgt-arm_20.2.7.LTS/bin/armcl" -mv7M4 --code_state=16 --float_support=FPv4SPD16 -me --include_path="/Users/yashmanojmeshram/Desktop/ /sem 7/Embedded Systems/CCS Projects/Lab1/Lab2" --include_path="/Applications/ti/ccs1271/ccs/tools/compiler/ti-cgt-arm_20.2.7.LTS/include" --define=ccs="ccs" --define=PART_TM4C123GH6PM -g --gcc --diag_warning=225 --diag_wrap=off --display_error_number --abi=eabi --preproc_with_compile --preproc_dependency="main.d_raw"  "../main.c"
Finished building: "../main.c"
 
Building target: "Lab2.out"
Invoking: Arm Linker
"/Applications/ti/ccs1271/ccs/tools/compiler/ti-cgt-arm_20.2.7.LTS/bin/armcl" -mv7M4 --code_state=16 --float_support=FPv4SPD16 -me --define=ccs="ccs" --define=PART_TM4C123GH6PM -g --gcc --diag_warning=225 --diag_wrap=off --display_error_number --abi=eabi -z -m"Lab2.map" --heap_size=0 --stack_size=512 -i"/Applications/ti/ccs1271/ccs/tools/compiler/ti-cgt-arm_20.2.7.LTS/lib" -i"/Applications/ti/ccs1271/ccs/tools/compiler/ti-cgt-arm_20.2.7.LTS/include" --reread_libs --diag_wrap=off --display_error_number --warn_sections --xml_link_info="Lab2_linkInfo.xml" --rom_model -o "Lab2.out" "./main.obj" "./tm4c123gh6pm_startup_ccs.obj" "../tm4c123gh6pm.cmd"  -llibc.a 
<Linking>
Finished building target: "Lab2.out"
 

**** Build Finished ****

**** Build of configuration Debug for project Lab2 ****

/Applications/ti/ccs1271/ccs/utils/bin/gmake -k -j 7 all -O 
 
gmake[1]: 'Lab2.out' is up to date.

**** Build Finished ****

**** Build of configuration Debug for project Lab2 ****

/Applications/ti/ccs1271/ccs/utils/bin/gmake -k -j 7 all -O 
 
gmake[1]: 'Lab2.out' is up to date.

**** Build Finished ****

**** Build of configuration Debug for project Lab2 ****

/Applications/ti/ccs1271/ccs/utils/bin/gmake -k -j 7 all -O 
 
Building file: "../main.c"
Invoking: Arm Compiler
"/Applications/ti/ccs1271/ccs/tools/compiler/ti-cgt-arm_20.2.7.LTS/bin/armcl" -mv7M4 --code_state=16 --float_support=FPv4SPD16 -me --include_path="/Users/yashmanojmeshram/Desktop/ /sem 7/Embedded Systems/CCS Projects/Lab1/Lab2" --include_path="/Applications/ti/ccs1271/ccs/tools/compiler/ti-cgt-arm_20.2.7.LTS/include" --define=ccs="ccs" --define=PART_TM4C123GH6PM -g --gcc --diag_warning=225 --diag_wrap=off --display_error_number --abi=eabi --preproc_with_compile --preproc_dependency="main.d_raw"  "../main.c"
Finished building: "../main.c"
 
Building target: "Lab2.out"
Invoking: Arm Linker
"/Applications/ti/ccs1271/ccs/tools/compiler/ti-cgt-arm_20.2.7.LTS/bin/armcl" -mv7M4 --code_state=16 --float_support=FPv4SPD16 -me --define=ccs="ccs" --define=PART_TM4C123GH6PM -g --gcc --diag_warning=225 --diag_wrap=off --display_error_number --abi=eabi -z -m"Lab2.map" --heap_size=0 --stack_size=512 -i"/Applications/ti/ccs1271/ccs/tools/compiler/ti-cgt-arm_20.2.7.LTS/lib" -i"/Applications/ti/ccs1271/ccs/tools/compiler/ti-cgt-arm_20.2.7.LTS/include" --reread_libs --diag_wrap=off --display_error_number --warn_sections --xml_link_info="Lab2_linkInfo.xml" --rom_model -o "Lab2.out" "./main.obj" "./tm4c123gh6pm_startup_ccs.obj" "../tm4c123gh6pm.cmd"  -llibc.a 
<Linking>
Finished building target: "Lab2.out"
 

**** Build Finished ****

**** Build of configuration Debug for project Lab2 ****

/Applications/ti/ccs1271/ccs/utils/bin/gmake -k -j 7 all -O 
 
gmake[1]: 'Lab2.out' is up to date.

**** Build Finished ****

**** Build of configuration Debug for project Lab2 ****

/Applications/ti/ccs1271/ccs/utils/bin/gmake -k -j 7 all -O 
 
Building file: "../main.c"
Invoking: Arm Compiler
"/Applications/ti/ccs1271/ccs/tools/compiler/ti-cgt-arm_20.2.7.LTS/bin/armcl" -mv7M4 --code_state=16 --float_support=FPv4SPD16 -me --include_path="/Users/yashmanojmeshram/Desktop/ /sem 7/Embedded Systems/CCS Projects/Lab1/Lab2" --include_path="/Applications/ti/ccs1271/ccs/tools/compiler/ti-cgt-arm_20.2.7.LTS/include" --define=ccs="ccs" --define=PART_TM4C123GH6PM -g --gcc --diag_warning=225 --diag_wrap=off --display_error_number --abi=eabi --preproc_with_compile --preproc_dependency="main.d_raw"  "../main.c"
Finished building: "../main.c"
 
Building target: "Lab2.out"
Invoking: Arm Linker
"/Applications/ti/ccs1271/ccs/tools/compiler/ti-cgt-arm_20.2.7.LTS/bin/armcl" -mv7M4 --code_state=16 --float_support=FPv4SPD16 -me --define=ccs="ccs" --define=PART_TM4C123GH6PM -g --gcc --diag_warning=225 --diag_wrap=off --display_error_number --abi=eabi -z -m"Lab2.map" --heap_size=0 --stack_size=512 -i"/Applications/ti/ccs1271/ccs/tools/compiler/ti-cgt-arm_20.2.7.LTS/lib" -i"/Applications/ti/ccs1271/ccs/tools/compiler/ti-cgt-arm_20.2.7.LTS/include" --reread_libs --diag_wrap=off --display_error_number --warn_sections --xml_link_info="Lab2_linkInfo.xml" --rom_model -o "Lab2.out" "./main.obj" "./tm4c123gh6pm_startup_ccs.obj" "../tm4c123gh6pm.cmd"  -llibc.a 
<Linking>
Finished building target: "Lab2.out"
 

**** Build Finished ****

**** Build of configuration Debug for project Lab2 ****

/Applications/ti/ccs1271/ccs/utils/bin/gmake -k -j 7 all -O 
 
gmake[1]: 'Lab2.out' is up to date.

**** Build Finished ****

**** Build of configuration Debug for project Lab2 ****

/Applications/ti/ccs1271/ccs/utils/bin/gmake -k -j 7 all -O 
 
Building file: "../main.c"
Invoking: Arm Compiler
"/Applications/ti/ccs1271/ccs/tools/compiler/ti-cgt-arm_20.2.7.LTS/bin/armcl" -mv7M4 --code_state=16 --float_support=FPv4SPD16 -me --include_path="/Users/yashmanojmeshram/Desktop/ /sem 7/Embedded Systems/CCS Projects/Lab1/Lab2" --include_path="/Applications/ti/ccs1271/ccs/tools/compiler/ti-cgt-arm_20.2.7.LTS/include" --define=ccs="ccs" --define=PART_TM4C123GH6PM -g --gcc --diag_warning=225 --diag_wrap=off --display_error_number --abi=eabi --preproc_with_compile --preproc_dependency="main.d_raw"  "../main.c"
Finished building: "../main.c"
 
Building target: "Lab2.out"
Invoking: Arm Linker
"/Applications/ti/ccs1271/ccs/tools/compiler/ti-cgt-arm_20.2.7.LTS/bin/armcl" -mv7M4 --code_state=16 --float_support=FPv4SPD16 -me --define=ccs="ccs" --define=PART_TM4C123GH6PM -g --gcc --diag_warning=225 --diag_wrap=off --display_error_number --abi=eabi -z -m"Lab2.map" --heap_size=0 --stack_size=512 -i"/Applications/ti/ccs1271/ccs/tools/compiler/ti-cgt-arm_20.2.7.LTS/lib" -i"/Applications/ti/ccs1271/ccs/tools/compiler/ti-cgt-arm_20.2.7.LTS/include" --reread_libs --diag_wrap=off --display_error_number --warn_sections --xml_link_info="Lab2_linkInfo.xml" --rom_model -o "Lab2.out" "./main.obj" "./tm4c123gh6pm_startup_ccs.obj" "../tm4c123gh6pm.cmd"  -llibc.a 
<Linking>
Finished building target: "Lab2.out"
 

**** Build Finished ****

**** Build of configuration Debug for project Lab2 ****

/Applications/ti/ccs1271/ccs/utils/bin/gmake -k -j 7 all -O 
 
gmake[1]: 'Lab2.out' is up to date.

**** Build Finished ****

**** Build of configuration Debug for project Lab2 ****

/Applications/ti/ccs1271/ccs/utils/bin/gmake -k -j 7 all -O 
 
Building file: "../main.c"
Invoking: Arm Compiler
"/Applications/ti/ccs1271/ccs/tools/compiler/ti-cgt-arm_20.2.7.LTS/bin/armcl" -mv7M4 --code_state=16 --float_support=FPv4SPD16 -me --include_path="/Users/yashmanojmeshram/Desktop/ /sem 7/Embedded Systems/CCS Projects/Lab1/Lab2" --include_path="/Applications/ti/ccs1271/ccs/tools/compiler/ti-cgt-arm_20.2.7.LTS/include" --define=ccs="ccs" --define=PART_TM4C123GH6PM -g --gcc --diag_warning=225 --diag_wrap=off --display_error_number --abi=eabi --preproc_with_compile --preproc_dependency="main.d_raw"  "../main.c"
Finished building: "../main.c"
 
Building target: "Lab2.out"
Invoking: Arm Linker
"/Applications/ti/ccs1271/ccs/tools/compiler/ti-cgt-arm_20.2.7.LTS/bin/armcl" -mv7M4 --code_state=16 --float_support=FPv4SPD16 -me --define=ccs="ccs" --define=PART_TM4C123GH6PM -g --gcc --diag_warning=225 --diag_wrap=off --display_error_number --abi=eabi -z -m"Lab2.map" --heap_size=0 --stack_size=512 -i"/Applications/ti/ccs1271/ccs/tools/compiler/ti-cgt-arm_20.2.7.LTS/lib" -i"/Applications/ti/ccs1271/ccs/tools/compiler/ti-cgt-arm_20.2.7.LTS/include" --reread_libs --diag_wrap=off --display_error_number --warn_sections --xml_link_info="Lab2_linkInfo.xml" --rom_model -o "Lab2.out" "./main.obj" "./tm4c123gh6pm_startup_ccs.obj" "../tm4c123gh6pm.cmd"  -llibc.a 
<Linking>
Finished building target: "Lab2.out"
 

**** Build Finished ****

**** Build of configuration Debug for project Lab2 ****

/Applications/ti/ccs1271/ccs/utils/bin/gmake -k -j 7 all -O 
 
Building file: "../main.c"
Invoking: Arm Compiler
"/Applications/ti/ccs1271/ccs/tools/compiler/ti-cgt-arm_20.2.7.LTS/bin/armcl" -mv7M4 --code_state=16 --float_support=FPv4SPD16 -me --include_path="/Users/yashmanojmeshram/Desktop/ /sem 7/Embedded Systems/CCS Projects/Lab1/Lab2" --include_path="/Applications/ti/ccs1271/ccs/tools/compiler/ti-cgt-arm_20.2.7.LTS/include" --define=ccs="ccs" --define=PART_TM4C123GH6PM -g --gcc --diag_warning=225 --diag_wrap=off --display_error_number --abi=eabi --preproc_with_compile --preproc_dependency="main.d_raw"  "../main.c"
Finished building: "../main.c"
 
Building target: "Lab2.out"
Invoking: Arm Linker
"/Applications/ti/ccs1271/ccs/tools/compiler/ti-cgt-arm_20.2.7.LTS/bin/armcl" -mv7M4 --code_state=16 --float_support=FPv4SPD16 -me --define=ccs="ccs" --define=PART_TM4C123GH6PM -g --gcc --diag_warning=225 --diag_wrap=off --display_error_number --abi=eabi -z -m"Lab2.map" --heap_size=0 --stack_size=512 -i"/Applications/ti/ccs1271/ccs/tools/compiler/ti-cgt-arm_20.2.7.LTS/lib" -i"/Applications/ti/ccs1271/ccs/tools/compiler/ti-cgt-arm_20.2.7.LTS/include" --reread_libs --diag_wrap=off --display_error_number --warn_sections --xml_link_info="Lab2_linkInfo.xml" --rom_model -o "Lab2.out" "./main.obj" "./tm4c123gh6pm_startup_ccs.obj" "../tm4c123gh6pm.cmd"  -llibc.a 
<Linking>
Finished building target: "Lab2.out"
 

**** Build Finished ****

**** Build of configuration Debug for project Lab2 ****

/Applications/ti/ccs1271/ccs/utils/bin/gmake -k -j 7 all -O 
 
gmake[1]: 'Lab2.out' is up to date.

**** Build Finished ****

**** Build of configuration Debug for project Lab2 ****

/Applications/ti/ccs1271/ccs/utils/bin/gmake -k -j 7 all -O 
 
Building file: "../main.c"
Invoking: Arm Compiler
"/Applications/ti/ccs1271/ccs/tools/compiler/ti-cgt-arm_20.2.7.LTS/bin/armcl" -mv7M4 --code_state=16 --float_support=FPv4SPD16 -me --include_path="/Users/yashmanojmeshram/Desktop/ /sem 7/Embedded Systems/CCS Projects/Lab1/Lab2" --include_path="/Applications/ti/ccs1271/ccs/tools/compiler/ti-cgt-arm_20.2.7.LTS/include" --define=ccs="ccs" --define=PART_TM4C123GH6PM -g --gcc --diag_warning=225 --diag_wrap=off --display_error_number --abi=eabi --preproc_with_compile --preproc_dependency="main.d_raw"  "../main.c"
Finished building: "../main.c"
 
Building target: "Lab2.out"
Invoking: Arm Linker
"/Applications/ti/ccs1271/ccs/tools/compiler/ti-cgt-arm_20.2.7.LTS/bin/armcl" -mv7M4 --code_state=16 --float_support=FPv4SPD16 -me --define=ccs="ccs" --define=PART_TM4C123GH6PM -g --gcc --diag_warning=225 --diag_wrap=off --display_error_number --abi=eabi -z -m"Lab2.map" --heap_size=0 --stack_size=512 -i"/Applications/ti/ccs1271/ccs/tools/compiler/ti-cgt-arm_20.2.7.LTS/lib" -i"/Applications/ti/ccs1271/ccs/tools/compiler/ti-cgt-arm_20.2.7.LTS/include" --reread_libs --diag_wrap=off --display_error_number --warn_sections --xml_link_info="Lab2_linkInfo.xml" --rom_model -o "Lab2.out" "./main.obj" "./tm4c123gh6pm_startup_ccs.obj" "../tm4c123gh6pm.cmd"  -llibc.a 
<Linking>
Finished building target: "Lab2.out"
 

**** Build Finished ****

**** Build of configuration Debug for project Lab2 ****

/Applications/ti/ccs1271/ccs/utils/bin/gmake -k -j 7 all -O 
 
Building file: "../main.c"
Invoking: Arm Compiler
"/Applications/ti/ccs1271/ccs/tools/compiler/ti-cgt-arm_20.2.7.LTS/bin/armcl" -mv7M4 --code_state=16 --float_support=FPv4SPD16 -me --include_path="/Users/yashmanojmeshram/Desktop/ /sem 7/Embedded Systems/CCS Projects/Lab1/Lab2" --include_path="/Applications/ti/ccs1271/ccs/tools/compiler/ti-cgt-arm_20.2.7.LTS/include" --define=ccs="ccs" --define=PART_TM4C123GH6PM -g --gcc --diag_warning=225 --diag_wrap=off --display_error_number --abi=eabi --preproc_with_compile --preproc_dependency="main.d_raw"  "../main.c"
Finished building: "../main.c"
 
Building target: "Lab2.out"
Invoking: Arm Linker
"/Applications/ti/ccs1271/ccs/tools/compiler/ti-cgt-arm_20.2.7.LTS/bin/armcl" -mv7M4 --code_state=16 --float_support=FPv4SPD16 -me --define=ccs="ccs" --define=PART_TM4C123GH6PM -g --gcc --diag_warning=225 --diag_wrap=off --display_error_number --abi=eabi -z -m"Lab2.map" --heap_size=0 --stack_size=512 -i"/Applications/ti/ccs1271/ccs/tools/compiler/ti-cgt-arm_20.2.7.LTS/lib" -i"/Applications/ti/ccs1271/ccs/tools/compiler/ti-cgt-arm_20.2.7.LTS/include" --reread_libs --diag_wrap=off --display_error_number --warn_sections --xml_link_info="Lab2_linkInfo.xml" --rom_model -o "Lab2.out" "./main.obj" "./tm4c123gh6pm_startup_ccs.obj" "../tm4c123gh6pm.cmd"  -llibc.a 
<Linking>
Finished building target: "Lab2.out"
 

**** Build Finished ****

**** Build of configuration Debug for project Lab2 ****

/Applications/ti/ccs1271/ccs/utils/bin/gmake -k -j 7 all -O 
 
gmake[1]: 'Lab2.out' is up to date.

**** Build Finished ****

**** Build of configuration Debug for project Lab2 ****

/Applications/ti/ccs1271/ccs/utils/bin/gmake -k -j 7 all -O 
 
gmake[1]: 'Lab2.out' is up to date.

**** Build Finished ****

**** Build of configuration Debug for project Lab2 ****

/Applications/ti/ccs1271/ccs/utils/bin/gmake -k -j 7 all -O 
 
gmake[1]: 'Lab2.out' is up to date.

**** Build Finished ****

**** Build of configuration Debug for project Lab2 ****

/Applications/ti/ccs1271/ccs/utils/bin/gmake -k -j 7 all -O 
 
Building file: "../main.c"
Invoking: Arm Compiler
"/Applications/ti/ccs1271/ccs/tools/compiler/ti-cgt-arm_20.2.7.LTS/bin/armcl" -mv7M4 --code_state=16 --float_support=FPv4SPD16 -me --include_path="/Users/yashmanojmeshram/Desktop/ /sem 7/Embedded Systems/CCS Projects/Lab1/Lab2" --include_path="/Applications/ti/ccs1271/ccs/tools/compiler/ti-cgt-arm_20.2.7.LTS/include" --define=ccs="ccs" --define=PART_TM4C123GH6PM -g --gcc --diag_warning=225 --diag_wrap=off --display_error_number --abi=eabi --preproc_with_compile --preproc_dependency="main.d_raw"  "../main.c"
 
>> Compilation failure
subdir_rules.mk:7: recipe for target 'main.obj' failed
"../main.c", line 4: fatal error #1965: cannot open source file "unistd.h"
1 catastrophic error detected in the compilation of "../main.c".
Compilation terminated.
gmake: *** [main.obj] Error 1
gmake: Target 'all' not remade because of errors.

**** Build Finished ****

**** Build of configuration Debug for project Lab2 ****

/Applications/ti/ccs1271/ccs/utils/bin/gmake -k -j 7 all -O 
 
Building file: "../main.c"
Invoking: Arm Compiler
"/Applications/ti/ccs1271/ccs/tools/compiler/ti-cgt-arm_20.2.7.LTS/bin/armcl" -mv7M4 --code_state=16 --float_support=FPv4SPD16 -me --include_path="/Users/yashmanojmeshram/Desktop/ /sem 7/Embedded Systems/CCS Projects/Lab1/Lab2" --include_path="/Applications/ti/ccs1271/ccs/tools/compiler/ti-cgt-arm_20.2.7.LTS/include" --define=ccs="ccs" --define=PART_TM4C123GH6PM -g --gcc --diag_warning=225 --diag_wrap=off --display_error_number --abi=eabi --preproc_with_compile --preproc_dependency="main.d_raw"  "../main.c"
Finished building: "../main.c"
 
Building target: "Lab2.out"
Invoking: Arm Linker
"/Applications/ti/ccs1271/ccs/tools/compiler/ti-cgt-arm_20.2.7.LTS/bin/armcl" -mv7M4 --code_state=16 --float_support=FPv4SPD16 -me --define=ccs="ccs" --define=PART_TM4C123GH6PM -g --gcc --diag_warning=225 --diag_wrap=off --display_error_number --abi=eabi -z -m"Lab2.map" --heap_size=0 --stack_size=512 -i"/Applications/ti/ccs1271/ccs/tools/compiler/ti-cgt-arm_20.2.7.LTS/lib" -i"/Applications/ti/ccs1271/ccs/tools/compiler/ti-cgt-arm_20.2.7.LTS/include" --reread_libs --diag_wrap=off --display_error_number --warn_sections --xml_link_info="Lab2_linkInfo.xml" --rom_model -o "Lab2.out" "./main.obj" "./tm4c123gh6pm_startup_ccs.obj" "../tm4c123gh6pm.cmd"  -llibc.a 
<Linking>
Finished building target: "Lab2.out"
 

**** Build Finished ****

**** Build of configuration Debug for project Lab_1 ****

/Applications/ti/ccs1271/ccs/utils/bin/gmake -k -j 7 all -O 
 
Building file: "../main.c"
Invoking: Arm Compiler
"/Applications/ti/ccs1271/ccs/tools/compiler/ti-cgt-arm_20.2.7.LTS/bin/armcl" -mv7M4 --code_state=16 --float_support=FPv4SPD16 -me --include_path="/Users/yashmanojmeshram/Desktop/ /sem 7/Embedded Systems/CCS Projects/Lab1/Lab_1" --include_path="/Applications/ti/ccs1271/ccs/tools/compiler/ti-cgt-arm_20.2.7.LTS/include" --define=ccs="ccs" --define=PART_TM4C123GH6PM -g --gcc --diag_warning=225 --diag_wrap=off --display_error_number --abi=eabi --preproc_with_compile --preproc_dependency="main.d_raw"  "../main.c"
 
>> Compilation failure
subdir_rules.mk:7: recipe for target 'main.obj' failed
"../main.c", line 3: fatal error #1965: cannot open source file "tm4c123gh6pm.h"
1 catastrophic error detected in the compilation of "../main.c".
Compilation terminated.
gmake: *** [main.obj] Error 1
Building file: "../tm4c123gh6pm_startup_ccs.c"
Invoking: Arm Compiler
"/Applications/ti/ccs1271/ccs/tools/compiler/ti-cgt-arm_20.2.7.LTS/bin/armcl" -mv7M4 --code_state=16 --float_support=FPv4SPD16 -me --include_path="/Users/yashmanojmeshram/Desktop/ /sem 7/Embedded Systems/CCS Projects/Lab1/Lab_1" --include_path="/Applications/ti/ccs1271/ccs/tools/compiler/ti-cgt-arm_20.2.7.LTS/include" --define=ccs="ccs" --define=PART_TM4C123GH6PM -g --gcc --diag_warning=225 --diag_wrap=off --display_error_number --abi=eabi --preproc_with_compile --preproc_dependency="tm4c123gh6pm_startup_ccs.d_raw"  "../tm4c123gh6pm_startup_ccs.c"
Finished building: "../tm4c123gh6pm_startup_ccs.c"
 
gmake: Target 'all' not remade because of errors.

**** Build Finished ****

**** Build of configuration Debug for project Lab_1 ****

/Applications/ti/ccs1271/ccs/utils/bin/gmake -k -j 7 all -O 
 
Building file: "../main.c"
Invoking: Arm Compiler
"/Applications/ti/ccs1271/ccs/tools/compiler/ti-cgt-arm_20.2.7.LTS/bin/armcl" -mv7M4 --code_state=16 --float_support=FPv4SPD16 -me --include_path="/Users/yashmanojmeshram/Desktop/ /sem 7/Embedded Systems/CCS Projects/Lab1/Lab_1" --include_path="/Applications/ti/ccs1271/ccs/tools/compiler/ti-cgt-arm_20.2.7.LTS/include" --define=ccs="ccs" --define=PART_TM4C123GH6PM -g --gcc --diag_warning=225 --diag_wrap=off --display_error_number --abi=eabi --preproc_with_compile --preproc_dependency="main.d_raw"  "../main.c"
 
>> Compilation failure
subdir_rules.mk:7: recipe for target 'main.obj' failed
"../main.c", line 3: fatal error #1965: cannot open source file "tm4c123gh6pm.h"
1 catastrophic error detected in the compilation of "../main.c".
Compilation terminated.
gmake: *** [main.obj] Error 1
gmake: Target 'all' not remade because of errors.

**** Build Finished ****

**** Build of configuration Debug for project Lab_1 ****

/Applications/ti/ccs1271/ccs/utils/bin/gmake -k -j 7 all -O 
 
Building file: "../main.c"
Invoking: Arm Compiler
"/Applications/ti/ccs1271/ccs/tools/compiler/ti-cgt-arm_20.2.7.LTS/bin/armcl" -mv7M4 --code_state=16 --float_support=FPv4SPD16 -me --include_path="/Users/yashmanojmeshram/Desktop/ /sem 7/Embedded Systems/CCS Projects/Lab1/Lab_1" --include_path="/Applications/ti/ccs1271/ccs/tools/compiler/ti-cgt-arm_20.2.7.LTS/include" --define=ccs="ccs" --define=PART_TM4C123GH6PM -g --gcc --diag_warning=225 --diag_wrap=off --display_error_number --abi=eabi --preproc_with_compile --preproc_dependency="main.d_raw"  "../main.c"
"../main.c", line 30: warning #112-D: statement is unreachable
Finished building: "../main.c"
 
Building target: "Lab_1.out"
Invoking: Arm Linker
"/Applications/ti/ccs1271/ccs/tools/compiler/ti-cgt-arm_20.2.7.LTS/bin/armcl" -mv7M4 --code_state=16 --float_support=FPv4SPD16 -me --define=ccs="ccs" --define=PART_TM4C123GH6PM -g --gcc --diag_warning=225 --diag_wrap=off --display_error_number --abi=eabi -z -m"Lab_1.map" --heap_size=0 --stack_size=512 -i"/Applications/ti/ccs1271/ccs/tools/compiler/ti-cgt-arm_20.2.7.LTS/lib" -i"/Applications/ti/ccs1271/ccs/tools/compiler/ti-cgt-arm_20.2.7.LTS/include" --reread_libs --diag_wrap=off --display_error_number --warn_sections --xml_link_info="Lab_1_linkInfo.xml" --rom_model -o "Lab_1.out" "./main.obj" "./tm4c123gh6pm_startup_ccs.obj" "../tm4c123gh6pm.cmd"  -llibc.a 
<Linking>
Finished building target: "Lab_1.out"
 

**** Build Finished ****

**** Build of configuration Debug for project Lab_1 ****

/Applications/ti/ccs1271/ccs/utils/bin/gmake -k -j 7 all -O 
 
gmake[1]: 'Lab_1.out' is up to date.

**** Build Finished ****

**** Build of configuration Debug for project Lab_1 ****

/Applications/ti/ccs1271/ccs/utils/bin/gmake -k -j 7 all -O 
 
Building file: "../main.c"
Invoking: Arm Compiler
"/Applications/ti/ccs1271/ccs/tools/compiler/ti-cgt-arm_20.2.7.LTS/bin/armcl" -mv7M4 --code_state=16 --float_support=FPv4SPD16 -me --include_path="/Users/yashmanojmeshram/Desktop/ /sem 7/Embedded Systems/CCS Projects/Lab1/Lab_1" --include_path="/Applications/ti/ccs1271/ccs/tools/compiler/ti-cgt-arm_20.2.7.LTS/include" --define=ccs="ccs" --define=PART_TM4C123GH6PM -g --gcc --diag_warning=225 --diag_wrap=off --display_error_number --abi=eabi --preproc_with_compile --preproc_dependency="main.d_raw"  "../main.c"
"../main.c", line 30: warning #112-D: statement is unreachable
Finished building: "../main.c"
 
Building target: "Lab_1.out"
Invoking: Arm Linker
"/Applications/ti/ccs1271/ccs/tools/compiler/ti-cgt-arm_20.2.7.LTS/bin/armcl" -mv7M4 --code_state=16 --float_support=FPv4SPD16 -me --define=ccs="ccs" --define=PART_TM4C123GH6PM -g --gcc --diag_warning=225 --diag_wrap=off --display_error_number --abi=eabi -z -m"Lab_1.map" --heap_size=0 --stack_size=512 -i"/Applications/ti/ccs1271/ccs/tools/compiler/ti-cgt-arm_20.2.7.LTS/lib" -i"/Applications/ti/ccs1271/ccs/tools/compiler/ti-cgt-arm_20.2.7.LTS/include" --reread_libs --diag_wrap=off --display_error_number --warn_sections --xml_link_info="Lab_1_linkInfo.xml" --rom_model -o "Lab_1.out" "./main.obj" "./tm4c123gh6pm_startup_ccs.obj" "../tm4c123gh6pm.cmd"  -llibc.a 
<Linking>
Finished building target: "Lab_1.out"
 

**** Build Finished ****

**** Build of configuration Debug for project Lab_1 ****

/Applications/ti/ccs1271/ccs/utils/bin/gmake -k -j 7 all -O 
 
gmake[1]: 'Lab_1.out' is up to date.

**** Build Finished ****

**** Build of configuration Debug for project Lab_1 ****

/Applications/ti/ccs1271/ccs/utils/bin/gmake -k -j 7 all -O 
 
Building file: "../main.c"
Invoking: Arm Compiler
"/Applications/ti/ccs1271/ccs/tools/compiler/ti-cgt-arm_20.2.7.LTS/bin/armcl" -mv7M4 --code_state=16 --float_support=FPv4SPD16 -me --include_path="/Users/yashmanojmeshram/Desktop/ /sem 7/Embedded Systems/CCS Projects/Lab1/Lab_1" --include_path="/Applications/ti/ccs1271/ccs/tools/compiler/ti-cgt-arm_20.2.7.LTS/include" --define=ccs="ccs" --define=PART_TM4C123GH6PM -g --gcc --diag_warning=225 --diag_wrap=off --display_error_number --abi=eabi --preproc_with_compile --preproc_dependency="main.d_raw"  "../main.c"
Finished building: "../main.c"
 
Building target: "Lab_1.out"
Invoking: Arm Linker
"/Applications/ti/ccs1271/ccs/tools/compiler/ti-cgt-arm_20.2.7.LTS/bin/armcl" -mv7M4 --code_state=16 --float_support=FPv4SPD16 -me --define=ccs="ccs" --define=PART_TM4C123GH6PM -g --gcc --diag_warning=225 --diag_wrap=off --display_error_number --abi=eabi -z -m"Lab_1.map" --heap_size=0 --stack_size=512 -i"/Applications/ti/ccs1271/ccs/tools/compiler/ti-cgt-arm_20.2.7.LTS/lib" -i"/Applications/ti/ccs1271/ccs/tools/compiler/ti-cgt-arm_20.2.7.LTS/include" --reread_libs --diag_wrap=off --display_error_number --warn_sections --xml_link_info="Lab_1_linkInfo.xml" --rom_model -o "Lab_1.out" "./main.obj" "./tm4c123gh6pm_startup_ccs.obj" "../tm4c123gh6pm.cmd"  -llibc.a 
<Linking>
Finished building target: "Lab_1.out"
 

**** Build Finished ****

**** Build of configuration Debug for project Lab_1 ****

/Applications/ti/ccs1271/ccs/utils/bin/gmake -k -j 7 all -O 
 
gmake[1]: 'Lab_1.out' is up to date.

**** Build Finished ****

**** Build of configuration Debug for project Lab_1 ****

/Applications/ti/ccs1271/ccs/utils/bin/gmake -k -j 7 all -O 
 
Building file: "../main.c"
Invoking: Arm Compiler
"/Applications/ti/ccs1271/ccs/tools/compiler/ti-cgt-arm_20.2.7.LTS/bin/armcl" -mv7M4 --code_state=16 --float_support=FPv4SPD16 -me --include_path="/Users/yashmanojmeshram/Desktop/ /sem 7/Embedded Systems/CCS Projects/Lab1/Lab_1" --include_path="/Applications/ti/ccs1271/ccs/tools/compiler/ti-cgt-arm_20.2.7.LTS/include" --define=ccs="ccs" --define=PART_TM4C123GH6PM -g --gcc --diag_warning=225 --diag_wrap=off --display_error_number --abi=eabi --preproc_with_compile --preproc_dependency="main.d_raw"  "../main.c"
Finished building: "../main.c"
 
Building target: "Lab_1.out"
Invoking: Arm Linker
"/Applications/ti/ccs1271/ccs/tools/compiler/ti-cgt-arm_20.2.7.LTS/bin/armcl" -mv7M4 --code_state=16 --float_support=FPv4SPD16 -me --define=ccs="ccs" --define=PART_TM4C123GH6PM -g --gcc --diag_warning=225 --diag_wrap=off --display_error_number --abi=eabi -z -m"Lab_1.map" --heap_size=0 --stack_size=512 -i"/Applications/ti/ccs1271/ccs/tools/compiler/ti-cgt-arm_20.2.7.LTS/lib" -i"/Applications/ti/ccs1271/ccs/tools/compiler/ti-cgt-arm_20.2.7.LTS/include" --reread_libs --diag_wrap=off --display_error_number --warn_sections --xml_link_info="Lab_1_linkInfo.xml" --rom_model -o "Lab_1.out" "./main.obj" "./tm4c123gh6pm_startup_ccs.obj" "../tm4c123gh6pm.cmd"  -llibc.a 
<Linking>
Finished building target: "Lab_1.out"
 

**** Build Finished ****

**** Build of configuration Debug for project Lab_1 ****

/Applications/ti/ccs1271/ccs/utils/bin/gmake -k -j 7 all -O 
 
gmake[1]: 'Lab_1.out' is up to date.

**** Build Finished ****

**** Build of configuration Debug for project Lab_1 ****

/Applications/ti/ccs1271/ccs/utils/bin/gmake -k -j 7 all -O 
 
Building file: "../main.c"
Invoking: Arm Compiler
"/Applications/ti/ccs1271/ccs/tools/compiler/ti-cgt-arm_20.2.7.LTS/bin/armcl" -mv7M4 --code_state=16 --float_support=FPv4SPD16 -me --include_path="/Users/yashmanojmeshram/Desktop/ /sem 7/Embedded Systems/CCS Projects/Lab1/Lab_1" --include_path="/Applications/ti/ccs1271/ccs/tools/compiler/ti-cgt-arm_20.2.7.LTS/include" --define=ccs="ccs" --define=PART_TM4C123GH6PM -g --gcc --diag_warning=225 --diag_wrap=off --display_error_number --abi=eabi --preproc_with_compile --preproc_dependency="main.d_raw"  "../main.c"
Finished building: "../main.c"
 
Building target: "Lab_1.out"
Invoking: Arm Linker
"/Applications/ti/ccs1271/ccs/tools/compiler/ti-cgt-arm_20.2.7.LTS/bin/armcl" -mv7M4 --code_state=16 --float_support=FPv4SPD16 -me --define=ccs="ccs" --define=PART_TM4C123GH6PM -g --gcc --diag_warning=225 --diag_wrap=off --display_error_number --abi=eabi -z -m"Lab_1.map" --heap_size=0 --stack_size=512 -i"/Applications/ti/ccs1271/ccs/tools/compiler/ti-cgt-arm_20.2.7.LTS/lib" -i"/Applications/ti/ccs1271/ccs/tools/compiler/ti-cgt-arm_20.2.7.LTS/include" --reread_libs --diag_wrap=off --display_error_number --warn_sections --xml_link_info="Lab_1_linkInfo.xml" --rom_model -o "Lab_1.out" "./main.obj" "./tm4c123gh6pm_startup_ccs.obj" "../tm4c123gh6pm.cmd"  -llibc.a 
<Linking>
Finished building target: "Lab_1.out"
 

**** Build Finished ****

**** Build of configuration Debug for project Lab_1 ****

/Applications/ti/ccs1271/ccs/utils/bin/gmake -k -j 7 all -O 
 
gmake[1]: 'Lab_1.out' is up to date.

**** Build Finished ****

**** Clean-only build of configuration Debug__TI for project Lab1_2 ****

/Applications/ti/ccs1271/ccs/utils/bin/gmake -k -j 7 clean -O 
 
rm -rf  "Lab1.out" 
rm -rf "main.obj" "tm4c123gh6pm_startup_ccs.obj" 
rm -rf "main.d" "tm4c123gh6pm_startup_ccs.d" 
Finished clean
 

**** Build Finished ****

**** Build of configuration Debug__TI for project Lab1_2 ****

/Applications/ti/ccs1271/ccs/utils/bin/gmake -k -j 7 all -O 
 
Building file: "../tm4c123gh6pm_startup_ccs.c"
Invoking: Arm Compiler
"/Applications/ti/ccs1271/ccs/tools/compiler/ti-cgt-arm_20.2.7.LTS/bin/armcl" -mv7M4 --code_state=16 --float_support=FPv4SPD16 -me --include_path="/Users/yashmanojmeshram/Desktop/ /sem 7/Embedded Systems/CCS Projects/Lab1/Lab1_2" --include_path="/Applications/ti/ccs1271/ccs/tools/compiler/ti-cgt-arm_20.2.7.LTS/include" --define=ccs="ccs" --define=PART_TM4C123GH6PM -g --gcc --diag_warning=225 --diag_wrap=off --display_error_number --abi=eabi --preproc_with_compile --preproc_dependency="tm4c123gh6pm_startup_ccs.d_raw"  "../tm4c123gh6pm_startup_ccs.c"
Finished building: "../tm4c123gh6pm_startup_ccs.c"
 
Building file: "../main.c"
Invoking: Arm Compiler
"/Applications/ti/ccs1271/ccs/tools/compiler/ti-cgt-arm_20.2.7.LTS/bin/armcl" -mv7M4 --code_state=16 --float_support=FPv4SPD16 -me --include_path="/Users/yashmanojmeshram/Desktop/ /sem 7/Embedded Systems/CCS Projects/Lab1/Lab1_2" --include_path="/Applications/ti/ccs1271/ccs/tools/compiler/ti-cgt-arm_20.2.7.LTS/include" --define=ccs="ccs" --define=PART_TM4C123GH6PM -g --gcc --diag_warning=225 --diag_wrap=off --display_error_number --abi=eabi --preproc_with_compile --preproc_dependency="main.d_raw"  "../main.c"
Finished building: "../main.c"
 
Building target: "Lab1_2.out"
Invoking: Arm Linker
"/Applications/ti/ccs1271/ccs/tools/compiler/ti-cgt-arm_20.2.7.LTS/bin/armcl" -mv7M4 --code_state=16 --float_support=FPv4SPD16 -me --define=ccs="ccs" --define=PART_TM4C123GH6PM -g --gcc --diag_warning=225 --diag_wrap=off --display_error_number --abi=eabi -z -m"Lab1_2.map" --heap_size=0 --stack_size=512 -i"/Applications/ti/ccs1271/ccs/tools/compiler/ti-cgt-arm_20.2.7.LTS/lib" -i"/Applications/ti/ccs1271/ccs/tools/compiler/ti-cgt-arm_20.2.7.LTS/include" --reread_libs --diag_wrap=off --display_error_number --warn_sections --xml_link_info="Lab1_2_linkInfo.xml" --rom_model -o "Lab1_2.out" "./main.obj" "./tm4c123gh6pm_startup_ccs.obj"  -llibc.a 
<Linking>
warning #10247-D: creating output section ".text" without a SECTIONS specification
warning #10247-D: creating output section ".stack" without a SECTIONS specification
Finished building target: "Lab1_2.out"
 

**** Build Finished ****

**** Build of configuration Debug__TI for project Lab1_2 ****

/Applications/ti/ccs1271/ccs/utils/bin/gmake -k -j 7 all -O 
 
Building file: "../tm4c123gh6pm_startup_ccs.c"
Invoking: Arm Compiler
"/Applications/ti/ccs1271/ccs/tools/compiler/ti-cgt-arm_20.2.7.LTS/bin/armcl" -mv7M4 --code_state=16 --float_support=FPv4SPD16 -me --include_path="/Users/yashmanojmeshram/Desktop/ /sem 7/Embedded Systems/CCS Projects/Lab1/Lab1_2" --include_path="/Applications/ti/ccs1271/ccs/tools/compiler/ti-cgt-arm_20.2.7.LTS/include" --define=ccs="ccs" --define=PART_TM4C123GH6PM -g --gcc --diag_warning=225 --diag_wrap=off --display_error_number --abi=eabi --preproc_with_compile --preproc_dependency="tm4c123gh6pm_startup_ccs.d_raw"  "../tm4c123gh6pm_startup_ccs.c"
Finished building: "../tm4c123gh6pm_startup_ccs.c"
 
Building file: "../main.c"
Invoking: Arm Compiler
"/Applications/ti/ccs1271/ccs/tools/compiler/ti-cgt-arm_20.2.7.LTS/bin/armcl" -mv7M4 --code_state=16 --float_support=FPv4SPD16 -me --include_path="/Users/yashmanojmeshram/Desktop/ /sem 7/Embedded Systems/CCS Projects/Lab1/Lab1_2" --include_path="/Applications/ti/ccs1271/ccs/tools/compiler/ti-cgt-arm_20.2.7.LTS/include" --define=ccs="ccs" --define=PART_TM4C123GH6PM -g --gcc --diag_warning=225 --diag_wrap=off --display_error_number --abi=eabi --preproc_with_compile --preproc_dependency="main.d_raw"  "../main.c"
Finished building: "../main.c"
 
Building target: "Lab1_2.out"
Invoking: Arm Linker
"/Applications/ti/ccs1271/ccs/tools/compiler/ti-cgt-arm_20.2.7.LTS/bin/armcl" -mv7M4 --code_state=16 --float_support=FPv4SPD16 -me --define=ccs="ccs" --define=PART_TM4C123GH6PM -g --gcc --diag_warning=225 --diag_wrap=off --display_error_number --abi=eabi -z -m"Lab1_2.map" --heap_size=0 --stack_size=512 -i"/Applications/ti/ccs1271/ccs/tools/compiler/ti-cgt-arm_20.2.7.LTS/lib" -i"/Applications/ti/ccs1271/ccs/tools/compiler/ti-cgt-arm_20.2.7.LTS/include" --reread_libs --diag_wrap=off --display_error_number --warn_sections --xml_link_info="Lab1_2_linkInfo.xml" --rom_model -o "Lab1_2.out" "./main.obj" "./tm4c123gh6pm_startup_ccs.obj"  -llibc.a 
<Linking>
warning #10247-D: creating output section ".text" without a SECTIONS specification
warning #10247-D: creating output section ".stack" without a SECTIONS specification
Finished building target: "Lab1_2.out"
 

**** Build Finished ****

**** Build of configuration Debug__TI for project Lab1_2 ****

/Applications/ti/ccs1271/ccs/utils/bin/gmake -k -j 7 all -O 
 
gmake[1]: 'Lab1_2.out' is up to date.

**** Build Finished ****

**** Clean-only build of configuration Debug for project Group25_Task1 ****

/Applications/ti/ccs1271/ccs/utils/bin/gmake -k -j 7 clean -O 
 
rm -rf  "Lab_1.out" 
rm -rf "main.obj" "tm4c123gh6pm_startup_ccs.obj" 
rm -rf "main.d" "tm4c123gh6pm_startup_ccs.d" 
Finished clean
 

**** Build Finished ****

**** Build of configuration Debug for project Group25_Task1 ****

/Applications/ti/ccs1271/ccs/utils/bin/gmake -k -j 7 all -O 
 
Building file: "../Group25_Task1.c"
Invoking: Arm Compiler
"/Applications/ti/ccs1271/ccs/tools/compiler/ti-cgt-arm_20.2.7.LTS/bin/armcl" -mv7M4 --code_state=16 --float_support=FPv4SPD16 -me --include_path="/Users/yashmanojmeshram/Desktop/ /sem 7/Embedded Systems/CCS Projects/Lab1/Group25_Task1" --include_path="/Applications/ti/ccs1271/ccs/tools/compiler/ti-cgt-arm_20.2.7.LTS/include" --define=ccs="ccs" --define=PART_TM4C123GH6PM -g --gcc --diag_warning=225 --diag_wrap=off --display_error_number --abi=eabi --preproc_with_compile --preproc_dependency="Group25_Task1.d_raw"  "../Group25_Task1.c"
Finished building: "../Group25_Task1.c"
 
Building file: "../tm4c123gh6pm_startup_ccs.c"
Invoking: Arm Compiler
"/Applications/ti/ccs1271/ccs/tools/compiler/ti-cgt-arm_20.2.7.LTS/bin/armcl" -mv7M4 --code_state=16 --float_support=FPv4SPD16 -me --include_path="/Users/yashmanojmeshram/Desktop/ /sem 7/Embedded Systems/CCS Projects/Lab1/Group25_Task1" --include_path="/Applications/ti/ccs1271/ccs/tools/compiler/ti-cgt-arm_20.2.7.LTS/include" --define=ccs="ccs" --define=PART_TM4C123GH6PM -g --gcc --diag_warning=225 --diag_wrap=off --display_error_number --abi=eabi --preproc_with_compile --preproc_dependency="tm4c123gh6pm_startup_ccs.d_raw"  "../tm4c123gh6pm_startup_ccs.c"
Finished building: "../tm4c123gh6pm_startup_ccs.c"
 
Building target: "Group25_Task1.out"
Invoking: Arm Linker
"/Applications/ti/ccs1271/ccs/tools/compiler/ti-cgt-arm_20.2.7.LTS/bin/armcl" -mv7M4 --code_state=16 --float_support=FPv4SPD16 -me --define=ccs="ccs" --define=PART_TM4C123GH6PM -g --gcc --diag_warning=225 --diag_wrap=off --display_error_number --abi=eabi -z -m"Group25_Task1.map" --heap_size=0 --stack_size=512 -i"/Applications/ti/ccs1271/ccs/tools/compiler/ti-cgt-arm_20.2.7.LTS/lib" -i"/Applications/ti/ccs1271/ccs/tools/compiler/ti-cgt-arm_20.2.7.LTS/include" --reread_libs --diag_wrap=off --display_error_number --warn_sections --xml_link_info="Group25_Task1_linkInfo.xml" --rom_model -o "Group25_Task1.out" "./Group25_Task1.obj" "./tm4c123gh6pm_startup_ccs.obj" "../tm4c123gh6pm.cmd"  -llibc.a 
<Linking>
Finished building target: "Group25_Task1.out"
 

**** Build Finished ****

**** Build of configuration Debug for project Group25_Task1 ****

/Applications/ti/ccs1271/ccs/utils/bin/gmake -k -j 7 all -O 
 
gmake[1]: 'Group25_Task1.out' is up to date.

**** Build Finished ****

**** Build of configuration Debug for project Group25_Task1 ****

/Applications/ti/ccs1271/ccs/utils/bin/gmake -k -j 7 all -O 
 
Building file: "../Group25_Task1.c"
Invoking: Arm Compiler
"/Applications/ti/ccs1271/ccs/tools/compiler/ti-cgt-arm_20.2.7.LTS/bin/armcl" -mv7M4 --code_state=16 --float_support=FPv4SPD16 -me --include_path="/Users/yashmanojmeshram/Desktop/ /sem 7/Embedded Systems/CCS Projects/Lab1/Group25_Task1" --include_path="/Applications/ti/ccs1271/ccs/tools/compiler/ti-cgt-arm_20.2.7.LTS/include" --define=ccs="ccs" --define=PART_TM4C123GH6PM -g --gcc --diag_warning=225 --diag_wrap=off --display_error_number --abi=eabi --preproc_with_compile --preproc_dependency="Group25_Task1.d_raw"  "../Group25_Task1.c"
Finished building: "../Group25_Task1.c"
 
Building target: "Group25_Task1.out"
Invoking: Arm Linker
"/Applications/ti/ccs1271/ccs/tools/compiler/ti-cgt-arm_20.2.7.LTS/bin/armcl" -mv7M4 --code_state=16 --float_support=FPv4SPD16 -me --define=ccs="ccs" --define=PART_TM4C123GH6PM -g --gcc --diag_warning=225 --diag_wrap=off --display_error_number --abi=eabi -z -m"Group25_Task1.map" --heap_size=0 --stack_size=512 -i"/Applications/ti/ccs1271/ccs/tools/compiler/ti-cgt-arm_20.2.7.LTS/lib" -i"/Applications/ti/ccs1271/ccs/tools/compiler/ti-cgt-arm_20.2.7.LTS/include" --reread_libs --diag_wrap=off --display_error_number --warn_sections --xml_link_info="Group25_Task1_linkInfo.xml" --rom_model -o "Group25_Task1.out" "./Group25_Task1.obj" "./tm4c123gh6pm_startup_ccs.obj" "../tm4c123gh6pm.cmd"  -llibc.a 
<Linking>
Finished building target: "Group25_Task1.out"
 

**** Build Finished ****

**** Build of configuration Debug for project Group25_Task1 ****

/Applications/ti/ccs1271/ccs/utils/bin/gmake -k -j 7 all -O 
 
gmake[1]: 'Group25_Task1.out' is up to date.

**** Build Finished ****

**** Build of configuration Debug for project Group25_Task1 ****

/Applications/ti/ccs1271/ccs/utils/bin/gmake -k -j 7 all -O 
 
gmake[1]: 'Group25_Task1.out' is up to date.

**** Build Finished ****

**** Build of configuration Debug for project Group25_Task1 ****

/Applications/ti/ccs1271/ccs/utils/bin/gmake -k -j 7 all -O 
 
Building file: "../Group25_Task1.c"
Invoking: Arm Compiler
"/Applications/ti/ccs1271/ccs/tools/compiler/ti-cgt-arm_20.2.7.LTS/bin/armcl" -mv7M4 --code_state=16 --float_support=FPv4SPD16 -me --include_path="/Users/yashmanojmeshram/Desktop/ /sem 7/Embedded Systems/CCS Projects/Lab1/Group25_Task1" --include_path="/Applications/ti/ccs1271/ccs/tools/compiler/ti-cgt-arm_20.2.7.LTS/include" --define=ccs="ccs" --define=PART_TM4C123GH6PM -g --gcc --diag_warning=225 --diag_wrap=off --display_error_number --abi=eabi --preproc_with_compile --preproc_dependency="Group25_Task1.d_raw"  "../Group25_Task1.c"
 
>> Compilation failure
subdir_rules.mk:7: recipe for target 'Group25_Task1.obj' failed
"../Group25_Task1.c", line 1: fatal error #13: expected a file name
1 catastrophic error detected in the compilation of "../Group25_Task1.c".
Compilation terminated.
gmake: *** [Group25_Task1.obj] Error 1
gmake: Target 'all' not remade because of errors.

**** Build Finished ****

**** Build of configuration Debug for project Group25_Task1 ****

/Applications/ti/ccs1271/ccs/utils/bin/gmake -k -j 7 all -O 
 
Building file: "../Group25_Task1.c"
Invoking: Arm Compiler
"/Applications/ti/ccs1271/ccs/tools/compiler/ti-cgt-arm_20.2.7.LTS/bin/armcl" -mv7M4 --code_state=16 --float_support=FPv4SPD16 -me --include_path="/Users/yashmanojmeshram/Desktop/ /sem 7/Embedded Systems/CCS Projects/Lab1/Group25_Task1" --include_path="/Applications/ti/ccs1271/ccs/tools/compiler/ti-cgt-arm_20.2.7.LTS/include" --define=ccs="ccs" --define=PART_TM4C123GH6PM -g --gcc --diag_warning=225 --diag_wrap=off --display_error_number --abi=eabi --preproc_with_compile --preproc_dependency="Group25_Task1.d_raw"  "../Group25_Task1.c"
 
>> Compilation failure
subdir_rules.mk:7: recipe for target 'Group25_Task1.obj' failed
"../Group25_Task1.c", line 31: error #20: identifier "uint32_t" is undefined
"../Group25_Task1.c", line 32: error #20: identifier "uint32_t" is undefined
"../Group25_Task1.c", line 33: error #20: identifier "uint32_t" is undefined
"../Group25_Task1.c", line 34: error #20: identifier "uint32_t" is undefined
"../Group25_Task1.c", line 35: error #20: identifier "uint32_t" is undefined
"../Group25_Task1.c", line 36: error #20: identifier "uint32_t" is undefined
"../Group25_Task1.c", line 39: error #20: identifier "uint32_t" is undefined
"../Group25_Task1.c", line 41: error #20: identifier "uint32_t" is undefined
8 errors detected in the compilation of "../Group25_Task1.c".
gmake: *** [Group25_Task1.obj] Error 1
gmake: Target 'all' not remade because of errors.

**** Build Finished ****

**** Build of configuration Debug for project Group25_Task1 ****

/Applications/ti/ccs1271/ccs/utils/bin/gmake -k -j 7 all -O 
 
Building file: "../Group25_Task1.c"
Invoking: Arm Compiler
"/Applications/ti/ccs1271/ccs/tools/compiler/ti-cgt-arm_20.2.7.LTS/bin/armcl" -mv7M4 --code_state=16 --float_support=FPv4SPD16 -me --include_path="/Users/yashmanojmeshram/Desktop/ /sem 7/Embedded Systems/CCS Projects/Lab1/Group25_Task1" --include_path="/Applications/ti/ccs1271/ccs/tools/compiler/ti-cgt-arm_20.2.7.LTS/include" --define=ccs="ccs" --define=PART_TM4C123GH6PM -g --gcc --diag_warning=225 --diag_wrap=off --display_error_number --abi=eabi --preproc_with_compile --preproc_dependency="Group25_Task1.d_raw"  "../Group25_Task1.c"
Finished building: "../Group25_Task1.c"
 
Building target: "Group25_Task1.out"
Invoking: Arm Linker
"/Applications/ti/ccs1271/ccs/tools/compiler/ti-cgt-arm_20.2.7.LTS/bin/armcl" -mv7M4 --code_state=16 --float_support=FPv4SPD16 -me --define=ccs="ccs" --define=PART_TM4C123GH6PM -g --gcc --diag_warning=225 --diag_wrap=off --display_error_number --abi=eabi -z -m"Group25_Task1.map" --heap_size=0 --stack_size=512 -i"/Applications/ti/ccs1271/ccs/tools/compiler/ti-cgt-arm_20.2.7.LTS/lib" -i"/Applications/ti/ccs1271/ccs/tools/compiler/ti-cgt-arm_20.2.7.LTS/include" --reread_libs --diag_wrap=off --display_error_number --warn_sections --xml_link_info="Group25_Task1_linkInfo.xml" --rom_model -o "Group25_Task1.out" "./Group25_Task1.obj" "./tm4c123gh6pm_startup_ccs.obj" "../tm4c123gh6pm.cmd"  -llibc.a 
<Linking>
Finished building target: "Group25_Task1.out"
 

**** Build Finished ****
